CRITICAL - 2025-12-12 11:29:22 --> ParseError: syntax error, unexpected token "=>"
[Method: GET, Route: ajax/profile/get-punching-reports]
in APPPATH\Pipes\RecalculateForHeuer.php on line 517.
 1 VENDORPATH\composer\ClassLoader.php(427): Composer\Autoload\{closure}('D:\\LOCALHOST\\hrm.healthgenie\\vendor\\composer/../../app\\Pipes\\RecalculateForHeuer.php')
 2 APPPATH\Libraries\Pipeline.php(30): Composer\Autoload\ClassLoader->loadClass('App\\Pipes\\RecalculateForHeuer')
 3 APPPATH\Pipes\ApplyAttendanceOverride.php(60): App\Libraries\Pipeline->App\Libraries\{closure}([...])
 4 APPPATH\Libraries\Pipeline.php(30): App\Pipes\ApplyAttendanceOverride->handle([...], Object(Closure))
 5 APPPATH\Pipes\SandwichSecondPass.php(23): App\Libraries\Pipeline->App\Libraries\{closure}([...])
 6 APPPATH\Libraries\Pipeline.php(30): App\Pipes\SandwichSecondPass->handle([...], Object(Closure))
 7 APPPATH\Pipes\LateComingAdjustment.php(677): App\Libraries\Pipeline->App\Libraries\{closure}([...])
 8 APPPATH\Libraries\Pipeline.php(30): App\Pipes\LateComingAdjustment->handle([...], Object(Closure))
 9 APPPATH\Pipes\ProcessAttendance.php(62): App\Libraries\Pipeline->App\Libraries\{closure}([...])
10 APPPATH\Libraries\Pipeline.php(30): App\Pipes\ProcessAttendance->handle([...], Object(Closure))
11 APPPATH\Pipes\GetAttendanceClean.php(33): App\Libraries\Pipeline->App\Libraries\{closure}([...])
12 APPPATH\Libraries\Pipeline.php(30): App\Pipes\GetAttendanceClean->handle([...], Object(Closure))
13 APPPATH\Pipes\ShiftRulesAndDetails.php(39): App\Libraries\Pipeline->App\Libraries\{closure}([...])
14 APPPATH\Libraries\Pipeline.php(30): App\Pipes\ShiftRulesAndDetails->handle([...], Object(Closure))
15 APPPATH\Pipes\BasicDetails.php(37): App\Libraries\Pipeline->App\Libraries\{closure}([...])
16 APPPATH\Libraries\Pipeline.php(30): App\Pipes\BasicDetails->handle([...], Object(Closure))
17 APPPATH\Libraries\Pipeline.php(36): App\Libraries\Pipeline->App\Libraries\{closure}([...])
18 APPPATH\Controllers\Attendance\Processor.php(74): App\Libraries\Pipeline->then(Object(Closure))
19 APPPATH\Controllers\Attendance\Processor.php(38): App\Controllers\Attendance\Processor::ProcessPunchingData('337', '2025-12-01', '2025-12-12', true)
20 APPPATH\Controllers\User\Profile.php(591): App\Controllers\Attendance\Processor::getProcessedPunchingData('337', '2025-12-01', '2025-12-12')
21 SYSTEMPATH\CodeIgniter.php(933): App\Controllers\User\Profile->getPunchingReports()
22 SYSTEMPATH\CodeIgniter.php(507): CodeIgniter\CodeIgniter->runController(Object(App\Controllers\User\Profile))
23 SYSTEMPATH\CodeIgniter.php(354): CodeIgniter\CodeIgniter->handleRequest(null, Object(Config\Cache), false)
24 SYSTEMPATH\Boot.php(363): CodeIgniter\CodeIgniter->run()
25 SYSTEMPATH\Boot.php(68): CodeIgniter\Boot::runCodeIgniter(Object(CodeIgniter\CodeIgniter))
26 FCPATH\index.php(56): CodeIgniter\Boot::bootWeb(Object(Config\Paths))
27 C:\Program Files\Herd\resources\app.asar.unpacked\resources\valet\server.php(139): require('D:\\LOCALHOST\\hrm.healthgenie\\public\\index.php')
CRITICAL - 2025-12-12 12:01:50 --> ErrorException: Undefined array key "balance_grace"
[Method: GET, Route: ajax/profile/get-punching-reports]
in APPPATH\Controllers\Attendance\Processor.php on line 78.
 1 APPPATH\Controllers\Attendance\Processor.php(78): CodeIgniter\Debug\Exceptions->errorHandler(2, 'Undefined array key "balance_grace"', 'D:\\LOCALHOST\\hrm.healthgenie\\app\\Controllers\\Attendance\\Processor.php', 78)
 2 APPPATH\Controllers\Attendance\Processor.php(38): App\Controllers\Attendance\Processor::ProcessPunchingData('385', '2025-12-01', '2025-12-12', true)
 3 APPPATH\Controllers\User\Profile.php(591): App\Controllers\Attendance\Processor::getProcessedPunchingData('385', '2025-12-01', '2025-12-12')
 4 SYSTEMPATH\CodeIgniter.php(933): App\Controllers\User\Profile->getPunchingReports()
 5 SYSTEMPATH\CodeIgniter.php(507): CodeIgniter\CodeIgniter->runController(Object(App\Controllers\User\Profile))
 6 SYSTEMPATH\CodeIgniter.php(354): CodeIgniter\CodeIgniter->handleRequest(null, Object(Config\Cache), false)
 7 SYSTEMPATH\Boot.php(363): CodeIgniter\CodeIgniter->run()
 8 SYSTEMPATH\Boot.php(68): CodeIgniter\Boot::runCodeIgniter(Object(CodeIgniter\CodeIgniter))
 9 FCPATH\index.php(56): CodeIgniter\Boot::bootWeb(Object(Config\Paths))
10 C:\Program Files\Herd\resources\app.asar.unpacked\resources\valet\server.php(139): require('D:\\LOCALHOST\\hrm.healthgenie\\public\\index.php')
CRITICAL - 2025-12-12 12:44:24 --> ErrorException: Undefined array key "punching_data"
[Method: GET, Route: ajax/profile/get-punching-reports]
in APPPATH\Controllers\Attendance\Processor.php on line 40.
 1 APPPATH\Controllers\Attendance\Processor.php(40): CodeIgniter\Debug\Exceptions->errorHandler(2, 'Undefined array key "punching_data"', 'D:\\LOCALHOST\\hrm.healthgenie\\app\\Controllers\\Attendance\\Processor.php', 40)
 2 APPPATH\Controllers\User\Profile.php(592): App\Controllers\Attendance\Processor::getProcessedPunchingData('385', '2025-12-01', '2025-12-12')
 3 SYSTEMPATH\CodeIgniter.php(933): App\Controllers\User\Profile->getPunchingReports()
 4 SYSTEMPATH\CodeIgniter.php(507): CodeIgniter\CodeIgniter->runController(Object(App\Controllers\User\Profile))
 5 SYSTEMPATH\CodeIgniter.php(354): CodeIgniter\CodeIgniter->handleRequest(null, Object(Config\Cache), false)
 6 SYSTEMPATH\Boot.php(363): CodeIgniter\CodeIgniter->run()
 7 SYSTEMPATH\Boot.php(68): CodeIgniter\Boot::runCodeIgniter(Object(CodeIgniter\CodeIgniter))
 8 FCPATH\index.php(56): CodeIgniter\Boot::bootWeb(Object(Config\Paths))
 9 C:\Program Files\Herd\resources\app.asar.unpacked\resources\valet\server.php(139): require('D:\\LOCALHOST\\hrm.healthgenie\\public\\index.php')
CRITICAL - 2025-12-12 12:44:36 --> ErrorException: Undefined array key "punching_data"
[Method: POST, Route: ajax/hr/employee/send-absent-without-leave-notification-heuer-only]
in APPPATH\Controllers\Attendance\Processor.php on line 40.
 1 APPPATH\Controllers\Attendance\Processor.php(40): CodeIgniter\Debug\Exceptions->errorHandler(2, 'Undefined array key "punching_data"', 'D:\\LOCALHOST\\hrm.healthgenie\\app\\Controllers\\Attendance\\Processor.php', 40)
 2 APPPATH\Controllers\Cron\ServerCron.php(82): App\Controllers\Attendance\Processor::getProcessedPunchingData('2', '2025-12-10', '2025-12-12')
 3 APPPATH\Controllers\Cron\ServerCron.php(297): App\Controllers\Cron\ServerCron->checkEmployeeAbseanceWithoutApplingLeave()
 4 SYSTEMPATH\CodeIgniter.php(933): App\Controllers\Cron\ServerCron->sendAbsentWithoutLeaveNotificationHeuerOnly()
 5 SYSTEMPATH\CodeIgniter.php(507): CodeIgniter\CodeIgniter->runController(Object(App\Controllers\Cron\ServerCron))
 6 SYSTEMPATH\CodeIgniter.php(354): CodeIgniter\CodeIgniter->handleRequest(null, Object(Config\Cache), false)
 7 SYSTEMPATH\Boot.php(363): CodeIgniter\CodeIgniter->run()
 8 SYSTEMPATH\Boot.php(68): CodeIgniter\Boot::runCodeIgniter(Object(CodeIgniter\CodeIgniter))
 9 FCPATH\index.php(56): CodeIgniter\Boot::bootWeb(Object(Config\Paths))
10 C:\Program Files\Herd\resources\app.asar.unpacked\resources\valet\server.php(139): require('D:\\LOCALHOST\\hrm.healthgenie\\public\\index.php')
CRITICAL - 2025-12-12 13:11:59 --> TypeError: App\Libraries\AttendanceProcessor::processAll(): Argument #3 ($employeeIds) must be of type ?array, string given, called in D:\LOCALHOST\hrm.healthgenie\app\Controllers\Attendance\Processor.php on line 41
[Method: GET, Route: ajax/profile/get-punching-reports]
in APPPATH\Libraries\AttendanceProcessor.php on line 22.
 1 APPPATH\Controllers\Attendance\Processor.php(41): App\Libraries\AttendanceProcessor->processAll(25, '2025-12', '40')
 2 APPPATH\Controllers\User\Profile.php(592): App\Controllers\Attendance\Processor::getProcessedPunchingData('40', '2025-12-01', '2025-12-12')
 3 SYSTEMPATH\CodeIgniter.php(933): App\Controllers\User\Profile->getPunchingReports()
 4 SYSTEMPATH\CodeIgniter.php(507): CodeIgniter\CodeIgniter->runController(Object(App\Controllers\User\Profile))
 5 SYSTEMPATH\CodeIgniter.php(354): CodeIgniter\CodeIgniter->handleRequest(null, Object(Config\Cache), false)
 6 SYSTEMPATH\Boot.php(363): CodeIgniter\CodeIgniter->run()
 7 SYSTEMPATH\Boot.php(68): CodeIgniter\Boot::runCodeIgniter(Object(CodeIgniter\CodeIgniter))
 8 FCPATH\index.php(56): CodeIgniter\Boot::bootWeb(Object(Config\Paths))
 9 C:\Program Files\Herd\resources\app.asar.unpacked\resources\valet\server.php(139): require('D:\\LOCALHOST\\hrm.healthgenie\\public\\index.php')
CRITICAL - 2025-12-12 13:12:12 --> TypeError: App\Libraries\AttendanceProcessor::processAll(): Argument #3 ($employeeIds) must be of type ?array, string given, called in D:\LOCALHOST\hrm.healthgenie\app\Controllers\Attendance\Processor.php on line 41
[Method: POST, Route: ajax/hr/employee/send-absent-without-leave-notification-heuer-only]
in APPPATH\Libraries\AttendanceProcessor.php on line 22.
 1 APPPATH\Controllers\Attendance\Processor.php(41): App\Libraries\AttendanceProcessor->processAll(25, '2025-12', '2')
 2 APPPATH\Controllers\Cron\ServerCron.php(82): App\Controllers\Attendance\Processor::getProcessedPunchingData('2', '2025-12-10', '2025-12-12')
 3 APPPATH\Controllers\Cron\ServerCron.php(297): App\Controllers\Cron\ServerCron->checkEmployeeAbseanceWithoutApplingLeave()
 4 SYSTEMPATH\CodeIgniter.php(933): App\Controllers\Cron\ServerCron->sendAbsentWithoutLeaveNotificationHeuerOnly()
 5 SYSTEMPATH\CodeIgniter.php(507): CodeIgniter\CodeIgniter->runController(Object(App\Controllers\Cron\ServerCron))
 6 SYSTEMPATH\CodeIgniter.php(354): CodeIgniter\CodeIgniter->handleRequest(null, Object(Config\Cache), false)
 7 SYSTEMPATH\Boot.php(363): CodeIgniter\CodeIgniter->run()
 8 SYSTEMPATH\Boot.php(68): CodeIgniter\Boot::runCodeIgniter(Object(CodeIgniter\CodeIgniter))
 9 FCPATH\index.php(56): CodeIgniter\Boot::bootWeb(Object(Config\Paths))
10 C:\Program Files\Herd\resources\app.asar.unpacked\resources\valet\server.php(139): require('D:\\LOCALHOST\\hrm.healthgenie\\public\\index.php')
CRITICAL - 2025-12-12 13:12:27 --> TypeError: App\Libraries\AttendanceProcessor::processAll(): Argument #3 ($employeeIds) must be of type ?array, string given, called in D:\LOCALHOST\hrm.healthgenie\app\Controllers\Attendance\Processor.php on line 41
[Method: GET, Route: ajax/profile/get-punching-reports]
in APPPATH\Libraries\AttendanceProcessor.php on line 22.
 1 APPPATH\Controllers\Attendance\Processor.php(41): App\Libraries\AttendanceProcessor->processAll(25, '2025-12', '40')
 2 APPPATH\Controllers\User\Profile.php(592): App\Controllers\Attendance\Processor::getProcessedPunchingData('40', '2025-12-01', '2025-12-12')
 3 SYSTEMPATH\CodeIgniter.php(933): App\Controllers\User\Profile->getPunchingReports()
 4 SYSTEMPATH\CodeIgniter.php(507): CodeIgniter\CodeIgniter->runController(Object(App\Controllers\User\Profile))
 5 SYSTEMPATH\CodeIgniter.php(354): CodeIgniter\CodeIgniter->handleRequest(null, Object(Config\Cache), false)
 6 SYSTEMPATH\Boot.php(363): CodeIgniter\CodeIgniter->run()
 7 SYSTEMPATH\Boot.php(68): CodeIgniter\Boot::runCodeIgniter(Object(CodeIgniter\CodeIgniter))
 8 FCPATH\index.php(56): CodeIgniter\Boot::bootWeb(Object(Config\Paths))
 9 C:\Program Files\Herd\resources\app.asar.unpacked\resources\valet\server.php(139): require('D:\\LOCALHOST\\hrm.healthgenie\\public\\index.php')
CRITICAL - 2025-12-12 13:12:41 --> TypeError: App\Libraries\AttendanceProcessor::processAll(): Argument #3 ($employeeIds) must be of type ?array, string given, called in D:\LOCALHOST\hrm.healthgenie\app\Controllers\Attendance\Processor.php on line 41
[Method: POST, Route: ajax/hr/employee/send-absent-without-leave-notification-heuer-only]
in APPPATH\Libraries\AttendanceProcessor.php on line 22.
 1 APPPATH\Controllers\Attendance\Processor.php(41): App\Libraries\AttendanceProcessor->processAll(25, '2025-12', '2')
 2 APPPATH\Controllers\Cron\ServerCron.php(82): App\Controllers\Attendance\Processor::getProcessedPunchingData('2', '2025-12-10', '2025-12-12')
 3 APPPATH\Controllers\Cron\ServerCron.php(297): App\Controllers\Cron\ServerCron->checkEmployeeAbseanceWithoutApplingLeave()
 4 SYSTEMPATH\CodeIgniter.php(933): App\Controllers\Cron\ServerCron->sendAbsentWithoutLeaveNotificationHeuerOnly()
 5 SYSTEMPATH\CodeIgniter.php(507): CodeIgniter\CodeIgniter->runController(Object(App\Controllers\Cron\ServerCron))
 6 SYSTEMPATH\CodeIgniter.php(354): CodeIgniter\CodeIgniter->handleRequest(null, Object(Config\Cache), false)
 7 SYSTEMPATH\Boot.php(363): CodeIgniter\CodeIgniter->run()
 8 SYSTEMPATH\Boot.php(68): CodeIgniter\Boot::runCodeIgniter(Object(CodeIgniter\CodeIgniter))
 9 FCPATH\index.php(56): CodeIgniter\Boot::bootWeb(Object(Config\Paths))
10 C:\Program Files\Herd\resources\app.asar.unpacked\resources\valet\server.php(139): require('D:\\LOCALHOST\\hrm.healthgenie\\public\\index.php')
CRITICAL - 2025-12-12 13:20:45 --> ErrorException: Maximum execution time of 300 seconds exceeded
[Method: GET, Route: /]
in SYSTEMPATH\Database\MySQLi\Connection.php on line 327.
 1 [internal function]: CodeIgniter\Debug\Exceptions->shutdownHandler()
CRITICAL - 2025-12-12 13:28:38 --> Error: Call to a member function getPost() on null
[Method: GET, Route: /]
in APPPATH\Controllers\Reports\FinalPaidDays.php on line 115.
 1 APPPATH\Controllers\User\Profile.php(63): App\Controllers\Reports\FinalPaidDays->loadFinalPaidDays(true)
 2 SYSTEMPATH\CodeIgniter.php(933): App\Controllers\User\Profile->index()
 3 SYSTEMPATH\CodeIgniter.php(507): CodeIgniter\CodeIgniter->runController(Object(App\Controllers\User\Profile))
 4 SYSTEMPATH\CodeIgniter.php(354): CodeIgniter\CodeIgniter->handleRequest(null, Object(Config\Cache), false)
 5 SYSTEMPATH\Boot.php(363): CodeIgniter\CodeIgniter->run()
 6 SYSTEMPATH\Boot.php(68): CodeIgniter\Boot::runCodeIgniter(Object(CodeIgniter\CodeIgniter))
 7 FCPATH\index.php(56): CodeIgniter\Boot::bootWeb(Object(Config\Paths))
 8 C:\Program Files\Herd\resources\app.asar.unpacked\resources\valet\server.php(139): require('D:\\LOCALHOST\\hrm.healthgenie\\public\\index.php')
CRITICAL - 2025-12-12 13:31:22 --> TypeError: in_array(): Argument #2 ($haystack) must be of type array, string given
[Method: GET, Route: /]
in APPPATH\Controllers\Reports\FinalPaidDays.php on line 152.
 1 APPPATH\Controllers\Reports\FinalPaidDays.php(152): in_array('all_employees', '40')
 2 APPPATH\Controllers\User\Profile.php(65): App\Controllers\Reports\FinalPaidDays->loadFinalPaidDays(true)
 3 SYSTEMPATH\CodeIgniter.php(933): App\Controllers\User\Profile->index()
 4 SYSTEMPATH\CodeIgniter.php(507): CodeIgniter\CodeIgniter->runController(Object(App\Controllers\User\Profile))
 5 SYSTEMPATH\CodeIgniter.php(354): CodeIgniter\CodeIgniter->handleRequest(null, Object(Config\Cache), false)
 6 SYSTEMPATH\Boot.php(363): CodeIgniter\CodeIgniter->run()
 7 SYSTEMPATH\Boot.php(68): CodeIgniter\Boot::runCodeIgniter(Object(CodeIgniter\CodeIgniter))
 8 FCPATH\index.php(56): CodeIgniter\Boot::bootWeb(Object(Config\Paths))
 9 C:\Program Files\Herd\resources\app.asar.unpacked\resources\valet\server.php(139): require('D:\\LOCALHOST\\hrm.healthgenie\\public\\index.php')
CRITICAL - 2025-12-12 13:42:18 --> TypeError: in_array(): Argument #2 ($haystack) must be of type array, int given
[Method: GET, Route: /]
in APPPATH\Controllers\Reports\FinalPaidDays.php on line 153.
 1 APPPATH\Controllers\Reports\FinalPaidDays.php(153): in_array('all_employees', 40)
 2 APPPATH\Controllers\User\Profile.php(57): App\Controllers\Reports\FinalPaidDays->loadFinalPaidDays([...], true)
 3 SYSTEMPATH\CodeIgniter.php(933): App\Controllers\User\Profile->index()
 4 SYSTEMPATH\CodeIgniter.php(507): CodeIgniter\CodeIgniter->runController(Object(App\Controllers\User\Profile))
 5 SYSTEMPATH\CodeIgniter.php(354): CodeIgniter\CodeIgniter->handleRequest(null, Object(Config\Cache), false)
 6 SYSTEMPATH\Boot.php(363): CodeIgniter\CodeIgniter->run()
 7 SYSTEMPATH\Boot.php(68): CodeIgniter\Boot::runCodeIgniter(Object(CodeIgniter\CodeIgniter))
 8 FCPATH\index.php(56): CodeIgniter\Boot::bootWeb(Object(Config\Paths))
 9 C:\Program Files\Herd\resources\app.asar.unpacked\resources\valet\server.php(139): require('D:\\LOCALHOST\\hrm.healthgenie\\public\\index.php')
CRITICAL - 2025-12-12 17:33:18 --> ErrorException: Undefined array key "INTime"
[Method: GET, Route: /]
in APPPATH\Helpers\Config_defaults_helper.php on line 812.
 1 APPPATH\Helpers\Config_defaults_helper.php(812): CodeIgniter\Debug\Exceptions->errorHandler(2, 'Undefined array key "INTime"', 'D:\\LOCALHOST\\hrm.healthgenie\\app\\Helpers\\Config_defaults_helper.php', 812)
 2 APPPATH\Controllers\User\Profile.php(113): getLateMinutes([...], '2025-11-27', '2025-12-12')
 3 SYSTEMPATH\CodeIgniter.php(933): App\Controllers\User\Profile->index()
 4 SYSTEMPATH\CodeIgniter.php(507): CodeIgniter\CodeIgniter->runController(Object(App\Controllers\User\Profile))
 5 SYSTEMPATH\CodeIgniter.php(354): CodeIgniter\CodeIgniter->handleRequest(null, Object(Config\Cache), false)
 6 SYSTEMPATH\Boot.php(363): CodeIgniter\CodeIgniter->run()
 7 SYSTEMPATH\Boot.php(68): CodeIgniter\Boot::runCodeIgniter(Object(CodeIgniter\CodeIgniter))
 8 FCPATH\index.php(56): CodeIgniter\Boot::bootWeb(Object(Config\Paths))
 9 C:\Program Files\Herd\resources\app.asar.unpacked\resources\valet\server.php(139): require('D:\\LOCALHOST\\hrm.healthgenie\\public\\index.php')
CRITICAL - 2025-12-12 17:47:22 --> ErrorException: Undefined array key "date"
[Method: GET, Route: ajax/profile/get-punching-reports]
in APPPATH\Controllers\User\Profile.php on line 626.
 1 APPPATH\Controllers\User\Profile.php(626): CodeIgniter\Debug\Exceptions->errorHandler(2, 'Undefined array key "date"', 'D:\\LOCALHOST\\hrm.healthgenie\\app\\Controllers\\User\\Profile.php', 626)
 2 SYSTEMPATH\CodeIgniter.php(933): App\Controllers\User\Profile->getPunchingReports()
 3 SYSTEMPATH\CodeIgniter.php(507): CodeIgniter\CodeIgniter->runController(Object(App\Controllers\User\Profile))
 4 SYSTEMPATH\CodeIgniter.php(354): CodeIgniter\CodeIgniter->handleRequest(null, Object(Config\Cache), false)
 5 SYSTEMPATH\Boot.php(363): CodeIgniter\CodeIgniter->run()
 6 SYSTEMPATH\Boot.php(68): CodeIgniter\Boot::runCodeIgniter(Object(CodeIgniter\CodeIgniter))
 7 FCPATH\index.php(56): CodeIgniter\Boot::bootWeb(Object(Config\Paths))
 8 C:\Program Files\Herd\resources\app.asar.unpacked\resources\valet\server.php(139): require('D:\\LOCALHOST\\hrm.healthgenie\\public\\index.php')
CRITICAL - 2025-12-12 17:47:52 --> ErrorException: Undefined array key "date"
[Method: GET, Route: ajax/profile/get-punching-reports]
in APPPATH\Controllers\User\Profile.php on line 626.
 1 APPPATH\Controllers\User\Profile.php(626): CodeIgniter\Debug\Exceptions->errorHandler(2, 'Undefined array key "date"', 'D:\\LOCALHOST\\hrm.healthgenie\\app\\Controllers\\User\\Profile.php', 626)
 2 SYSTEMPATH\CodeIgniter.php(933): App\Controllers\User\Profile->getPunchingReports()
 3 SYSTEMPATH\CodeIgniter.php(507): CodeIgniter\CodeIgniter->runController(Object(App\Controllers\User\Profile))
 4 SYSTEMPATH\CodeIgniter.php(354): CodeIgniter\CodeIgniter->handleRequest(null, Object(Config\Cache), false)
 5 SYSTEMPATH\Boot.php(363): CodeIgniter\CodeIgniter->run()
 6 SYSTEMPATH\Boot.php(68): CodeIgniter\Boot::runCodeIgniter(Object(CodeIgniter\CodeIgniter))
 7 FCPATH\index.php(56): CodeIgniter\Boot::bootWeb(Object(Config\Paths))
 8 C:\Program Files\Herd\resources\app.asar.unpacked\resources\valet\server.php(139): require('D:\\LOCALHOST\\hrm.healthgenie\\public\\index.php')
CRITICAL - 2025-12-12 17:54:56 --> ErrorException: Undefined array key "is_weekoff"
[Method: GET, Route: ajax/profile/get-punching-reports]
in APPPATH\Controllers\User\Profile.php on line 633.
 1 APPPATH\Controllers\User\Profile.php(633): CodeIgniter\Debug\Exceptions->errorHandler(2, 'Undefined array key "is_weekoff"', 'D:\\LOCALHOST\\hrm.healthgenie\\app\\Controllers\\User\\Profile.php', 633)
 2 SYSTEMPATH\CodeIgniter.php(933): App\Controllers\User\Profile->getPunchingReports()
 3 SYSTEMPATH\CodeIgniter.php(507): CodeIgniter\CodeIgniter->runController(Object(App\Controllers\User\Profile))
 4 SYSTEMPATH\CodeIgniter.php(354): CodeIgniter\CodeIgniter->handleRequest(null, Object(Config\Cache), false)
 5 SYSTEMPATH\Boot.php(363): CodeIgniter\CodeIgniter->run()
 6 SYSTEMPATH\Boot.php(68): CodeIgniter\Boot::runCodeIgniter(Object(CodeIgniter\CodeIgniter))
 7 FCPATH\index.php(56): CodeIgniter\Boot::bootWeb(Object(Config\Paths))
 8 C:\Program Files\Herd\resources\app.asar.unpacked\resources\valet\server.php(139): require('D:\\LOCALHOST\\hrm.healthgenie\\public\\index.php')
CRITICAL - 2025-12-12 18:06:02 --> ErrorException: Undefined array key "is_weekoff"
[Method: GET, Route: ajax/profile/get-punching-reports]
in APPPATH\Controllers\User\Profile.php on line 630.
 1 APPPATH\Controllers\User\Profile.php(630): CodeIgniter\Debug\Exceptions->errorHandler(2, 'Undefined array key "is_weekoff"', 'D:\\LOCALHOST\\hrm.healthgenie\\app\\Controllers\\User\\Profile.php', 630)
 2 SYSTEMPATH\CodeIgniter.php(933): App\Controllers\User\Profile->getPunchingReports()
 3 SYSTEMPATH\CodeIgniter.php(507): CodeIgniter\CodeIgniter->runController(Object(App\Controllers\User\Profile))
 4 SYSTEMPATH\CodeIgniter.php(354): CodeIgniter\CodeIgniter->handleRequest(null, Object(Config\Cache), false)
 5 SYSTEMPATH\Boot.php(363): CodeIgniter\CodeIgniter->run()
 6 SYSTEMPATH\Boot.php(68): CodeIgniter\Boot::runCodeIgniter(Object(CodeIgniter\CodeIgniter))
 7 FCPATH\index.php(56): CodeIgniter\Boot::bootWeb(Object(Config\Paths))
 8 C:\Program Files\Herd\resources\app.asar.unpacked\resources\valet\server.php(139): require('D:\\LOCALHOST\\hrm.healthgenie\\public\\index.php')
CRITICAL - 2025-12-12 18:08:25 --> ErrorException: Undefined array key "weekoff"
[Method: GET, Route: ajax/profile/get-punching-reports]
in APPPATH\Pipes\AttendanceProcessor\ProcessorHelper.php on line 555.
 1 APPPATH\Pipes\AttendanceProcessor\ProcessorHelper.php(555): CodeIgniter\Debug\Exceptions->errorHandler(2, 'Undefined array key "weekoff"', 'D:\\LOCALHOST\\hrm.healthgenie\\app\\Pipes\\AttendanceProcessor\\ProcessorHelper.php', 555)
 2 APPPATH\Controllers\Attendance\Processor.php(61): App\Pipes\AttendanceProcessor\ProcessorHelper::is_weekoff(null, '2025-12-01')
 3 APPPATH\Controllers\User\Profile.php(624): App\Controllers\Attendance\Processor::getProcessedPunchingDataProfile('337', '2025-12-01', '2025-12-12')
 4 SYSTEMPATH\CodeIgniter.php(933): App\Controllers\User\Profile->getPunchingReports()
 5 SYSTEMPATH\CodeIgniter.php(507): CodeIgniter\CodeIgniter->runController(Object(App\Controllers\User\Profile))
 6 SYSTEMPATH\CodeIgniter.php(354): CodeIgniter\CodeIgniter->handleRequest(null, Object(Config\Cache), false)
 7 SYSTEMPATH\Boot.php(363): CodeIgniter\CodeIgniter->run()
 8 SYSTEMPATH\Boot.php(68): CodeIgniter\Boot::runCodeIgniter(Object(CodeIgniter\CodeIgniter))
 9 FCPATH\index.php(56): CodeIgniter\Boot::bootWeb(Object(Config\Paths))
10 C:\Program Files\Herd\resources\app.asar.unpacked\resources\valet\server.php(139): require('D:\\LOCALHOST\\hrm.healthgenie\\public\\index.php')
CRITICAL - 2025-12-12 18:08:46 --> ErrorException: Undefined array key "weekoff"
[Method: GET, Route: ajax/profile/get-punching-reports]
in APPPATH\Pipes\AttendanceProcessor\ProcessorHelper.php on line 555.
 1 APPPATH\Pipes\AttendanceProcessor\ProcessorHelper.php(555): CodeIgniter\Debug\Exceptions->errorHandler(2, 'Undefined array key "weekoff"', 'D:\\LOCALHOST\\hrm.healthgenie\\app\\Pipes\\AttendanceProcessor\\ProcessorHelper.php', 555)
 2 APPPATH\Controllers\Attendance\Processor.php(61): App\Pipes\AttendanceProcessor\ProcessorHelper::is_weekoff(null, '2025-12-01')
 3 APPPATH\Controllers\User\Profile.php(624): App\Controllers\Attendance\Processor::getProcessedPunchingDataProfile('337', '2025-12-01', '2025-12-12')
 4 SYSTEMPATH\CodeIgniter.php(933): App\Controllers\User\Profile->getPunchingReports()
 5 SYSTEMPATH\CodeIgniter.php(507): CodeIgniter\CodeIgniter->runController(Object(App\Controllers\User\Profile))
 6 SYSTEMPATH\CodeIgniter.php(354): CodeIgniter\CodeIgniter->handleRequest(null, Object(Config\Cache), false)
 7 SYSTEMPATH\Boot.php(363): CodeIgniter\CodeIgniter->run()
 8 SYSTEMPATH\Boot.php(68): CodeIgniter\Boot::runCodeIgniter(Object(CodeIgniter\CodeIgniter))
 9 FCPATH\index.php(56): CodeIgniter\Boot::bootWeb(Object(Config\Paths))
10 C:\Program Files\Herd\resources\app.asar.unpacked\resources\valet\server.php(139): require('D:\\LOCALHOST\\hrm.healthgenie\\public\\index.php')
CRITICAL - 2025-12-12 18:11:45 --> ErrorException: Undefined array key "weekoff"
[Method: GET, Route: ajax/profile/get-punching-reports]
in APPPATH\Pipes\AttendanceProcessor\ProcessorHelper.php on line 555.
 1 APPPATH\Pipes\AttendanceProcessor\ProcessorHelper.php(555): CodeIgniter\Debug\Exceptions->errorHandler(2, 'Undefined array key "weekoff"', 'D:\\LOCALHOST\\hrm.healthgenie\\app\\Pipes\\AttendanceProcessor\\ProcessorHelper.php', 555)
 2 APPPATH\Controllers\Attendance\Processor.php(59): App\Pipes\AttendanceProcessor\ProcessorHelper::is_weekoff(null, '2025-12-01')
 3 APPPATH\Controllers\User\Profile.php(624): App\Controllers\Attendance\Processor::getProcessedPunchingDataProfile('337', '2025-12-01', '2025-12-12')
 4 SYSTEMPATH\CodeIgniter.php(933): App\Controllers\User\Profile->getPunchingReports()
 5 SYSTEMPATH\CodeIgniter.php(507): CodeIgniter\CodeIgniter->runController(Object(App\Controllers\User\Profile))
 6 SYSTEMPATH\CodeIgniter.php(354): CodeIgniter\CodeIgniter->handleRequest(null, Object(Config\Cache), false)
 7 SYSTEMPATH\Boot.php(363): CodeIgniter\CodeIgniter->run()
 8 SYSTEMPATH\Boot.php(68): CodeIgniter\Boot::runCodeIgniter(Object(CodeIgniter\CodeIgniter))
 9 FCPATH\index.php(56): CodeIgniter\Boot::bootWeb(Object(Config\Paths))
10 C:\Program Files\Herd\resources\app.asar.unpacked\resources\valet\server.php(139): require('D:\\LOCALHOST\\hrm.healthgenie\\public\\index.php')
CRITICAL - 2025-12-12 18:13:14 --> ErrorException: Undefined array key "weekoff"
[Method: GET, Route: ajax/profile/get-punching-reports]
in APPPATH\Pipes\AttendanceProcessor\ProcessorHelper.php on line 555.
 1 APPPATH\Pipes\AttendanceProcessor\ProcessorHelper.php(555): CodeIgniter\Debug\Exceptions->errorHandler(2, 'Undefined array key "weekoff"', 'D:\\LOCALHOST\\hrm.healthgenie\\app\\Pipes\\AttendanceProcessor\\ProcessorHelper.php', 555)
 2 APPPATH\Controllers\Attendance\Processor.php(61): App\Pipes\AttendanceProcessor\ProcessorHelper::is_weekoff(null, '2025-12-01')
 3 APPPATH\Controllers\User\Profile.php(624): App\Controllers\Attendance\Processor::getProcessedPunchingDataProfile('337', '2025-12-01', '2025-12-12')
 4 SYSTEMPATH\CodeIgniter.php(933): App\Controllers\User\Profile->getPunchingReports()
 5 SYSTEMPATH\CodeIgniter.php(507): CodeIgniter\CodeIgniter->runController(Object(App\Controllers\User\Profile))
 6 SYSTEMPATH\CodeIgniter.php(354): CodeIgniter\CodeIgniter->handleRequest(null, Object(Config\Cache), false)
 7 SYSTEMPATH\Boot.php(363): CodeIgniter\CodeIgniter->run()
 8 SYSTEMPATH\Boot.php(68): CodeIgniter\Boot::runCodeIgniter(Object(CodeIgniter\CodeIgniter))
 9 FCPATH\index.php(56): CodeIgniter\Boot::bootWeb(Object(Config\Paths))
10 C:\Program Files\Herd\resources\app.asar.unpacked\resources\valet\server.php(139): require('D:\\LOCALHOST\\hrm.healthgenie\\public\\index.php')
