CRITICAL - 2025-12-18 05:30:59 --> ParseError: syntax error, unexpected token "/"
[Method: GET, Route: backend/reports/final-paid-days/final-paid-days-sheet]
in APPPATH\Controllers\Reports\FinalPaidDays.php on line 831.
 1 VENDORPATH\composer\ClassLoader.php(427): Composer\Autoload\{closure}('D:\\LOCALHOST\\hrm.healthgenie\\vendor\\composer/../../app/Controllers/Reports/FinalPaidDays.php')
 2 [internal function]: Composer\Autoload\ClassLoader->loadClass('App\\Controllers\\Reports\\FinalPaidDays')
 3 SYSTEMPATH\CodeIgniter.php(885): class_exists('\\App\\Controllers\\Reports\\FinalPaidDays', true)
 4 SYSTEMPATH\CodeIgniter.php(494): CodeIgniter\CodeIgniter->startController()
 5 SYSTEMPATH\CodeIgniter.php(354): CodeIgniter\CodeIgniter->handleRequest(null, Object(Config\Cache), false)
 6 SYSTEMPATH\Boot.php(363): CodeIgniter\CodeIgniter->run()
 7 SYSTEMPATH\Boot.php(68): CodeIgniter\Boot::runCodeIgniter(Object(CodeIgniter\CodeIgniter))
 8 FCPATH\index.php(56): CodeIgniter\Boot::bootWeb(Object(Config\Paths))
 9 C:\Program Files\Herd\resources\app.asar.unpacked\resources\valet\server.php(139): require('D:\\LOCALHOST\\hrm.healthgenie\\public\\index.php')
ERROR - 2025-12-18 13:12:34 --> Email: sendWithMail throwed ErrorException: mail(): Failed to connect to mailserver at &quot;localhost&quot; port 25, verify your &quot;SMTP&quot; and &quot;smtp_port&quot; setting in php.ini or use ini_set() in D:\LOCALHOST\hrm.healthgenie\vendor\codeigniter4\framework\system\Email\Email.php:1771
Stack trace:
#0 [internal function]: CodeIgniter\Debug\Exceptions->errorHandler(2, 'mail(): Failed ...', 'D:\\LOCALHOST\\hr...', 1771)
#1 D:\LOCALHOST\hrm.healthgenie\vendor\codeigniter4\framework\system\Email\Email.php(1771): mail('payroll1@gstc.c...', '=?UTF-8?Q?Absen...', '\r\n             ...', 'Date: Thu, 18 D...', '-f app.hrm@heal...')
#2 D:\LOCALHOST\hrm.healthgenie\vendor\codeigniter4\framework\system\Email\Email.php(1703): CodeIgniter\Email\Email->sendWithMail()
#3 D:\LOCALHOST\hrm.healthgenie\vendor\codeigniter4\framework\system\Email\Email.php(1597): CodeIgniter\Email\Email->spoolEmail()
#4 D:\LOCALHOST\hrm.healthgenie\app\Controllers\Cron\ServerCron.php(273): CodeIgniter\Email\Email->send()
#5 D:\LOCALHOST\hrm.healthgenie\vendor\codeigniter4\framework\system\CodeIgniter.php(933): App\Controllers\Cron\ServerCron->sendAbsentWithoutLeaveNotification()
#6 D:\LOCALHOST\hrm.healthgenie\vendor\codeigniter4\framework\system\CodeIgniter.php(507): CodeIgniter\CodeIgniter->runController(Object(App\Controllers\Cron\ServerCron))
#7 D:\LOCALHOST\hrm.healthgenie\vendor\codeigniter4\framework\system\CodeIgniter.php(354): CodeIgniter\CodeIgniter->handleRequest(NULL, Object(Config\Cache), false)
#8 D:\LOCALHOST\hrm.healthgenie\vendor\codeigniter4\framework\system\Boot.php(363): CodeIgniter\CodeIgniter->run()
#9 D:\LOCALHOST\hrm.healthgenie\vendor\codeigniter4\framework\system\Boot.php(68): CodeIgniter\Boot::runCodeIgniter(Object(CodeIgniter\CodeIgniter))
#10 D:\LOCALHOST\hrm.healthgenie\public\index.php(56): CodeIgniter\Boot::bootWeb(Object(Config\Paths))
#11 C:\Program Files\Herd\resources\app.asar.unpacked\resources\valet\server.php(139): require('D:\\LOCALHOST\\hr...')
#12 {main}
ERROR - 2025-12-18 13:12:34 --> Email: Unable to send email using PHP mail(). Your server might not be configured to send mail using this method.
ERROR - 2025-12-18 13:12:34 --> 
ERROR - 2025-12-18 13:12:38 --> Email: sendWithMail throwed ErrorException: mail(): Failed to connect to mailserver at &quot;localhost&quot; port 25, verify your &quot;SMTP&quot; and &quot;smtp_port&quot; setting in php.ini or use ini_set() in D:\LOCALHOST\hrm.healthgenie\vendor\codeigniter4\framework\system\Email\Email.php:1771
Stack trace:
#0 [internal function]: CodeIgniter\Debug\Exceptions->errorHandler(2, 'mail(): Failed ...', 'D:\\LOCALHOST\\hr...', 1771)
#1 D:\LOCALHOST\hrm.healthgenie\vendor\codeigniter4\framework\system\Email\Email.php(1771): mail('hrd@heuerintern...', '=?UTF-8?Q?Absen...', '<div style="fon...', 'Date: Thu, 18 D...', '-f app.hrm@heal...')
#2 D:\LOCALHOST\hrm.healthgenie\vendor\codeigniter4\framework\system\Email\Email.php(1703): CodeIgniter\Email\Email->sendWithMail()
#3 D:\LOCALHOST\hrm.healthgenie\vendor\codeigniter4\framework\system\Email\Email.php(1597): CodeIgniter\Email\Email->spoolEmail()
#4 D:\LOCALHOST\hrm.healthgenie\app\Controllers\Cron\ServerCron.php(390): CodeIgniter\Email\Email->send()
#5 D:\LOCALHOST\hrm.healthgenie\vendor\codeigniter4\framework\system\CodeIgniter.php(933): App\Controllers\Cron\ServerCron->sendAbsentWithoutLeaveNotificationHeuerOnly()
#6 D:\LOCALHOST\hrm.healthgenie\vendor\codeigniter4\framework\system\CodeIgniter.php(507): CodeIgniter\CodeIgniter->runController(Object(App\Controllers\Cron\ServerCron))
#7 D:\LOCALHOST\hrm.healthgenie\vendor\codeigniter4\framework\system\CodeIgniter.php(354): CodeIgniter\CodeIgniter->handleRequest(NULL, Object(Config\Cache), false)
#8 D:\LOCALHOST\hrm.healthgenie\vendor\codeigniter4\framework\system\Boot.php(363): CodeIgniter\CodeIgniter->run()
#9 D:\LOCALHOST\hrm.healthgenie\vendor\codeigniter4\framework\system\Boot.php(68): CodeIgniter\Boot::runCodeIgniter(Object(CodeIgniter\CodeIgniter))
#10 D:\LOCALHOST\hrm.healthgenie\public\index.php(56): CodeIgniter\Boot::bootWeb(Object(Config\Paths))
#11 C:\Program Files\Herd\resources\app.asar.unpacked\resources\valet\server.php(139): require('D:\\LOCALHOST\\hr...')
#12 {main}
ERROR - 2025-12-18 13:12:38 --> Email: Unable to send email using PHP mail(). Your server might not be configured to send mail using this method.
ERROR - 2025-12-18 13:12:38 --> 
ERROR - 2025-12-18 13:16:00 --> Email: sendWithMail throwed ErrorException: mail(): Failed to connect to mailserver at &quot;localhost&quot; port 25, verify your &quot;SMTP&quot; and &quot;smtp_port&quot; setting in php.ini or use ini_set() in D:\LOCALHOST\hrm.healthgenie\vendor\codeigniter4\framework\system\Email\Email.php:1771
Stack trace:
#0 [internal function]: CodeIgniter\Debug\Exceptions->errorHandler(2, 'mail(): Failed ...', 'D:\\LOCALHOST\\hr...', 1771)
#1 D:\LOCALHOST\hrm.healthgenie\vendor\codeigniter4\framework\system\Email\Email.php(1771): mail('payroll1@gstc.c...', '=?UTF-8?Q?Absen...', '\r\n             ...', 'Date: Thu, 18 D...', '-f app.hrm@heal...')
#2 D:\LOCALHOST\hrm.healthgenie\vendor\codeigniter4\framework\system\Email\Email.php(1703): CodeIgniter\Email\Email->sendWithMail()
#3 D:\LOCALHOST\hrm.healthgenie\vendor\codeigniter4\framework\system\Email\Email.php(1597): CodeIgniter\Email\Email->spoolEmail()
#4 D:\LOCALHOST\hrm.healthgenie\app\Controllers\Cron\ServerCron.php(273): CodeIgniter\Email\Email->send()
#5 D:\LOCALHOST\hrm.healthgenie\vendor\codeigniter4\framework\system\CodeIgniter.php(933): App\Controllers\Cron\ServerCron->sendAbsentWithoutLeaveNotification()
#6 D:\LOCALHOST\hrm.healthgenie\vendor\codeigniter4\framework\system\CodeIgniter.php(507): CodeIgniter\CodeIgniter->runController(Object(App\Controllers\Cron\ServerCron))
#7 D:\LOCALHOST\hrm.healthgenie\vendor\codeigniter4\framework\system\CodeIgniter.php(354): CodeIgniter\CodeIgniter->handleRequest(NULL, Object(Config\Cache), false)
#8 D:\LOCALHOST\hrm.healthgenie\vendor\codeigniter4\framework\system\Boot.php(363): CodeIgniter\CodeIgniter->run()
#9 D:\LOCALHOST\hrm.healthgenie\vendor\codeigniter4\framework\system\Boot.php(68): CodeIgniter\Boot::runCodeIgniter(Object(CodeIgniter\CodeIgniter))
#10 D:\LOCALHOST\hrm.healthgenie\public\index.php(56): CodeIgniter\Boot::bootWeb(Object(Config\Paths))
#11 C:\Program Files\Herd\resources\app.asar.unpacked\resources\valet\server.php(139): require('D:\\LOCALHOST\\hr...')
#12 {main}
ERROR - 2025-12-18 13:16:00 --> Email: Unable to send email using PHP mail(). Your server might not be configured to send mail using this method.
ERROR - 2025-12-18 13:16:00 --> 
ERROR - 2025-12-18 13:16:06 --> Email: sendWithMail throwed ErrorException: mail(): Failed to connect to mailserver at &quot;localhost&quot; port 25, verify your &quot;SMTP&quot; and &quot;smtp_port&quot; setting in php.ini or use ini_set() in D:\LOCALHOST\hrm.healthgenie\vendor\codeigniter4\framework\system\Email\Email.php:1771
Stack trace:
#0 [internal function]: CodeIgniter\Debug\Exceptions->errorHandler(2, 'mail(): Failed ...', 'D:\\LOCALHOST\\hr...', 1771)
#1 D:\LOCALHOST\hrm.healthgenie\vendor\codeigniter4\framework\system\Email\Email.php(1771): mail('hrd@heuerintern...', '=?UTF-8?Q?Absen...', '<div style="fon...', 'Date: Thu, 18 D...', '-f app.hrm@heal...')
#2 D:\LOCALHOST\hrm.healthgenie\vendor\codeigniter4\framework\system\Email\Email.php(1703): CodeIgniter\Email\Email->sendWithMail()
#3 D:\LOCALHOST\hrm.healthgenie\vendor\codeigniter4\framework\system\Email\Email.php(1597): CodeIgniter\Email\Email->spoolEmail()
#4 D:\LOCALHOST\hrm.healthgenie\app\Controllers\Cron\ServerCron.php(390): CodeIgniter\Email\Email->send()
#5 D:\LOCALHOST\hrm.healthgenie\vendor\codeigniter4\framework\system\CodeIgniter.php(933): App\Controllers\Cron\ServerCron->sendAbsentWithoutLeaveNotificationHeuerOnly()
#6 D:\LOCALHOST\hrm.healthgenie\vendor\codeigniter4\framework\system\CodeIgniter.php(507): CodeIgniter\CodeIgniter->runController(Object(App\Controllers\Cron\ServerCron))
#7 D:\LOCALHOST\hrm.healthgenie\vendor\codeigniter4\framework\system\CodeIgniter.php(354): CodeIgniter\CodeIgniter->handleRequest(NULL, Object(Config\Cache), false)
#8 D:\LOCALHOST\hrm.healthgenie\vendor\codeigniter4\framework\system\Boot.php(363): CodeIgniter\CodeIgniter->run()
#9 D:\LOCALHOST\hrm.healthgenie\vendor\codeigniter4\framework\system\Boot.php(68): CodeIgniter\Boot::runCodeIgniter(Object(CodeIgniter\CodeIgniter))
#10 D:\LOCALHOST\hrm.healthgenie\public\index.php(56): CodeIgniter\Boot::bootWeb(Object(Config\Paths))
#11 C:\Program Files\Herd\resources\app.asar.unpacked\resources\valet\server.php(139): require('D:\\LOCALHOST\\hr...')
#12 {main}
ERROR - 2025-12-18 13:16:06 --> Email: Unable to send email using PHP mail(). Your server might not be configured to send mail using this method.
ERROR - 2025-12-18 13:16:06 --> 
ERROR - 2025-12-18 13:16:26 --> Email: sendWithMail throwed ErrorException: mail(): Failed to connect to mailserver at &quot;localhost&quot; port 25, verify your &quot;SMTP&quot; and &quot;smtp_port&quot; setting in php.ini or use ini_set() in D:\LOCALHOST\hrm.healthgenie\vendor\codeigniter4\framework\system\Email\Email.php:1771
Stack trace:
#0 [internal function]: CodeIgniter\Debug\Exceptions->errorHandler(2, 'mail(): Failed ...', 'D:\\LOCALHOST\\hr...', 1771)
#1 D:\LOCALHOST\hrm.healthgenie\vendor\codeigniter4\framework\system\Email\Email.php(1771): mail('payroll1@gstc.c...', '=?UTF-8?Q?Absen...', '\r\n             ...', 'Date: Thu, 18 D...', '-f app.hrm@heal...')
#2 D:\LOCALHOST\hrm.healthgenie\vendor\codeigniter4\framework\system\Email\Email.php(1703): CodeIgniter\Email\Email->sendWithMail()
#3 D:\LOCALHOST\hrm.healthgenie\vendor\codeigniter4\framework\system\Email\Email.php(1597): CodeIgniter\Email\Email->spoolEmail()
#4 D:\LOCALHOST\hrm.healthgenie\app\Controllers\Cron\ServerCron.php(273): CodeIgniter\Email\Email->send()
#5 D:\LOCALHOST\hrm.healthgenie\vendor\codeigniter4\framework\system\CodeIgniter.php(933): App\Controllers\Cron\ServerCron->sendAbsentWithoutLeaveNotification()
#6 D:\LOCALHOST\hrm.healthgenie\vendor\codeigniter4\framework\system\CodeIgniter.php(507): CodeIgniter\CodeIgniter->runController(Object(App\Controllers\Cron\ServerCron))
#7 D:\LOCALHOST\hrm.healthgenie\vendor\codeigniter4\framework\system\CodeIgniter.php(354): CodeIgniter\CodeIgniter->handleRequest(NULL, Object(Config\Cache), false)
#8 D:\LOCALHOST\hrm.healthgenie\vendor\codeigniter4\framework\system\Boot.php(363): CodeIgniter\CodeIgniter->run()
#9 D:\LOCALHOST\hrm.healthgenie\vendor\codeigniter4\framework\system\Boot.php(68): CodeIgniter\Boot::runCodeIgniter(Object(CodeIgniter\CodeIgniter))
#10 D:\LOCALHOST\hrm.healthgenie\public\index.php(56): CodeIgniter\Boot::bootWeb(Object(Config\Paths))
#11 C:\Program Files\Herd\resources\app.asar.unpacked\resources\valet\server.php(139): require('D:\\LOCALHOST\\hr...')
#12 {main}
ERROR - 2025-12-18 13:16:26 --> Email: Unable to send email using PHP mail(). Your server might not be configured to send mail using this method.
ERROR - 2025-12-18 13:16:26 --> 
ERROR - 2025-12-18 13:16:33 --> Email: sendWithMail throwed ErrorException: mail(): Failed to connect to mailserver at &quot;localhost&quot; port 25, verify your &quot;SMTP&quot; and &quot;smtp_port&quot; setting in php.ini or use ini_set() in D:\LOCALHOST\hrm.healthgenie\vendor\codeigniter4\framework\system\Email\Email.php:1771
Stack trace:
#0 [internal function]: CodeIgniter\Debug\Exceptions->errorHandler(2, 'mail(): Failed ...', 'D:\\LOCALHOST\\hr...', 1771)
#1 D:\LOCALHOST\hrm.healthgenie\vendor\codeigniter4\framework\system\Email\Email.php(1771): mail('hrd@heuerintern...', '=?UTF-8?Q?Absen...', '<div style="fon...', 'Date: Thu, 18 D...', '-f app.hrm@heal...')
#2 D:\LOCALHOST\hrm.healthgenie\vendor\codeigniter4\framework\system\Email\Email.php(1703): CodeIgniter\Email\Email->sendWithMail()
#3 D:\LOCALHOST\hrm.healthgenie\vendor\codeigniter4\framework\system\Email\Email.php(1597): CodeIgniter\Email\Email->spoolEmail()
#4 D:\LOCALHOST\hrm.healthgenie\app\Controllers\Cron\ServerCron.php(390): CodeIgniter\Email\Email->send()
#5 D:\LOCALHOST\hrm.healthgenie\vendor\codeigniter4\framework\system\CodeIgniter.php(933): App\Controllers\Cron\ServerCron->sendAbsentWithoutLeaveNotificationHeuerOnly()
#6 D:\LOCALHOST\hrm.healthgenie\vendor\codeigniter4\framework\system\CodeIgniter.php(507): CodeIgniter\CodeIgniter->runController(Object(App\Controllers\Cron\ServerCron))
#7 D:\LOCALHOST\hrm.healthgenie\vendor\codeigniter4\framework\system\CodeIgniter.php(354): CodeIgniter\CodeIgniter->handleRequest(NULL, Object(Config\Cache), false)
#8 D:\LOCALHOST\hrm.healthgenie\vendor\codeigniter4\framework\system\Boot.php(363): CodeIgniter\CodeIgniter->run()
#9 D:\LOCALHOST\hrm.healthgenie\vendor\codeigniter4\framework\system\Boot.php(68): CodeIgniter\Boot::runCodeIgniter(Object(CodeIgniter\CodeIgniter))
#10 D:\LOCALHOST\hrm.healthgenie\public\index.php(56): CodeIgniter\Boot::bootWeb(Object(Config\Paths))
#11 C:\Program Files\Herd\resources\app.asar.unpacked\resources\valet\server.php(139): require('D:\\LOCALHOST\\hr...')
#12 {main}
ERROR - 2025-12-18 13:16:33 --> Email: Unable to send email using PHP mail(). Your server might not be configured to send mail using this method.
ERROR - 2025-12-18 13:16:33 --> 
ERROR - 2025-12-18 13:18:38 --> Email: sendWithMail throwed ErrorException: mail(): Failed to connect to mailserver at &quot;localhost&quot; port 25, verify your &quot;SMTP&quot; and &quot;smtp_port&quot; setting in php.ini or use ini_set() in D:\LOCALHOST\hrm.healthgenie\vendor\codeigniter4\framework\system\Email\Email.php:1771
Stack trace:
#0 [internal function]: CodeIgniter\Debug\Exceptions->errorHandler(2, 'mail(): Failed ...', 'D:\\LOCALHOST\\hr...', 1771)
#1 D:\LOCALHOST\hrm.healthgenie\vendor\codeigniter4\framework\system\Email\Email.php(1771): mail('payroll1@gstc.c...', '=?UTF-8?Q?Absen...', '\r\n             ...', 'Date: Thu, 18 D...', '-f app.hrm@heal...')
#2 D:\LOCALHOST\hrm.healthgenie\vendor\codeigniter4\framework\system\Email\Email.php(1703): CodeIgniter\Email\Email->sendWithMail()
#3 D:\LOCALHOST\hrm.healthgenie\vendor\codeigniter4\framework\system\Email\Email.php(1597): CodeIgniter\Email\Email->spoolEmail()
#4 D:\LOCALHOST\hrm.healthgenie\app\Controllers\Cron\ServerCron.php(273): CodeIgniter\Email\Email->send()
#5 D:\LOCALHOST\hrm.healthgenie\vendor\codeigniter4\framework\system\CodeIgniter.php(933): App\Controllers\Cron\ServerCron->sendAbsentWithoutLeaveNotification()
#6 D:\LOCALHOST\hrm.healthgenie\vendor\codeigniter4\framework\system\CodeIgniter.php(507): CodeIgniter\CodeIgniter->runController(Object(App\Controllers\Cron\ServerCron))
#7 D:\LOCALHOST\hrm.healthgenie\vendor\codeigniter4\framework\system\CodeIgniter.php(354): CodeIgniter\CodeIgniter->handleRequest(NULL, Object(Config\Cache), false)
#8 D:\LOCALHOST\hrm.healthgenie\vendor\codeigniter4\framework\system\Boot.php(363): CodeIgniter\CodeIgniter->run()
#9 D:\LOCALHOST\hrm.healthgenie\vendor\codeigniter4\framework\system\Boot.php(68): CodeIgniter\Boot::runCodeIgniter(Object(CodeIgniter\CodeIgniter))
#10 D:\LOCALHOST\hrm.healthgenie\public\index.php(56): CodeIgniter\Boot::bootWeb(Object(Config\Paths))
#11 C:\Program Files\Herd\resources\app.asar.unpacked\resources\valet\server.php(139): require('D:\\LOCALHOST\\hr...')
#12 {main}
ERROR - 2025-12-18 13:18:38 --> Email: Unable to send email using PHP mail(). Your server might not be configured to send mail using this method.
ERROR - 2025-12-18 13:18:38 --> 
ERROR - 2025-12-18 13:18:41 --> Email: sendWithMail throwed ErrorException: mail(): Failed to connect to mailserver at &quot;localhost&quot; port 25, verify your &quot;SMTP&quot; and &quot;smtp_port&quot; setting in php.ini or use ini_set() in D:\LOCALHOST\hrm.healthgenie\vendor\codeigniter4\framework\system\Email\Email.php:1771
Stack trace:
#0 [internal function]: CodeIgniter\Debug\Exceptions->errorHandler(2, 'mail(): Failed ...', 'D:\\LOCALHOST\\hr...', 1771)
#1 D:\LOCALHOST\hrm.healthgenie\vendor\codeigniter4\framework\system\Email\Email.php(1771): mail('hrd@heuerintern...', '=?UTF-8?Q?Absen...', '<div style="fon...', 'Date: Thu, 18 D...', '-f app.hrm@heal...')
#2 D:\LOCALHOST\hrm.healthgenie\vendor\codeigniter4\framework\system\Email\Email.php(1703): CodeIgniter\Email\Email->sendWithMail()
#3 D:\LOCALHOST\hrm.healthgenie\vendor\codeigniter4\framework\system\Email\Email.php(1597): CodeIgniter\Email\Email->spoolEmail()
#4 D:\LOCALHOST\hrm.healthgenie\app\Controllers\Cron\ServerCron.php(390): CodeIgniter\Email\Email->send()
#5 D:\LOCALHOST\hrm.healthgenie\vendor\codeigniter4\framework\system\CodeIgniter.php(933): App\Controllers\Cron\ServerCron->sendAbsentWithoutLeaveNotificationHeuerOnly()
#6 D:\LOCALHOST\hrm.healthgenie\vendor\codeigniter4\framework\system\CodeIgniter.php(507): CodeIgniter\CodeIgniter->runController(Object(App\Controllers\Cron\ServerCron))
#7 D:\LOCALHOST\hrm.healthgenie\vendor\codeigniter4\framework\system\CodeIgniter.php(354): CodeIgniter\CodeIgniter->handleRequest(NULL, Object(Config\Cache), false)
#8 D:\LOCALHOST\hrm.healthgenie\vendor\codeigniter4\framework\system\Boot.php(363): CodeIgniter\CodeIgniter->run()
#9 D:\LOCALHOST\hrm.healthgenie\vendor\codeigniter4\framework\system\Boot.php(68): CodeIgniter\Boot::runCodeIgniter(Object(CodeIgniter\CodeIgniter))
#10 D:\LOCALHOST\hrm.healthgenie\public\index.php(56): CodeIgniter\Boot::bootWeb(Object(Config\Paths))
#11 C:\Program Files\Herd\resources\app.asar.unpacked\resources\valet\server.php(139): require('D:\\LOCALHOST\\hr...')
#12 {main}
ERROR - 2025-12-18 13:18:41 --> Email: Unable to send email using PHP mail(). Your server might not be configured to send mail using this method.
ERROR - 2025-12-18 13:18:41 --> 
ERROR - 2025-12-18 13:19:46 --> Email: sendWithMail throwed ErrorException: mail(): Failed to connect to mailserver at &quot;localhost&quot; port 25, verify your &quot;SMTP&quot; and &quot;smtp_port&quot; setting in php.ini or use ini_set() in D:\LOCALHOST\hrm.healthgenie\vendor\codeigniter4\framework\system\Email\Email.php:1771
Stack trace:
#0 [internal function]: CodeIgniter\Debug\Exceptions->errorHandler(2, 'mail(): Failed ...', 'D:\\LOCALHOST\\hr...', 1771)
#1 D:\LOCALHOST\hrm.healthgenie\vendor\codeigniter4\framework\system\Email\Email.php(1771): mail('payroll1@gstc.c...', '=?UTF-8?Q?Absen...', '\r\n             ...', 'Date: Thu, 18 D...', '-f app.hrm@heal...')
#2 D:\LOCALHOST\hrm.healthgenie\vendor\codeigniter4\framework\system\Email\Email.php(1703): CodeIgniter\Email\Email->sendWithMail()
#3 D:\LOCALHOST\hrm.healthgenie\vendor\codeigniter4\framework\system\Email\Email.php(1597): CodeIgniter\Email\Email->spoolEmail()
#4 D:\LOCALHOST\hrm.healthgenie\app\Controllers\Cron\ServerCron.php(273): CodeIgniter\Email\Email->send()
#5 D:\LOCALHOST\hrm.healthgenie\vendor\codeigniter4\framework\system\CodeIgniter.php(933): App\Controllers\Cron\ServerCron->sendAbsentWithoutLeaveNotification()
#6 D:\LOCALHOST\hrm.healthgenie\vendor\codeigniter4\framework\system\CodeIgniter.php(507): CodeIgniter\CodeIgniter->runController(Object(App\Controllers\Cron\ServerCron))
#7 D:\LOCALHOST\hrm.healthgenie\vendor\codeigniter4\framework\system\CodeIgniter.php(354): CodeIgniter\CodeIgniter->handleRequest(NULL, Object(Config\Cache), false)
#8 D:\LOCALHOST\hrm.healthgenie\vendor\codeigniter4\framework\system\Boot.php(363): CodeIgniter\CodeIgniter->run()
#9 D:\LOCALHOST\hrm.healthgenie\vendor\codeigniter4\framework\system\Boot.php(68): CodeIgniter\Boot::runCodeIgniter(Object(CodeIgniter\CodeIgniter))
#10 D:\LOCALHOST\hrm.healthgenie\public\index.php(56): CodeIgniter\Boot::bootWeb(Object(Config\Paths))
#11 C:\Program Files\Herd\resources\app.asar.unpacked\resources\valet\server.php(139): require('D:\\LOCALHOST\\hr...')
#12 {main}
ERROR - 2025-12-18 13:19:46 --> Email: Unable to send email using PHP mail(). Your server might not be configured to send mail using this method.
ERROR - 2025-12-18 13:19:46 --> 
ERROR - 2025-12-18 13:19:52 --> Email: sendWithMail throwed ErrorException: mail(): Failed to connect to mailserver at &quot;localhost&quot; port 25, verify your &quot;SMTP&quot; and &quot;smtp_port&quot; setting in php.ini or use ini_set() in D:\LOCALHOST\hrm.healthgenie\vendor\codeigniter4\framework\system\Email\Email.php:1771
Stack trace:
#0 [internal function]: CodeIgniter\Debug\Exceptions->errorHandler(2, 'mail(): Failed ...', 'D:\\LOCALHOST\\hr...', 1771)
#1 D:\LOCALHOST\hrm.healthgenie\vendor\codeigniter4\framework\system\Email\Email.php(1771): mail('hrd@heuerintern...', '=?UTF-8?Q?Absen...', '<div style="fon...', 'Date: Thu, 18 D...', '-f app.hrm@heal...')
#2 D:\LOCALHOST\hrm.healthgenie\vendor\codeigniter4\framework\system\Email\Email.php(1703): CodeIgniter\Email\Email->sendWithMail()
#3 D:\LOCALHOST\hrm.healthgenie\vendor\codeigniter4\framework\system\Email\Email.php(1597): CodeIgniter\Email\Email->spoolEmail()
#4 D:\LOCALHOST\hrm.healthgenie\app\Controllers\Cron\ServerCron.php(390): CodeIgniter\Email\Email->send()
#5 D:\LOCALHOST\hrm.healthgenie\vendor\codeigniter4\framework\system\CodeIgniter.php(933): App\Controllers\Cron\ServerCron->sendAbsentWithoutLeaveNotificationHeuerOnly()
#6 D:\LOCALHOST\hrm.healthgenie\vendor\codeigniter4\framework\system\CodeIgniter.php(507): CodeIgniter\CodeIgniter->runController(Object(App\Controllers\Cron\ServerCron))
#7 D:\LOCALHOST\hrm.healthgenie\vendor\codeigniter4\framework\system\CodeIgniter.php(354): CodeIgniter\CodeIgniter->handleRequest(NULL, Object(Config\Cache), false)
#8 D:\LOCALHOST\hrm.healthgenie\vendor\codeigniter4\framework\system\Boot.php(363): CodeIgniter\CodeIgniter->run()
#9 D:\LOCALHOST\hrm.healthgenie\vendor\codeigniter4\framework\system\Boot.php(68): CodeIgniter\Boot::runCodeIgniter(Object(CodeIgniter\CodeIgniter))
#10 D:\LOCALHOST\hrm.healthgenie\public\index.php(56): CodeIgniter\Boot::bootWeb(Object(Config\Paths))
#11 C:\Program Files\Herd\resources\app.asar.unpacked\resources\valet\server.php(139): require('D:\\LOCALHOST\\hr...')
#12 {main}
ERROR - 2025-12-18 13:19:52 --> Email: Unable to send email using PHP mail(). Your server might not be configured to send mail using this method.
ERROR - 2025-12-18 13:19:52 --> 
ERROR - 2025-12-18 13:21:12 --> Email: sendWithMail throwed ErrorException: mail(): Failed to connect to mailserver at &quot;localhost&quot; port 25, verify your &quot;SMTP&quot; and &quot;smtp_port&quot; setting in php.ini or use ini_set() in D:\LOCALHOST\hrm.healthgenie\vendor\codeigniter4\framework\system\Email\Email.php:1771
Stack trace:
#0 [internal function]: CodeIgniter\Debug\Exceptions->errorHandler(2, 'mail(): Failed ...', 'D:\\LOCALHOST\\hr...', 1771)
#1 D:\LOCALHOST\hrm.healthgenie\vendor\codeigniter4\framework\system\Email\Email.php(1771): mail('payroll1@gstc.c...', '=?UTF-8?Q?Absen...', '\r\n             ...', 'Date: Thu, 18 D...', '-f app.hrm@heal...')
#2 D:\LOCALHOST\hrm.healthgenie\vendor\codeigniter4\framework\system\Email\Email.php(1703): CodeIgniter\Email\Email->sendWithMail()
#3 D:\LOCALHOST\hrm.healthgenie\vendor\codeigniter4\framework\system\Email\Email.php(1597): CodeIgniter\Email\Email->spoolEmail()
#4 D:\LOCALHOST\hrm.healthgenie\app\Controllers\Cron\ServerCron.php(273): CodeIgniter\Email\Email->send()
#5 D:\LOCALHOST\hrm.healthgenie\vendor\codeigniter4\framework\system\CodeIgniter.php(933): App\Controllers\Cron\ServerCron->sendAbsentWithoutLeaveNotification()
#6 D:\LOCALHOST\hrm.healthgenie\vendor\codeigniter4\framework\system\CodeIgniter.php(507): CodeIgniter\CodeIgniter->runController(Object(App\Controllers\Cron\ServerCron))
#7 D:\LOCALHOST\hrm.healthgenie\vendor\codeigniter4\framework\system\CodeIgniter.php(354): CodeIgniter\CodeIgniter->handleRequest(NULL, Object(Config\Cache), false)
#8 D:\LOCALHOST\hrm.healthgenie\vendor\codeigniter4\framework\system\Boot.php(363): CodeIgniter\CodeIgniter->run()
#9 D:\LOCALHOST\hrm.healthgenie\vendor\codeigniter4\framework\system\Boot.php(68): CodeIgniter\Boot::runCodeIgniter(Object(CodeIgniter\CodeIgniter))
#10 D:\LOCALHOST\hrm.healthgenie\public\index.php(56): CodeIgniter\Boot::bootWeb(Object(Config\Paths))
#11 C:\Program Files\Herd\resources\app.asar.unpacked\resources\valet\server.php(139): require('D:\\LOCALHOST\\hr...')
#12 {main}
ERROR - 2025-12-18 13:21:12 --> Email: Unable to send email using PHP mail(). Your server might not be configured to send mail using this method.
ERROR - 2025-12-18 13:21:12 --> 
ERROR - 2025-12-18 13:21:20 --> Email: sendWithMail throwed ErrorException: mail(): Failed to connect to mailserver at &quot;localhost&quot; port 25, verify your &quot;SMTP&quot; and &quot;smtp_port&quot; setting in php.ini or use ini_set() in D:\LOCALHOST\hrm.healthgenie\vendor\codeigniter4\framework\system\Email\Email.php:1771
Stack trace:
#0 [internal function]: CodeIgniter\Debug\Exceptions->errorHandler(2, 'mail(): Failed ...', 'D:\\LOCALHOST\\hr...', 1771)
#1 D:\LOCALHOST\hrm.healthgenie\vendor\codeigniter4\framework\system\Email\Email.php(1771): mail('hrd@heuerintern...', '=?UTF-8?Q?Absen...', '<div style="fon...', 'Date: Thu, 18 D...', '-f app.hrm@heal...')
#2 D:\LOCALHOST\hrm.healthgenie\vendor\codeigniter4\framework\system\Email\Email.php(1703): CodeIgniter\Email\Email->sendWithMail()
#3 D:\LOCALHOST\hrm.healthgenie\vendor\codeigniter4\framework\system\Email\Email.php(1597): CodeIgniter\Email\Email->spoolEmail()
#4 D:\LOCALHOST\hrm.healthgenie\app\Controllers\Cron\ServerCron.php(390): CodeIgniter\Email\Email->send()
#5 D:\LOCALHOST\hrm.healthgenie\vendor\codeigniter4\framework\system\CodeIgniter.php(933): App\Controllers\Cron\ServerCron->sendAbsentWithoutLeaveNotificationHeuerOnly()
#6 D:\LOCALHOST\hrm.healthgenie\vendor\codeigniter4\framework\system\CodeIgniter.php(507): CodeIgniter\CodeIgniter->runController(Object(App\Controllers\Cron\ServerCron))
#7 D:\LOCALHOST\hrm.healthgenie\vendor\codeigniter4\framework\system\CodeIgniter.php(354): CodeIgniter\CodeIgniter->handleRequest(NULL, Object(Config\Cache), false)
#8 D:\LOCALHOST\hrm.healthgenie\vendor\codeigniter4\framework\system\Boot.php(363): CodeIgniter\CodeIgniter->run()
#9 D:\LOCALHOST\hrm.healthgenie\vendor\codeigniter4\framework\system\Boot.php(68): CodeIgniter\Boot::runCodeIgniter(Object(CodeIgniter\CodeIgniter))
#10 D:\LOCALHOST\hrm.healthgenie\public\index.php(56): CodeIgniter\Boot::bootWeb(Object(Config\Paths))
#11 C:\Program Files\Herd\resources\app.asar.unpacked\resources\valet\server.php(139): require('D:\\LOCALHOST\\hr...')
#12 {main}
ERROR - 2025-12-18 13:21:20 --> Email: Unable to send email using PHP mail(). Your server might not be configured to send mail using this method.
ERROR - 2025-12-18 13:21:20 --> 
ERROR - 2025-12-18 13:22:56 --> Email: sendWithMail throwed ErrorException: mail(): Failed to connect to mailserver at &quot;localhost&quot; port 25, verify your &quot;SMTP&quot; and &quot;smtp_port&quot; setting in php.ini or use ini_set() in D:\LOCALHOST\hrm.healthgenie\vendor\codeigniter4\framework\system\Email\Email.php:1771
Stack trace:
#0 [internal function]: CodeIgniter\Debug\Exceptions->errorHandler(2, 'mail(): Failed ...', 'D:\\LOCALHOST\\hr...', 1771)
#1 D:\LOCALHOST\hrm.healthgenie\vendor\codeigniter4\framework\system\Email\Email.php(1771): mail('payroll1@gstc.c...', '=?UTF-8?Q?Absen...', '\r\n             ...', 'Date: Thu, 18 D...', '-f app.hrm@heal...')
#2 D:\LOCALHOST\hrm.healthgenie\vendor\codeigniter4\framework\system\Email\Email.php(1703): CodeIgniter\Email\Email->sendWithMail()
#3 D:\LOCALHOST\hrm.healthgenie\vendor\codeigniter4\framework\system\Email\Email.php(1597): CodeIgniter\Email\Email->spoolEmail()
#4 D:\LOCALHOST\hrm.healthgenie\app\Controllers\Cron\ServerCron.php(273): CodeIgniter\Email\Email->send()
#5 D:\LOCALHOST\hrm.healthgenie\vendor\codeigniter4\framework\system\CodeIgniter.php(933): App\Controllers\Cron\ServerCron->sendAbsentWithoutLeaveNotification()
#6 D:\LOCALHOST\hrm.healthgenie\vendor\codeigniter4\framework\system\CodeIgniter.php(507): CodeIgniter\CodeIgniter->runController(Object(App\Controllers\Cron\ServerCron))
#7 D:\LOCALHOST\hrm.healthgenie\vendor\codeigniter4\framework\system\CodeIgniter.php(354): CodeIgniter\CodeIgniter->handleRequest(NULL, Object(Config\Cache), false)
#8 D:\LOCALHOST\hrm.healthgenie\vendor\codeigniter4\framework\system\Boot.php(363): CodeIgniter\CodeIgniter->run()
#9 D:\LOCALHOST\hrm.healthgenie\vendor\codeigniter4\framework\system\Boot.php(68): CodeIgniter\Boot::runCodeIgniter(Object(CodeIgniter\CodeIgniter))
#10 D:\LOCALHOST\hrm.healthgenie\public\index.php(56): CodeIgniter\Boot::bootWeb(Object(Config\Paths))
#11 C:\Program Files\Herd\resources\app.asar.unpacked\resources\valet\server.php(139): require('D:\\LOCALHOST\\hr...')
#12 {main}
ERROR - 2025-12-18 13:22:56 --> Email: Unable to send email using PHP mail(). Your server might not be configured to send mail using this method.
ERROR - 2025-12-18 13:22:56 --> 
ERROR - 2025-12-18 13:23:00 --> Email: sendWithMail throwed ErrorException: mail(): Failed to connect to mailserver at &quot;localhost&quot; port 25, verify your &quot;SMTP&quot; and &quot;smtp_port&quot; setting in php.ini or use ini_set() in D:\LOCALHOST\hrm.healthgenie\vendor\codeigniter4\framework\system\Email\Email.php:1771
Stack trace:
#0 [internal function]: CodeIgniter\Debug\Exceptions->errorHandler(2, 'mail(): Failed ...', 'D:\\LOCALHOST\\hr...', 1771)
#1 D:\LOCALHOST\hrm.healthgenie\vendor\codeigniter4\framework\system\Email\Email.php(1771): mail('hrd@heuerintern...', '=?UTF-8?Q?Absen...', '<div style="fon...', 'Date: Thu, 18 D...', '-f app.hrm@heal...')
#2 D:\LOCALHOST\hrm.healthgenie\vendor\codeigniter4\framework\system\Email\Email.php(1703): CodeIgniter\Email\Email->sendWithMail()
#3 D:\LOCALHOST\hrm.healthgenie\vendor\codeigniter4\framework\system\Email\Email.php(1597): CodeIgniter\Email\Email->spoolEmail()
#4 D:\LOCALHOST\hrm.healthgenie\app\Controllers\Cron\ServerCron.php(390): CodeIgniter\Email\Email->send()
#5 D:\LOCALHOST\hrm.healthgenie\vendor\codeigniter4\framework\system\CodeIgniter.php(933): App\Controllers\Cron\ServerCron->sendAbsentWithoutLeaveNotificationHeuerOnly()
#6 D:\LOCALHOST\hrm.healthgenie\vendor\codeigniter4\framework\system\CodeIgniter.php(507): CodeIgniter\CodeIgniter->runController(Object(App\Controllers\Cron\ServerCron))
#7 D:\LOCALHOST\hrm.healthgenie\vendor\codeigniter4\framework\system\CodeIgniter.php(354): CodeIgniter\CodeIgniter->handleRequest(NULL, Object(Config\Cache), false)
#8 D:\LOCALHOST\hrm.healthgenie\vendor\codeigniter4\framework\system\Boot.php(363): CodeIgniter\CodeIgniter->run()
#9 D:\LOCALHOST\hrm.healthgenie\vendor\codeigniter4\framework\system\Boot.php(68): CodeIgniter\Boot::runCodeIgniter(Object(CodeIgniter\CodeIgniter))
#10 D:\LOCALHOST\hrm.healthgenie\public\index.php(56): CodeIgniter\Boot::bootWeb(Object(Config\Paths))
#11 C:\Program Files\Herd\resources\app.asar.unpacked\resources\valet\server.php(139): require('D:\\LOCALHOST\\hr...')
#12 {main}
ERROR - 2025-12-18 13:23:00 --> Email: Unable to send email using PHP mail(). Your server might not be configured to send mail using this method.
ERROR - 2025-12-18 13:23:00 --> 
ERROR - 2025-12-18 13:29:00 --> Email: sendWithMail throwed ErrorException: mail(): Failed to connect to mailserver at &quot;localhost&quot; port 25, verify your &quot;SMTP&quot; and &quot;smtp_port&quot; setting in php.ini or use ini_set() in D:\LOCALHOST\hrm.healthgenie\vendor\codeigniter4\framework\system\Email\Email.php:1771
Stack trace:
#0 [internal function]: CodeIgniter\Debug\Exceptions->errorHandler(2, 'mail(): Failed ...', 'D:\\LOCALHOST\\hr...', 1771)
#1 D:\LOCALHOST\hrm.healthgenie\vendor\codeigniter4\framework\system\Email\Email.php(1771): mail('payroll1@gstc.c...', '=?UTF-8?Q?Absen...', '\r\n             ...', 'Date: Thu, 18 D...', '-f app.hrm@heal...')
#2 D:\LOCALHOST\hrm.healthgenie\vendor\codeigniter4\framework\system\Email\Email.php(1703): CodeIgniter\Email\Email->sendWithMail()
#3 D:\LOCALHOST\hrm.healthgenie\vendor\codeigniter4\framework\system\Email\Email.php(1597): CodeIgniter\Email\Email->spoolEmail()
#4 D:\LOCALHOST\hrm.healthgenie\app\Controllers\Cron\ServerCron.php(273): CodeIgniter\Email\Email->send()
#5 D:\LOCALHOST\hrm.healthgenie\vendor\codeigniter4\framework\system\CodeIgniter.php(933): App\Controllers\Cron\ServerCron->sendAbsentWithoutLeaveNotification()
#6 D:\LOCALHOST\hrm.healthgenie\vendor\codeigniter4\framework\system\CodeIgniter.php(507): CodeIgniter\CodeIgniter->runController(Object(App\Controllers\Cron\ServerCron))
#7 D:\LOCALHOST\hrm.healthgenie\vendor\codeigniter4\framework\system\CodeIgniter.php(354): CodeIgniter\CodeIgniter->handleRequest(NULL, Object(Config\Cache), false)
#8 D:\LOCALHOST\hrm.healthgenie\vendor\codeigniter4\framework\system\Boot.php(363): CodeIgniter\CodeIgniter->run()
#9 D:\LOCALHOST\hrm.healthgenie\vendor\codeigniter4\framework\system\Boot.php(68): CodeIgniter\Boot::runCodeIgniter(Object(CodeIgniter\CodeIgniter))
#10 D:\LOCALHOST\hrm.healthgenie\public\index.php(56): CodeIgniter\Boot::bootWeb(Object(Config\Paths))
#11 C:\Program Files\Herd\resources\app.asar.unpacked\resources\valet\server.php(139): require('D:\\LOCALHOST\\hr...')
#12 {main}
ERROR - 2025-12-18 13:29:00 --> Email: Unable to send email using PHP mail(). Your server might not be configured to send mail using this method.
ERROR - 2025-12-18 13:29:00 --> 
ERROR - 2025-12-18 13:29:06 --> Email: sendWithMail throwed ErrorException: mail(): Failed to connect to mailserver at &quot;localhost&quot; port 25, verify your &quot;SMTP&quot; and &quot;smtp_port&quot; setting in php.ini or use ini_set() in D:\LOCALHOST\hrm.healthgenie\vendor\codeigniter4\framework\system\Email\Email.php:1771
Stack trace:
#0 [internal function]: CodeIgniter\Debug\Exceptions->errorHandler(2, 'mail(): Failed ...', 'D:\\LOCALHOST\\hr...', 1771)
#1 D:\LOCALHOST\hrm.healthgenie\vendor\codeigniter4\framework\system\Email\Email.php(1771): mail('hrd@heuerintern...', '=?UTF-8?Q?Absen...', '<div style="fon...', 'Date: Thu, 18 D...', '-f app.hrm@heal...')
#2 D:\LOCALHOST\hrm.healthgenie\vendor\codeigniter4\framework\system\Email\Email.php(1703): CodeIgniter\Email\Email->sendWithMail()
#3 D:\LOCALHOST\hrm.healthgenie\vendor\codeigniter4\framework\system\Email\Email.php(1597): CodeIgniter\Email\Email->spoolEmail()
#4 D:\LOCALHOST\hrm.healthgenie\app\Controllers\Cron\ServerCron.php(390): CodeIgniter\Email\Email->send()
#5 D:\LOCALHOST\hrm.healthgenie\vendor\codeigniter4\framework\system\CodeIgniter.php(933): App\Controllers\Cron\ServerCron->sendAbsentWithoutLeaveNotificationHeuerOnly()
#6 D:\LOCALHOST\hrm.healthgenie\vendor\codeigniter4\framework\system\CodeIgniter.php(507): CodeIgniter\CodeIgniter->runController(Object(App\Controllers\Cron\ServerCron))
#7 D:\LOCALHOST\hrm.healthgenie\vendor\codeigniter4\framework\system\CodeIgniter.php(354): CodeIgniter\CodeIgniter->handleRequest(NULL, Object(Config\Cache), false)
#8 D:\LOCALHOST\hrm.healthgenie\vendor\codeigniter4\framework\system\Boot.php(363): CodeIgniter\CodeIgniter->run()
#9 D:\LOCALHOST\hrm.healthgenie\vendor\codeigniter4\framework\system\Boot.php(68): CodeIgniter\Boot::runCodeIgniter(Object(CodeIgniter\CodeIgniter))
#10 D:\LOCALHOST\hrm.healthgenie\public\index.php(56): CodeIgniter\Boot::bootWeb(Object(Config\Paths))
#11 C:\Program Files\Herd\resources\app.asar.unpacked\resources\valet\server.php(139): require('D:\\LOCALHOST\\hr...')
#12 {main}
ERROR - 2025-12-18 13:29:06 --> Email: Unable to send email using PHP mail(). Your server might not be configured to send mail using this method.
ERROR - 2025-12-18 13:29:06 --> 
ERROR - 2025-12-18 13:29:45 --> Email: sendWithMail throwed ErrorException: mail(): Failed to connect to mailserver at &quot;localhost&quot; port 25, verify your &quot;SMTP&quot; and &quot;smtp_port&quot; setting in php.ini or use ini_set() in D:\LOCALHOST\hrm.healthgenie\vendor\codeigniter4\framework\system\Email\Email.php:1771
Stack trace:
#0 [internal function]: CodeIgniter\Debug\Exceptions->errorHandler(2, 'mail(): Failed ...', 'D:\\LOCALHOST\\hr...', 1771)
#1 D:\LOCALHOST\hrm.healthgenie\vendor\codeigniter4\framework\system\Email\Email.php(1771): mail('payroll1@gstc.c...', '=?UTF-8?Q?Absen...', '\r\n             ...', 'Date: Thu, 18 D...', '-f app.hrm@heal...')
#2 D:\LOCALHOST\hrm.healthgenie\vendor\codeigniter4\framework\system\Email\Email.php(1703): CodeIgniter\Email\Email->sendWithMail()
#3 D:\LOCALHOST\hrm.healthgenie\vendor\codeigniter4\framework\system\Email\Email.php(1597): CodeIgniter\Email\Email->spoolEmail()
#4 D:\LOCALHOST\hrm.healthgenie\app\Controllers\Cron\ServerCron.php(273): CodeIgniter\Email\Email->send()
#5 D:\LOCALHOST\hrm.healthgenie\vendor\codeigniter4\framework\system\CodeIgniter.php(933): App\Controllers\Cron\ServerCron->sendAbsentWithoutLeaveNotification()
#6 D:\LOCALHOST\hrm.healthgenie\vendor\codeigniter4\framework\system\CodeIgniter.php(507): CodeIgniter\CodeIgniter->runController(Object(App\Controllers\Cron\ServerCron))
#7 D:\LOCALHOST\hrm.healthgenie\vendor\codeigniter4\framework\system\CodeIgniter.php(354): CodeIgniter\CodeIgniter->handleRequest(NULL, Object(Config\Cache), false)
#8 D:\LOCALHOST\hrm.healthgenie\vendor\codeigniter4\framework\system\Boot.php(363): CodeIgniter\CodeIgniter->run()
#9 D:\LOCALHOST\hrm.healthgenie\vendor\codeigniter4\framework\system\Boot.php(68): CodeIgniter\Boot::runCodeIgniter(Object(CodeIgniter\CodeIgniter))
#10 D:\LOCALHOST\hrm.healthgenie\public\index.php(56): CodeIgniter\Boot::bootWeb(Object(Config\Paths))
#11 C:\Program Files\Herd\resources\app.asar.unpacked\resources\valet\server.php(139): require('D:\\LOCALHOST\\hr...')
#12 {main}
ERROR - 2025-12-18 13:29:45 --> Email: Unable to send email using PHP mail(). Your server might not be configured to send mail using this method.
ERROR - 2025-12-18 13:29:45 --> 
ERROR - 2025-12-18 13:29:51 --> Email: sendWithMail throwed ErrorException: mail(): Failed to connect to mailserver at &quot;localhost&quot; port 25, verify your &quot;SMTP&quot; and &quot;smtp_port&quot; setting in php.ini or use ini_set() in D:\LOCALHOST\hrm.healthgenie\vendor\codeigniter4\framework\system\Email\Email.php:1771
Stack trace:
#0 [internal function]: CodeIgniter\Debug\Exceptions->errorHandler(2, 'mail(): Failed ...', 'D:\\LOCALHOST\\hr...', 1771)
#1 D:\LOCALHOST\hrm.healthgenie\vendor\codeigniter4\framework\system\Email\Email.php(1771): mail('hrd@heuerintern...', '=?UTF-8?Q?Absen...', '<div style="fon...', 'Date: Thu, 18 D...', '-f app.hrm@heal...')
#2 D:\LOCALHOST\hrm.healthgenie\vendor\codeigniter4\framework\system\Email\Email.php(1703): CodeIgniter\Email\Email->sendWithMail()
#3 D:\LOCALHOST\hrm.healthgenie\vendor\codeigniter4\framework\system\Email\Email.php(1597): CodeIgniter\Email\Email->spoolEmail()
#4 D:\LOCALHOST\hrm.healthgenie\app\Controllers\Cron\ServerCron.php(390): CodeIgniter\Email\Email->send()
#5 D:\LOCALHOST\hrm.healthgenie\vendor\codeigniter4\framework\system\CodeIgniter.php(933): App\Controllers\Cron\ServerCron->sendAbsentWithoutLeaveNotificationHeuerOnly()
#6 D:\LOCALHOST\hrm.healthgenie\vendor\codeigniter4\framework\system\CodeIgniter.php(507): CodeIgniter\CodeIgniter->runController(Object(App\Controllers\Cron\ServerCron))
#7 D:\LOCALHOST\hrm.healthgenie\vendor\codeigniter4\framework\system\CodeIgniter.php(354): CodeIgniter\CodeIgniter->handleRequest(NULL, Object(Config\Cache), false)
#8 D:\LOCALHOST\hrm.healthgenie\vendor\codeigniter4\framework\system\Boot.php(363): CodeIgniter\CodeIgniter->run()
#9 D:\LOCALHOST\hrm.healthgenie\vendor\codeigniter4\framework\system\Boot.php(68): CodeIgniter\Boot::runCodeIgniter(Object(CodeIgniter\CodeIgniter))
#10 D:\LOCALHOST\hrm.healthgenie\public\index.php(56): CodeIgniter\Boot::bootWeb(Object(Config\Paths))
#11 C:\Program Files\Herd\resources\app.asar.unpacked\resources\valet\server.php(139): require('D:\\LOCALHOST\\hr...')
#12 {main}
ERROR - 2025-12-18 13:29:51 --> Email: Unable to send email using PHP mail(). Your server might not be configured to send mail using this method.
ERROR - 2025-12-18 13:29:51 --> 
ERROR - 2025-12-18 13:31:40 --> Email: sendWithMail throwed ErrorException: mail(): Failed to connect to mailserver at &quot;localhost&quot; port 25, verify your &quot;SMTP&quot; and &quot;smtp_port&quot; setting in php.ini or use ini_set() in D:\LOCALHOST\hrm.healthgenie\vendor\codeigniter4\framework\system\Email\Email.php:1771
Stack trace:
#0 [internal function]: CodeIgniter\Debug\Exceptions->errorHandler(2, 'mail(): Failed ...', 'D:\\LOCALHOST\\hr...', 1771)
#1 D:\LOCALHOST\hrm.healthgenie\vendor\codeigniter4\framework\system\Email\Email.php(1771): mail('payroll1@gstc.c...', '=?UTF-8?Q?Absen...', '\r\n             ...', 'Date: Thu, 18 D...', '-f app.hrm@heal...')
#2 D:\LOCALHOST\hrm.healthgenie\vendor\codeigniter4\framework\system\Email\Email.php(1703): CodeIgniter\Email\Email->sendWithMail()
#3 D:\LOCALHOST\hrm.healthgenie\vendor\codeigniter4\framework\system\Email\Email.php(1597): CodeIgniter\Email\Email->spoolEmail()
#4 D:\LOCALHOST\hrm.healthgenie\app\Controllers\Cron\ServerCron.php(273): CodeIgniter\Email\Email->send()
#5 D:\LOCALHOST\hrm.healthgenie\vendor\codeigniter4\framework\system\CodeIgniter.php(933): App\Controllers\Cron\ServerCron->sendAbsentWithoutLeaveNotification()
#6 D:\LOCALHOST\hrm.healthgenie\vendor\codeigniter4\framework\system\CodeIgniter.php(507): CodeIgniter\CodeIgniter->runController(Object(App\Controllers\Cron\ServerCron))
#7 D:\LOCALHOST\hrm.healthgenie\vendor\codeigniter4\framework\system\CodeIgniter.php(354): CodeIgniter\CodeIgniter->handleRequest(NULL, Object(Config\Cache), false)
#8 D:\LOCALHOST\hrm.healthgenie\vendor\codeigniter4\framework\system\Boot.php(363): CodeIgniter\CodeIgniter->run()
#9 D:\LOCALHOST\hrm.healthgenie\vendor\codeigniter4\framework\system\Boot.php(68): CodeIgniter\Boot::runCodeIgniter(Object(CodeIgniter\CodeIgniter))
#10 D:\LOCALHOST\hrm.healthgenie\public\index.php(56): CodeIgniter\Boot::bootWeb(Object(Config\Paths))
#11 C:\Program Files\Herd\resources\app.asar.unpacked\resources\valet\server.php(139): require('D:\\LOCALHOST\\hr...')
#12 {main}
ERROR - 2025-12-18 13:31:40 --> Email: Unable to send email using PHP mail(). Your server might not be configured to send mail using this method.
ERROR - 2025-12-18 13:31:40 --> 
ERROR - 2025-12-18 13:31:46 --> Email: sendWithMail throwed ErrorException: mail(): Failed to connect to mailserver at &quot;localhost&quot; port 25, verify your &quot;SMTP&quot; and &quot;smtp_port&quot; setting in php.ini or use ini_set() in D:\LOCALHOST\hrm.healthgenie\vendor\codeigniter4\framework\system\Email\Email.php:1771
Stack trace:
#0 [internal function]: CodeIgniter\Debug\Exceptions->errorHandler(2, 'mail(): Failed ...', 'D:\\LOCALHOST\\hr...', 1771)
#1 D:\LOCALHOST\hrm.healthgenie\vendor\codeigniter4\framework\system\Email\Email.php(1771): mail('hrd@heuerintern...', '=?UTF-8?Q?Absen...', '<div style="fon...', 'Date: Thu, 18 D...', '-f app.hrm@heal...')
#2 D:\LOCALHOST\hrm.healthgenie\vendor\codeigniter4\framework\system\Email\Email.php(1703): CodeIgniter\Email\Email->sendWithMail()
#3 D:\LOCALHOST\hrm.healthgenie\vendor\codeigniter4\framework\system\Email\Email.php(1597): CodeIgniter\Email\Email->spoolEmail()
#4 D:\LOCALHOST\hrm.healthgenie\app\Controllers\Cron\ServerCron.php(390): CodeIgniter\Email\Email->send()
#5 D:\LOCALHOST\hrm.healthgenie\vendor\codeigniter4\framework\system\CodeIgniter.php(933): App\Controllers\Cron\ServerCron->sendAbsentWithoutLeaveNotificationHeuerOnly()
#6 D:\LOCALHOST\hrm.healthgenie\vendor\codeigniter4\framework\system\CodeIgniter.php(507): CodeIgniter\CodeIgniter->runController(Object(App\Controllers\Cron\ServerCron))
#7 D:\LOCALHOST\hrm.healthgenie\vendor\codeigniter4\framework\system\CodeIgniter.php(354): CodeIgniter\CodeIgniter->handleRequest(NULL, Object(Config\Cache), false)
#8 D:\LOCALHOST\hrm.healthgenie\vendor\codeigniter4\framework\system\Boot.php(363): CodeIgniter\CodeIgniter->run()
#9 D:\LOCALHOST\hrm.healthgenie\vendor\codeigniter4\framework\system\Boot.php(68): CodeIgniter\Boot::runCodeIgniter(Object(CodeIgniter\CodeIgniter))
#10 D:\LOCALHOST\hrm.healthgenie\public\index.php(56): CodeIgniter\Boot::bootWeb(Object(Config\Paths))
#11 C:\Program Files\Herd\resources\app.asar.unpacked\resources\valet\server.php(139): require('D:\\LOCALHOST\\hr...')
#12 {main}
ERROR - 2025-12-18 13:31:46 --> Email: Unable to send email using PHP mail(). Your server might not be configured to send mail using this method.
ERROR - 2025-12-18 13:31:46 --> 
