CRITICAL - 2025-11-29 04:58:27 --> ErrorException: Undefined array key "shuft_type"
[Method: CLI, Route: attendance:process]
in APPPATH\Pipes\LateComingAdjustment.php on line 17.
 1 APPPATH\Pipes\LateComingAdjustment.php(17): CodeIgniter\Debug\Exceptions->errorHandler(2, 'Undefined array key "shuft_type"', 'D:\\LOCALHOST\\hrm.healthgenie\\app\\Pipes\\LateComingAdjustment.php', 17)
 2 APPPATH\Libraries\Pipeline.php(30): App\Pipes\LateComingAdjustment->handle([...], Object(Closure))
 3 APPPATH\Pipes\ProcessAttendance.php(62): App\Libraries\Pipeline->App\Libraries\{closure}([...])
 4 APPPATH\Libraries\Pipeline.php(30): App\Pipes\ProcessAttendance->handle([...], Object(Closure))
 5 APPPATH\Pipes\GetAttendanceClean.php(33): App\Libraries\Pipeline->App\Libraries\{closure}([...])
 6 APPPATH\Libraries\Pipeline.php(30): App\Pipes\GetAttendanceClean->handle([...], Object(Closure))
 7 APPPATH\Pipes\ShiftRulesAndDetails.php(39): App\Libraries\Pipeline->App\Libraries\{closure}([...])
 8 APPPATH\Libraries\Pipeline.php(30): App\Pipes\ShiftRulesAndDetails->handle([...], Object(Closure))
 9 APPPATH\Pipes\BasicDetails.php(37): App\Libraries\Pipeline->App\Libraries\{closure}([...])
10 APPPATH\Libraries\Pipeline.php(30): App\Pipes\BasicDetails->handle([...], Object(Closure))
11 APPPATH\Libraries\Pipeline.php(36): App\Libraries\Pipeline->App\Libraries\{closure}([...])
12 APPPATH\Controllers\Attendance\Processor.php(74): App\Libraries\Pipeline->then(Object(Closure))
13 APPPATH\Controllers\Attendance\Processor.php(38): App\Controllers\Attendance\Processor::ProcessPunchingData('160', '2025-10-01', '2025-10-31', true)
14 APPPATH\Libraries\AttendanceProcessor.php(154): App\Controllers\Attendance\Processor::getProcessedPunchingData('160', '2025-10-01', '2025-10-31')
15 APPPATH\Libraries\AttendanceProcessor.php(108): App\Libraries\AttendanceProcessor->processEmployee([...], '2025-10-01', '2025-10-31', false)
16 APPPATH\Commands\ProcessAttendance.php(96): App\Libraries\AttendanceProcessor->processAll(25, '2025-10', [...])
17 SYSTEMPATH\CLI\Commands.php(74): App\Commands\ProcessAttendance->run([...])
18 SYSTEMPATH\CLI\Console.php(47): CodeIgniter\CLI\Commands->run('attendance:process', [...])
19 SYSTEMPATH\Boot.php(388): CodeIgniter\CLI\Console->run()
20 SYSTEMPATH\Boot.php(133): CodeIgniter\Boot::runCommand(Object(CodeIgniter\CLI\Console))
21 ROOTPATH\spark(84): CodeIgniter\Boot::bootSpark(Object(Config\Paths))
CRITICAL - 2025-11-29 04:59:01 --> ErrorException: Undefined array key "shift_type"
[Method: CLI, Route: attendance:process]
in APPPATH\Pipes\LateComingAdjustment.php on line 17.
 1 APPPATH\Pipes\LateComingAdjustment.php(17): CodeIgniter\Debug\Exceptions->errorHandler(2, 'Undefined array key "shift_type"', 'D:\\LOCALHOST\\hrm.healthgenie\\app\\Pipes\\LateComingAdjustment.php', 17)
 2 APPPATH\Libraries\Pipeline.php(30): App\Pipes\LateComingAdjustment->handle([...], Object(Closure))
 3 APPPATH\Pipes\ProcessAttendance.php(62): App\Libraries\Pipeline->App\Libraries\{closure}([...])
 4 APPPATH\Libraries\Pipeline.php(30): App\Pipes\ProcessAttendance->handle([...], Object(Closure))
 5 APPPATH\Pipes\GetAttendanceClean.php(33): App\Libraries\Pipeline->App\Libraries\{closure}([...])
 6 APPPATH\Libraries\Pipeline.php(30): App\Pipes\GetAttendanceClean->handle([...], Object(Closure))
 7 APPPATH\Pipes\ShiftRulesAndDetails.php(39): App\Libraries\Pipeline->App\Libraries\{closure}([...])
 8 APPPATH\Libraries\Pipeline.php(30): App\Pipes\ShiftRulesAndDetails->handle([...], Object(Closure))
 9 APPPATH\Pipes\BasicDetails.php(37): App\Libraries\Pipeline->App\Libraries\{closure}([...])
10 APPPATH\Libraries\Pipeline.php(30): App\Pipes\BasicDetails->handle([...], Object(Closure))
11 APPPATH\Libraries\Pipeline.php(36): App\Libraries\Pipeline->App\Libraries\{closure}([...])
12 APPPATH\Controllers\Attendance\Processor.php(74): App\Libraries\Pipeline->then(Object(Closure))
13 APPPATH\Controllers\Attendance\Processor.php(38): App\Controllers\Attendance\Processor::ProcessPunchingData('160', '2025-10-01', '2025-10-31', true)
14 APPPATH\Libraries\AttendanceProcessor.php(154): App\Controllers\Attendance\Processor::getProcessedPunchingData('160', '2025-10-01', '2025-10-31')
15 APPPATH\Libraries\AttendanceProcessor.php(108): App\Libraries\AttendanceProcessor->processEmployee([...], '2025-10-01', '2025-10-31', false)
16 APPPATH\Commands\ProcessAttendance.php(96): App\Libraries\AttendanceProcessor->processAll(25, '2025-10', [...])
17 SYSTEMPATH\CLI\Commands.php(74): App\Commands\ProcessAttendance->run([...])
18 SYSTEMPATH\CLI\Console.php(47): CodeIgniter\CLI\Commands->run('attendance:process', [...])
19 SYSTEMPATH\Boot.php(388): CodeIgniter\CLI\Console->run()
20 SYSTEMPATH\Boot.php(133): CodeIgniter\Boot::runCommand(Object(CodeIgniter\CLI\Console))
21 ROOTPATH\spark(84): CodeIgniter\Boot::bootSpark(Object(Config\Paths))
CRITICAL - 2025-11-29 05:54:51 --> ParseError: syntax error, unexpected token "elseif"
[Method: CLI, Route: attendance:process]
in APPPATH\Pipes\LateComingAdjustment.php on line 586.
 1 VENDORPATH\composer\ClassLoader.php(427): Composer\Autoload\{closure}('D:\\LOCALHOST\\hrm.healthgenie\\vendor\\composer/../../app/Pipes/LateComingAdjustment.php')
 2 APPPATH\Libraries\Pipeline.php(30): Composer\Autoload\ClassLoader->loadClass('App\\Pipes\\LateComingAdjustment')
 3 APPPATH\Pipes\ProcessAttendance.php(62): App\Libraries\Pipeline->App\Libraries\{closure}([...])
 4 APPPATH\Libraries\Pipeline.php(30): App\Pipes\ProcessAttendance->handle([...], Object(Closure))
 5 APPPATH\Pipes\GetAttendanceClean.php(33): App\Libraries\Pipeline->App\Libraries\{closure}([...])
 6 APPPATH\Libraries\Pipeline.php(30): App\Pipes\GetAttendanceClean->handle([...], Object(Closure))
 7 APPPATH\Pipes\ShiftRulesAndDetails.php(39): App\Libraries\Pipeline->App\Libraries\{closure}([...])
 8 APPPATH\Libraries\Pipeline.php(30): App\Pipes\ShiftRulesAndDetails->handle([...], Object(Closure))
 9 APPPATH\Pipes\BasicDetails.php(37): App\Libraries\Pipeline->App\Libraries\{closure}([...])
10 APPPATH\Libraries\Pipeline.php(30): App\Pipes\BasicDetails->handle([...], Object(Closure))
11 APPPATH\Libraries\Pipeline.php(36): App\Libraries\Pipeline->App\Libraries\{closure}([...])
12 APPPATH\Controllers\Attendance\Processor.php(74): App\Libraries\Pipeline->then(Object(Closure))
13 APPPATH\Controllers\Attendance\Processor.php(38): App\Controllers\Attendance\Processor::ProcessPunchingData('160', '2025-10-01', '2025-10-31', true)
14 APPPATH\Libraries\AttendanceProcessor.php(154): App\Controllers\Attendance\Processor::getProcessedPunchingData('160', '2025-10-01', '2025-10-31')
15 APPPATH\Libraries\AttendanceProcessor.php(108): App\Libraries\AttendanceProcessor->processEmployee([...], '2025-10-01', '2025-10-31', false)
16 APPPATH\Commands\ProcessAttendance.php(96): App\Libraries\AttendanceProcessor->processAll(25, '2025-10', [...])
17 SYSTEMPATH\CLI\Commands.php(74): App\Commands\ProcessAttendance->run([...])
18 SYSTEMPATH\CLI\Console.php(47): CodeIgniter\CLI\Commands->run('attendance:process', [...])
19 SYSTEMPATH\Boot.php(388): CodeIgniter\CLI\Console->run()
20 SYSTEMPATH\Boot.php(133): CodeIgniter\Boot::runCommand(Object(CodeIgniter\CLI\Console))
21 ROOTPATH\spark(84): CodeIgniter\Boot::bootSpark(Object(Config\Paths))
CRITICAL - 2025-11-29 06:00:34 --> ParseError: syntax error, unexpected token "elseif"
[Method: CLI, Route: attendance:process]
in APPPATH\Pipes\LateComingAdjustment.php on line 578.
 1 VENDORPATH\composer\ClassLoader.php(427): Composer\Autoload\{closure}('D:\\LOCALHOST\\hrm.healthgenie\\vendor\\composer/../../app/Pipes/LateComingAdjustment.php')
 2 APPPATH\Libraries\Pipeline.php(30): Composer\Autoload\ClassLoader->loadClass('App\\Pipes\\LateComingAdjustment')
 3 APPPATH\Pipes\ProcessAttendance.php(62): App\Libraries\Pipeline->App\Libraries\{closure}([...])
 4 APPPATH\Libraries\Pipeline.php(30): App\Pipes\ProcessAttendance->handle([...], Object(Closure))
 5 APPPATH\Pipes\GetAttendanceClean.php(33): App\Libraries\Pipeline->App\Libraries\{closure}([...])
 6 APPPATH\Libraries\Pipeline.php(30): App\Pipes\GetAttendanceClean->handle([...], Object(Closure))
 7 APPPATH\Pipes\ShiftRulesAndDetails.php(39): App\Libraries\Pipeline->App\Libraries\{closure}([...])
 8 APPPATH\Libraries\Pipeline.php(30): App\Pipes\ShiftRulesAndDetails->handle([...], Object(Closure))
 9 APPPATH\Pipes\BasicDetails.php(37): App\Libraries\Pipeline->App\Libraries\{closure}([...])
10 APPPATH\Libraries\Pipeline.php(30): App\Pipes\BasicDetails->handle([...], Object(Closure))
11 APPPATH\Libraries\Pipeline.php(36): App\Libraries\Pipeline->App\Libraries\{closure}([...])
12 APPPATH\Controllers\Attendance\Processor.php(74): App\Libraries\Pipeline->then(Object(Closure))
13 APPPATH\Controllers\Attendance\Processor.php(38): App\Controllers\Attendance\Processor::ProcessPunchingData('160', '2025-10-01', '2025-10-31', true)
14 APPPATH\Libraries\AttendanceProcessor.php(154): App\Controllers\Attendance\Processor::getProcessedPunchingData('160', '2025-10-01', '2025-10-31')
15 APPPATH\Libraries\AttendanceProcessor.php(108): App\Libraries\AttendanceProcessor->processEmployee([...], '2025-10-01', '2025-10-31', false)
16 APPPATH\Commands\ProcessAttendance.php(96): App\Libraries\AttendanceProcessor->processAll(25, '2025-10', [...])
17 SYSTEMPATH\CLI\Commands.php(74): App\Commands\ProcessAttendance->run([...])
18 SYSTEMPATH\CLI\Console.php(47): CodeIgniter\CLI\Commands->run('attendance:process', [...])
19 SYSTEMPATH\Boot.php(388): CodeIgniter\CLI\Console->run()
20 SYSTEMPATH\Boot.php(133): CodeIgniter\Boot::runCommand(Object(CodeIgniter\CLI\Console))
21 ROOTPATH\spark(84): CodeIgniter\Boot::bootSpark(Object(Config\Paths))
CRITICAL - 2025-11-29 06:01:29 --> ParseError: syntax error, unexpected token "elseif"
[Method: CLI, Route: attendance:process]
in APPPATH\Pipes\LateComingAdjustment.php on line 578.
 1 VENDORPATH\composer\ClassLoader.php(427): Composer\Autoload\{closure}('D:\\LOCALHOST\\hrm.healthgenie\\vendor\\composer/../../app/Pipes/LateComingAdjustment.php')
 2 APPPATH\Libraries\Pipeline.php(30): Composer\Autoload\ClassLoader->loadClass('App\\Pipes\\LateComingAdjustment')
 3 APPPATH\Pipes\ProcessAttendance.php(62): App\Libraries\Pipeline->App\Libraries\{closure}([...])
 4 APPPATH\Libraries\Pipeline.php(30): App\Pipes\ProcessAttendance->handle([...], Object(Closure))
 5 APPPATH\Pipes\GetAttendanceClean.php(33): App\Libraries\Pipeline->App\Libraries\{closure}([...])
 6 APPPATH\Libraries\Pipeline.php(30): App\Pipes\GetAttendanceClean->handle([...], Object(Closure))
 7 APPPATH\Pipes\ShiftRulesAndDetails.php(39): App\Libraries\Pipeline->App\Libraries\{closure}([...])
 8 APPPATH\Libraries\Pipeline.php(30): App\Pipes\ShiftRulesAndDetails->handle([...], Object(Closure))
 9 APPPATH\Pipes\BasicDetails.php(37): App\Libraries\Pipeline->App\Libraries\{closure}([...])
10 APPPATH\Libraries\Pipeline.php(30): App\Pipes\BasicDetails->handle([...], Object(Closure))
11 APPPATH\Libraries\Pipeline.php(36): App\Libraries\Pipeline->App\Libraries\{closure}([...])
12 APPPATH\Controllers\Attendance\Processor.php(74): App\Libraries\Pipeline->then(Object(Closure))
13 APPPATH\Controllers\Attendance\Processor.php(38): App\Controllers\Attendance\Processor::ProcessPunchingData('160', '2025-10-01', '2025-10-31', true)
14 APPPATH\Libraries\AttendanceProcessor.php(154): App\Controllers\Attendance\Processor::getProcessedPunchingData('160', '2025-10-01', '2025-10-31')
15 APPPATH\Libraries\AttendanceProcessor.php(108): App\Libraries\AttendanceProcessor->processEmployee([...], '2025-10-01', '2025-10-31', false)
16 APPPATH\Commands\ProcessAttendance.php(96): App\Libraries\AttendanceProcessor->processAll(25, '2025-10', [...])
17 SYSTEMPATH\CLI\Commands.php(74): App\Commands\ProcessAttendance->run([...])
18 SYSTEMPATH\CLI\Console.php(47): CodeIgniter\CLI\Commands->run('attendance:process', [...])
19 SYSTEMPATH\Boot.php(388): CodeIgniter\CLI\Console->run()
20 SYSTEMPATH\Boot.php(133): CodeIgniter\Boot::runCommand(Object(CodeIgniter\CLI\Console))
21 ROOTPATH\spark(84): CodeIgniter\Boot::bootSpark(Object(Config\Paths))
CRITICAL - 2025-11-29 06:01:43 --> ParseError: syntax error, unexpected token "elseif"
[Method: CLI, Route: attendance:process]
in APPPATH\Pipes\LateComingAdjustment.php on line 575.
 1 VENDORPATH\composer\ClassLoader.php(427): Composer\Autoload\{closure}('D:\\LOCALHOST\\hrm.healthgenie\\vendor\\composer/../../app/Pipes/LateComingAdjustment.php')
 2 APPPATH\Libraries\Pipeline.php(30): Composer\Autoload\ClassLoader->loadClass('App\\Pipes\\LateComingAdjustment')
 3 APPPATH\Pipes\ProcessAttendance.php(62): App\Libraries\Pipeline->App\Libraries\{closure}([...])
 4 APPPATH\Libraries\Pipeline.php(30): App\Pipes\ProcessAttendance->handle([...], Object(Closure))
 5 APPPATH\Pipes\GetAttendanceClean.php(33): App\Libraries\Pipeline->App\Libraries\{closure}([...])
 6 APPPATH\Libraries\Pipeline.php(30): App\Pipes\GetAttendanceClean->handle([...], Object(Closure))
 7 APPPATH\Pipes\ShiftRulesAndDetails.php(39): App\Libraries\Pipeline->App\Libraries\{closure}([...])
 8 APPPATH\Libraries\Pipeline.php(30): App\Pipes\ShiftRulesAndDetails->handle([...], Object(Closure))
 9 APPPATH\Pipes\BasicDetails.php(37): App\Libraries\Pipeline->App\Libraries\{closure}([...])
10 APPPATH\Libraries\Pipeline.php(30): App\Pipes\BasicDetails->handle([...], Object(Closure))
11 APPPATH\Libraries\Pipeline.php(36): App\Libraries\Pipeline->App\Libraries\{closure}([...])
12 APPPATH\Controllers\Attendance\Processor.php(74): App\Libraries\Pipeline->then(Object(Closure))
13 APPPATH\Controllers\Attendance\Processor.php(38): App\Controllers\Attendance\Processor::ProcessPunchingData('160', '2025-10-01', '2025-10-31', true)
14 APPPATH\Libraries\AttendanceProcessor.php(154): App\Controllers\Attendance\Processor::getProcessedPunchingData('160', '2025-10-01', '2025-10-31')
15 APPPATH\Libraries\AttendanceProcessor.php(108): App\Libraries\AttendanceProcessor->processEmployee([...], '2025-10-01', '2025-10-31', false)
16 APPPATH\Commands\ProcessAttendance.php(96): App\Libraries\AttendanceProcessor->processAll(25, '2025-10', [...])
17 SYSTEMPATH\CLI\Commands.php(74): App\Commands\ProcessAttendance->run([...])
18 SYSTEMPATH\CLI\Console.php(47): CodeIgniter\CLI\Commands->run('attendance:process', [...])
19 SYSTEMPATH\Boot.php(388): CodeIgniter\CLI\Console->run()
20 SYSTEMPATH\Boot.php(133): CodeIgniter\Boot::runCommand(Object(CodeIgniter\CLI\Console))
21 ROOTPATH\spark(84): CodeIgniter\Boot::bootSpark(Object(Config\Paths))
CRITICAL - 2025-11-29 11:33:26 --> ParseError: syntax error, unexpected token ")"
[Method: GET, Route: backend/reports/attendance-report/attendance-sheet]
in APPPATH\Pipes\LateComingAdjustment.php on line 253.
 1 VENDORPATH\composer\ClassLoader.php(427): Composer\Autoload\{closure}('D:\\LOCALHOST\\hrm.healthgenie\\vendor\\composer/../../app/Pipes/LateComingAdjustment.php')
 2 APPPATH\Libraries\Pipeline.php(30): Composer\Autoload\ClassLoader->loadClass('App\\Pipes\\LateComingAdjustment')
 3 APPPATH\Pipes\ProcessAttendance.php(62): App\Libraries\Pipeline->App\Libraries\{closure}([...])
 4 APPPATH\Libraries\Pipeline.php(30): App\Pipes\ProcessAttendance->handle([...], Object(Closure))
 5 APPPATH\Pipes\GetAttendanceClean.php(33): App\Libraries\Pipeline->App\Libraries\{closure}([...])
 6 APPPATH\Libraries\Pipeline.php(30): App\Pipes\GetAttendanceClean->handle([...], Object(Closure))
 7 APPPATH\Pipes\ShiftRulesAndDetails.php(39): App\Libraries\Pipeline->App\Libraries\{closure}([...])
 8 APPPATH\Libraries\Pipeline.php(30): App\Pipes\ShiftRulesAndDetails->handle([...], Object(Closure))
 9 APPPATH\Pipes\BasicDetails.php(37): App\Libraries\Pipeline->App\Libraries\{closure}([...])
10 APPPATH\Libraries\Pipeline.php(30): App\Pipes\BasicDetails->handle([...], Object(Closure))
11 APPPATH\Libraries\Pipeline.php(36): App\Libraries\Pipeline->App\Libraries\{closure}([...])
12 APPPATH\Controllers\Attendance\Processor.php(74): App\Libraries\Pipeline->then(Object(Closure))
13 APPPATH\Controllers\Attendance\Processor.php(38): App\Controllers\Attendance\Processor::ProcessPunchingData('160', '2025-11-01', '2025-11-29', true)
14 APPPATH\Controllers\Reports\FinalAttendance.php(150): App\Controllers\Attendance\Processor::getProcessedPunchingData('160', '2025-11-01', '2025-11-29')
15 APPPATH\Controllers\Reports\FinalAttendance.php(317): App\Controllers\Reports\FinalAttendance->generateAttendance('160')
16 APPPATH\Controllers\Reports\FinalAttendance.php(229): App\Controllers\Reports\FinalAttendance->loadAttendanceSheet([...])
17 SYSTEMPATH\CodeIgniter.php(933): App\Controllers\Reports\FinalAttendance->attendanceSheet()
18 SYSTEMPATH\CodeIgniter.php(507): CodeIgniter\CodeIgniter->runController(Object(App\Controllers\Reports\FinalAttendance))
19 SYSTEMPATH\CodeIgniter.php(354): CodeIgniter\CodeIgniter->handleRequest(null, Object(Config\Cache), false)
20 SYSTEMPATH\Boot.php(363): CodeIgniter\CodeIgniter->run()
21 SYSTEMPATH\Boot.php(68): CodeIgniter\Boot::runCodeIgniter(Object(CodeIgniter\CodeIgniter))
22 FCPATH\index.php(56): CodeIgniter\Boot::bootWeb(Object(Config\Paths))
23 C:\Program Files\Herd\resources\app.asar.unpacked\resources\valet\server.php(139): require('D:\\LOCALHOST\\hrm.healthgenie\\public\\index.php')
CRITICAL - 2025-11-29 06:41:16 --> ParseError: syntax error, unexpected token "}"
[Method: CLI, Route: attendance:process]
in APPPATH\Pipes\LateComingAdjustment.php on line 446.
 1 VENDORPATH\composer\ClassLoader.php(427): Composer\Autoload\{closure}('D:\\LOCALHOST\\hrm.healthgenie\\vendor\\composer/../../app/Pipes/LateComingAdjustment.php')
 2 APPPATH\Libraries\Pipeline.php(30): Composer\Autoload\ClassLoader->loadClass('App\\Pipes\\LateComingAdjustment')
 3 APPPATH\Pipes\ProcessAttendance.php(62): App\Libraries\Pipeline->App\Libraries\{closure}([...])
 4 APPPATH\Libraries\Pipeline.php(30): App\Pipes\ProcessAttendance->handle([...], Object(Closure))
 5 APPPATH\Pipes\GetAttendanceClean.php(33): App\Libraries\Pipeline->App\Libraries\{closure}([...])
 6 APPPATH\Libraries\Pipeline.php(30): App\Pipes\GetAttendanceClean->handle([...], Object(Closure))
 7 APPPATH\Pipes\ShiftRulesAndDetails.php(39): App\Libraries\Pipeline->App\Libraries\{closure}([...])
 8 APPPATH\Libraries\Pipeline.php(30): App\Pipes\ShiftRulesAndDetails->handle([...], Object(Closure))
 9 APPPATH\Pipes\BasicDetails.php(37): App\Libraries\Pipeline->App\Libraries\{closure}([...])
10 APPPATH\Libraries\Pipeline.php(30): App\Pipes\BasicDetails->handle([...], Object(Closure))
11 APPPATH\Libraries\Pipeline.php(36): App\Libraries\Pipeline->App\Libraries\{closure}([...])
12 APPPATH\Controllers\Attendance\Processor.php(74): App\Libraries\Pipeline->then(Object(Closure))
13 APPPATH\Controllers\Attendance\Processor.php(38): App\Controllers\Attendance\Processor::ProcessPunchingData('160', '2025-11-01', '2025-11-30', true)
14 APPPATH\Libraries\AttendanceProcessor.php(154): App\Controllers\Attendance\Processor::getProcessedPunchingData('160', '2025-11-01', '2025-11-30')
15 APPPATH\Libraries\AttendanceProcessor.php(108): App\Libraries\AttendanceProcessor->processEmployee([...], '2025-11-01', '2025-11-30', false)
16 APPPATH\Commands\ProcessAttendance.php(96): App\Libraries\AttendanceProcessor->processAll(25, '2025-11', [...])
17 SYSTEMPATH\CLI\Commands.php(74): App\Commands\ProcessAttendance->run([...])
18 SYSTEMPATH\CLI\Console.php(47): CodeIgniter\CLI\Commands->run('attendance:process', [...])
19 SYSTEMPATH\Boot.php(388): CodeIgniter\CLI\Console->run()
20 SYSTEMPATH\Boot.php(133): CodeIgniter\Boot::runCommand(Object(CodeIgniter\CLI\Console))
21 ROOTPATH\spark(84): CodeIgniter\Boot::bootSpark(Object(Config\Paths))
CRITICAL - 2025-11-29 07:02:16 --> Exception: Failed to parse time string (--:--) at position 0 (-): Unexpected character
[Method: CLI, Route: attendance:process]
in APPPATH\Pipes\AttendanceProcessor\ProcessorHelper.php on line 955.
 1 APPPATH\Pipes\AttendanceProcessor\ProcessorHelper.php(955): DateTime->__construct('--:--')
 2 APPPATH\Pipes\RecalculateForHeuer.php(39): App\Pipes\AttendanceProcessor\ProcessorHelper::get_time_difference('--:--', '08:00', 'minutes')
 3 APPPATH\Libraries\Pipeline.php(30): App\Pipes\RecalculateForHeuer->handle([...], Object(Closure))
 4 APPPATH\Pipes\ApplyAttendanceOverride.php(60): App\Libraries\Pipeline->App\Libraries\{closure}([...])
 5 APPPATH\Libraries\Pipeline.php(30): App\Pipes\ApplyAttendanceOverride->handle([...], Object(Closure))
 6 APPPATH\Pipes\SandwichSecondPass.php(23): App\Libraries\Pipeline->App\Libraries\{closure}([...])
 7 APPPATH\Libraries\Pipeline.php(30): App\Pipes\SandwichSecondPass->handle([...], Object(Closure))
 8 APPPATH\Pipes\LateComingAdjustment.php(670): App\Libraries\Pipeline->App\Libraries\{closure}([...])
 9 APPPATH\Libraries\Pipeline.php(30): App\Pipes\LateComingAdjustment->handle([...], Object(Closure))
10 APPPATH\Pipes\ProcessAttendance.php(62): App\Libraries\Pipeline->App\Libraries\{closure}([...])
11 APPPATH\Libraries\Pipeline.php(30): App\Pipes\ProcessAttendance->handle([...], Object(Closure))
12 APPPATH\Pipes\GetAttendanceClean.php(33): App\Libraries\Pipeline->App\Libraries\{closure}([...])
13 APPPATH\Libraries\Pipeline.php(30): App\Pipes\GetAttendanceClean->handle([...], Object(Closure))
14 APPPATH\Pipes\ShiftRulesAndDetails.php(39): App\Libraries\Pipeline->App\Libraries\{closure}([...])
15 APPPATH\Libraries\Pipeline.php(30): App\Pipes\ShiftRulesAndDetails->handle([...], Object(Closure))
16 APPPATH\Pipes\BasicDetails.php(37): App\Libraries\Pipeline->App\Libraries\{closure}([...])
17 APPPATH\Libraries\Pipeline.php(30): App\Pipes\BasicDetails->handle([...], Object(Closure))
18 APPPATH\Libraries\Pipeline.php(36): App\Libraries\Pipeline->App\Libraries\{closure}([...])
19 APPPATH\Controllers\Attendance\Processor.php(74): App\Libraries\Pipeline->then(Object(Closure))
20 APPPATH\Controllers\Attendance\Processor.php(38): App\Controllers\Attendance\Processor::ProcessPunchingData('160', '2025-11-01', '2025-11-30', true)
21 APPPATH\Libraries\AttendanceProcessor.php(154): App\Controllers\Attendance\Processor::getProcessedPunchingData('160', '2025-11-01', '2025-11-30')
22 APPPATH\Libraries\AttendanceProcessor.php(108): App\Libraries\AttendanceProcessor->processEmployee([...], '2025-11-01', '2025-11-30', false)
23 APPPATH\Commands\ProcessAttendance.php(96): App\Libraries\AttendanceProcessor->processAll(25, '2025-11', [...])
24 SYSTEMPATH\CLI\Commands.php(74): App\Commands\ProcessAttendance->run([...])
25 SYSTEMPATH\CLI\Console.php(47): CodeIgniter\CLI\Commands->run('attendance:process', [...])
26 SYSTEMPATH\Boot.php(388): CodeIgniter\CLI\Console->run()
27 SYSTEMPATH\Boot.php(133): CodeIgniter\Boot::runCommand(Object(CodeIgniter\CLI\Console))
28 ROOTPATH\spark(84): CodeIgniter\Boot::bootSpark(Object(Config\Paths))
CRITICAL - 2025-11-29 09:53:09 --> Exception: Failed to parse time string (--:--) at position 0 (-): Unexpected character
[Method: CLI, Route: attendance:process]
in APPPATH\Pipes\AttendanceProcessor\ProcessorHelper.php on line 955.
 1 APPPATH\Pipes\AttendanceProcessor\ProcessorHelper.php(955): DateTime->__construct('--:--')
 2 APPPATH\Pipes\RecalculateForHeuer.php(39): App\Pipes\AttendanceProcessor\ProcessorHelper::get_time_difference('--:--', '08:00', 'minutes')
 3 APPPATH\Libraries\Pipeline.php(30): App\Pipes\RecalculateForHeuer->handle([...], Object(Closure))
 4 APPPATH\Pipes\ApplyAttendanceOverride.php(60): App\Libraries\Pipeline->App\Libraries\{closure}([...])
 5 APPPATH\Libraries\Pipeline.php(30): App\Pipes\ApplyAttendanceOverride->handle([...], Object(Closure))
 6 APPPATH\Pipes\SandwichSecondPass.php(23): App\Libraries\Pipeline->App\Libraries\{closure}([...])
 7 APPPATH\Libraries\Pipeline.php(30): App\Pipes\SandwichSecondPass->handle([...], Object(Closure))
 8 APPPATH\Pipes\LateComingAdjustment.php(670): App\Libraries\Pipeline->App\Libraries\{closure}([...])
 9 APPPATH\Libraries\Pipeline.php(30): App\Pipes\LateComingAdjustment->handle([...], Object(Closure))
10 APPPATH\Pipes\ProcessAttendance.php(62): App\Libraries\Pipeline->App\Libraries\{closure}([...])
11 APPPATH\Libraries\Pipeline.php(30): App\Pipes\ProcessAttendance->handle([...], Object(Closure))
12 APPPATH\Pipes\GetAttendanceClean.php(33): App\Libraries\Pipeline->App\Libraries\{closure}([...])
13 APPPATH\Libraries\Pipeline.php(30): App\Pipes\GetAttendanceClean->handle([...], Object(Closure))
14 APPPATH\Pipes\ShiftRulesAndDetails.php(39): App\Libraries\Pipeline->App\Libraries\{closure}([...])
15 APPPATH\Libraries\Pipeline.php(30): App\Pipes\ShiftRulesAndDetails->handle([...], Object(Closure))
16 APPPATH\Pipes\BasicDetails.php(37): App\Libraries\Pipeline->App\Libraries\{closure}([...])
17 APPPATH\Libraries\Pipeline.php(30): App\Pipes\BasicDetails->handle([...], Object(Closure))
18 APPPATH\Libraries\Pipeline.php(36): App\Libraries\Pipeline->App\Libraries\{closure}([...])
19 APPPATH\Controllers\Attendance\Processor.php(74): App\Libraries\Pipeline->then(Object(Closure))
20 APPPATH\Controllers\Attendance\Processor.php(38): App\Controllers\Attendance\Processor::ProcessPunchingData('160', '2025-11-01', '2025-11-30', true)
21 APPPATH\Libraries\AttendanceProcessor.php(154): App\Controllers\Attendance\Processor::getProcessedPunchingData('160', '2025-11-01', '2025-11-30')
22 APPPATH\Libraries\AttendanceProcessor.php(108): App\Libraries\AttendanceProcessor->processEmployee([...], '2025-11-01', '2025-11-30', false)
23 APPPATH\Commands\ProcessAttendance.php(96): App\Libraries\AttendanceProcessor->processAll(25, '2025-11', [...])
24 SYSTEMPATH\CLI\Commands.php(74): App\Commands\ProcessAttendance->run([...])
25 SYSTEMPATH\CLI\Console.php(47): CodeIgniter\CLI\Commands->run('attendance:process', [...])
26 SYSTEMPATH\Boot.php(388): CodeIgniter\CLI\Console->run()
27 SYSTEMPATH\Boot.php(133): CodeIgniter\Boot::runCommand(Object(CodeIgniter\CLI\Console))
28 ROOTPATH\spark(84): CodeIgniter\Boot::bootSpark(Object(Config\Paths))
