CRITICAL - 2025-11-28 07:08:28 --> ErrorException: A non-numeric value encountered
[Method: CLI, Route: attendance:process]
in APPPATH\Pipes\AttendanceProcessor\RefactorPunchingRow.php on line 32.
 1 APPPATH\Pipes\AttendanceProcessor\RefactorPunchingRow.php(32): CodeIgniter\Debug\Exceptions->errorHandler(2, 'A non-numeric value encountered', 'D:\\LOCALHOST\\hrm.healthgenie\\app\\Pipes\\AttendanceProcessor\\RefactorPunchingRow.php', 32)
 2 APPPATH\Libraries\Pipeline.php(30): App\Pipes\AttendanceProcessor\RefactorPunchingRow->handle([...], Object(Closure))
 3 APPPATH\Pipes\AttendanceProcessor\ApplyShiftOverride.php(47): App\Libraries\Pipeline->App\Libraries\{closure}([...])
 4 APPPATH\Libraries\Pipeline.php(30): App\Pipes\AttendanceProcessor\ApplyShiftOverride->handle([...], Object(Closure))
 5 APPPATH\Libraries\Pipeline.php(36): App\Libraries\Pipeline->App\Libraries\{closure}([...])
 6 APPPATH\Pipes\ProcessAttendance.php(52): App\Libraries\Pipeline->then(Object(Closure))
 7 APPPATH\Libraries\Pipeline.php(30): App\Pipes\ProcessAttendance->handle([...], Object(Closure))
 8 APPPATH\Pipes\GetAttendanceClean.php(33): App\Libraries\Pipeline->App\Libraries\{closure}([...])
 9 APPPATH\Libraries\Pipeline.php(30): App\Pipes\GetAttendanceClean->handle([...], Object(Closure))
10 APPPATH\Pipes\ShiftRulesAndDetails.php(39): App\Libraries\Pipeline->App\Libraries\{closure}([...])
11 APPPATH\Libraries\Pipeline.php(30): App\Pipes\ShiftRulesAndDetails->handle([...], Object(Closure))
12 APPPATH\Pipes\BasicDetails.php(37): App\Libraries\Pipeline->App\Libraries\{closure}([...])
13 APPPATH\Libraries\Pipeline.php(30): App\Pipes\BasicDetails->handle([...], Object(Closure))
14 APPPATH\Libraries\Pipeline.php(36): App\Libraries\Pipeline->App\Libraries\{closure}([...])
15 APPPATH\Controllers\Attendance\Processor.php(72): App\Libraries\Pipeline->then(Object(Closure))
16 APPPATH\Controllers\Attendance\Processor.php(37): App\Controllers\Attendance\Processor::ProcessPunchingData('160', '2025-10-01', '2025-10-31', true)
17 APPPATH\Libraries\AttendanceProcessor.php(154): App\Controllers\Attendance\Processor::getProcessedPunchingData('160', '2025-10-01', '2025-10-31')
18 APPPATH\Libraries\AttendanceProcessor.php(108): App\Libraries\AttendanceProcessor->processEmployee([...], '2025-10-01', '2025-10-31', false)
19 APPPATH\Commands\ProcessAttendance.php(96): App\Libraries\AttendanceProcessor->processAll(25, '2025-10', [...])
20 SYSTEMPATH\CLI\Commands.php(74): App\Commands\ProcessAttendance->run([...])
21 SYSTEMPATH\CLI\Console.php(47): CodeIgniter\CLI\Commands->run('attendance:process', [...])
22 SYSTEMPATH\Boot.php(388): CodeIgniter\CLI\Console->run()
23 SYSTEMPATH\Boot.php(133): CodeIgniter\Boot::runCommand(Object(CodeIgniter\CLI\Console))
24 ROOTPATH\spark(84): CodeIgniter\Boot::bootSpark(Object(Config\Paths))
CRITICAL - 2025-11-28 07:13:08 --> ErrorException: Undefined array key "shift_duration"
[Method: CLI, Route: attendance:process]
in APPPATH\Pipes\AttendanceProcessor\RefactorPunchingRow.php on line 41.
 1 APPPATH\Pipes\AttendanceProcessor\RefactorPunchingRow.php(41): CodeIgniter\Debug\Exceptions->errorHandler(2, 'Undefined array key "shift_duration"', 'D:\\LOCALHOST\\hrm.healthgenie\\app\\Pipes\\AttendanceProcessor\\RefactorPunchingRow.php', 41)
 2 APPPATH\Libraries\Pipeline.php(30): App\Pipes\AttendanceProcessor\RefactorPunchingRow->handle([...], Object(Closure))
 3 APPPATH\Pipes\AttendanceProcessor\ApplyShiftOverride.php(47): App\Libraries\Pipeline->App\Libraries\{closure}([...])
 4 APPPATH\Libraries\Pipeline.php(30): App\Pipes\AttendanceProcessor\ApplyShiftOverride->handle([...], Object(Closure))
 5 APPPATH\Libraries\Pipeline.php(36): App\Libraries\Pipeline->App\Libraries\{closure}([...])
 6 APPPATH\Pipes\ProcessAttendance.php(52): App\Libraries\Pipeline->then(Object(Closure))
 7 APPPATH\Libraries\Pipeline.php(30): App\Pipes\ProcessAttendance->handle([...], Object(Closure))
 8 APPPATH\Pipes\GetAttendanceClean.php(33): App\Libraries\Pipeline->App\Libraries\{closure}([...])
 9 APPPATH\Libraries\Pipeline.php(30): App\Pipes\GetAttendanceClean->handle([...], Object(Closure))
10 APPPATH\Pipes\ShiftRulesAndDetails.php(39): App\Libraries\Pipeline->App\Libraries\{closure}([...])
11 APPPATH\Libraries\Pipeline.php(30): App\Pipes\ShiftRulesAndDetails->handle([...], Object(Closure))
12 APPPATH\Pipes\BasicDetails.php(37): App\Libraries\Pipeline->App\Libraries\{closure}([...])
13 APPPATH\Libraries\Pipeline.php(30): App\Pipes\BasicDetails->handle([...], Object(Closure))
14 APPPATH\Libraries\Pipeline.php(36): App\Libraries\Pipeline->App\Libraries\{closure}([...])
15 APPPATH\Controllers\Attendance\Processor.php(72): App\Libraries\Pipeline->then(Object(Closure))
16 APPPATH\Controllers\Attendance\Processor.php(37): App\Controllers\Attendance\Processor::ProcessPunchingData('160', '2025-10-01', '2025-10-31', true)
17 APPPATH\Libraries\AttendanceProcessor.php(154): App\Controllers\Attendance\Processor::getProcessedPunchingData('160', '2025-10-01', '2025-10-31')
18 APPPATH\Libraries\AttendanceProcessor.php(108): App\Libraries\AttendanceProcessor->processEmployee([...], '2025-10-01', '2025-10-31', false)
19 APPPATH\Commands\ProcessAttendance.php(96): App\Libraries\AttendanceProcessor->processAll(25, '2025-10', [...])
20 SYSTEMPATH\CLI\Commands.php(74): App\Commands\ProcessAttendance->run([...])
21 SYSTEMPATH\CLI\Console.php(47): CodeIgniter\CLI\Commands->run('attendance:process', [...])
22 SYSTEMPATH\Boot.php(388): CodeIgniter\CLI\Console->run()
23 SYSTEMPATH\Boot.php(133): CodeIgniter\Boot::runCommand(Object(CodeIgniter\CLI\Console))
24 ROOTPATH\spark(84): CodeIgniter\Boot::bootSpark(Object(Config\Paths))
CRITICAL - 2025-11-28 07:37:18 --> ArgumentCountError: print_r() expects at most 2 arguments, 7 given
[Method: CLI, Route: attendance:process]
in APPPATH\Pipes\AttendanceProcessor\ProcessorHelper.php on line 190.
 1 APPPATH\Pipes\AttendanceProcessor\ProcessorHelper.php(190): print_r('08:11:00', '20:00:00', '08:00:00', '16:00:00', '2025-10-10', '160', 'reduce')
 2 APPPATH\Pipes\AttendanceProcessor\ProcessorHelper.php(132): App\Pipes\AttendanceProcessor\ProcessorHelper::get_punch_time_including_od('08:11:00', '20:00:00', '08:00:00', '16:00:00', '2025-10-10', '160', 'reduce')
 3 APPPATH\Pipes\AttendanceProcessor\PunchTimeCleanup.php(30): App\Pipes\AttendanceProcessor\ProcessorHelper::get_punch_time_between_shift_including_od('08:11:00', '20:00:00', '08:00:00', '16:00:00', '2025-10-10', '160', 'reduce')
 4 APPPATH\Libraries\Pipeline.php(30): App\Pipes\AttendanceProcessor\PunchTimeCleanup->handle([...], Object(Closure))
 5 APPPATH\Pipes\AttendanceProcessor\ApplyManualPunching.php(32): App\Libraries\Pipeline->App\Libraries\{closure}([...])
 6 APPPATH\Libraries\Pipeline.php(30): App\Pipes\AttendanceProcessor\ApplyManualPunching->handle([...], Object(Closure))
 7 APPPATH\Pipes\AttendanceProcessor\AdjustDayShiftAfterNightShift.php(66): App\Libraries\Pipeline->App\Libraries\{closure}([...])
 8 APPPATH\Libraries\Pipeline.php(30): App\Pipes\AttendanceProcessor\AdjustDayShiftAfterNightShift->handle([...], Object(Closure))
 9 APPPATH\Pipes\AttendanceProcessor\AdjustNightShiftAndSwitchToDay.php(79): App\Libraries\Pipeline->App\Libraries\{closure}([...])
10 APPPATH\Libraries\Pipeline.php(30): App\Pipes\AttendanceProcessor\AdjustNightShiftAndSwitchToDay->handle([...], Object(Closure))
11 APPPATH\Pipes\AttendanceProcessor\RefactorPunchingRow.php(45): App\Libraries\Pipeline->App\Libraries\{closure}([...])
12 APPPATH\Libraries\Pipeline.php(30): App\Pipes\AttendanceProcessor\RefactorPunchingRow->handle([...], Object(Closure))
13 APPPATH\Pipes\AttendanceProcessor\ApplyShiftOverride.php(47): App\Libraries\Pipeline->App\Libraries\{closure}([...])
14 APPPATH\Libraries\Pipeline.php(30): App\Pipes\AttendanceProcessor\ApplyShiftOverride->handle([...], Object(Closure))
15 APPPATH\Libraries\Pipeline.php(36): App\Libraries\Pipeline->App\Libraries\{closure}([...])
16 APPPATH\Pipes\ProcessAttendance.php(52): App\Libraries\Pipeline->then(Object(Closure))
17 APPPATH\Libraries\Pipeline.php(30): App\Pipes\ProcessAttendance->handle([...], Object(Closure))
18 APPPATH\Pipes\GetAttendanceClean.php(33): App\Libraries\Pipeline->App\Libraries\{closure}([...])
19 APPPATH\Libraries\Pipeline.php(30): App\Pipes\GetAttendanceClean->handle([...], Object(Closure))
20 APPPATH\Pipes\ShiftRulesAndDetails.php(39): App\Libraries\Pipeline->App\Libraries\{closure}([...])
21 APPPATH\Libraries\Pipeline.php(30): App\Pipes\ShiftRulesAndDetails->handle([...], Object(Closure))
22 APPPATH\Pipes\BasicDetails.php(37): App\Libraries\Pipeline->App\Libraries\{closure}([...])
23 APPPATH\Libraries\Pipeline.php(30): App\Pipes\BasicDetails->handle([...], Object(Closure))
24 APPPATH\Libraries\Pipeline.php(36): App\Libraries\Pipeline->App\Libraries\{closure}([...])
25 APPPATH\Controllers\Attendance\Processor.php(72): App\Libraries\Pipeline->then(Object(Closure))
26 APPPATH\Controllers\Attendance\Processor.php(37): App\Controllers\Attendance\Processor::ProcessPunchingData('160', '2025-10-01', '2025-10-31', true)
27 APPPATH\Libraries\AttendanceProcessor.php(154): App\Controllers\Attendance\Processor::getProcessedPunchingData('160', '2025-10-01', '2025-10-31')
28 APPPATH\Libraries\AttendanceProcessor.php(108): App\Libraries\AttendanceProcessor->processEmployee([...], '2025-10-01', '2025-10-31', false)
29 APPPATH\Commands\ProcessAttendance.php(96): App\Libraries\AttendanceProcessor->processAll(25, '2025-10', [...])
30 SYSTEMPATH\CLI\Commands.php(74): App\Commands\ProcessAttendance->run([...])
31 SYSTEMPATH\CLI\Console.php(47): CodeIgniter\CLI\Commands->run('attendance:process', [...])
32 SYSTEMPATH\Boot.php(388): CodeIgniter\CLI\Console->run()
33 SYSTEMPATH\Boot.php(133): CodeIgniter\Boot::runCommand(Object(CodeIgniter\CLI\Console))
34 ROOTPATH\spark(84): CodeIgniter\Boot::bootSpark(Object(Config\Paths))
CRITICAL - 2025-11-28 08:20:03 --> Error: Class "App\AttendanceProcessor\ProcessorHelper" not found
[Method: CLI, Route: attendance:process]
in APPPATH\Pipes\RecalculateForHeuer.php on line 27.
 1 APPPATH\Libraries\Pipeline.php(30): App\Pipes\RecalculateForHeuer->handle([...], Object(Closure))
 2 APPPATH\Pipes\ApplyAttendanceOverride.php(60): App\Libraries\Pipeline->App\Libraries\{closure}([...])
 3 APPPATH\Libraries\Pipeline.php(30): App\Pipes\ApplyAttendanceOverride->handle([...], Object(Closure))
 4 APPPATH\Pipes\SandwichSecondPass.php(23): App\Libraries\Pipeline->App\Libraries\{closure}([...])
 5 APPPATH\Libraries\Pipeline.php(30): App\Pipes\SandwichSecondPass->handle([...], Object(Closure))
 6 APPPATH\Pipes\LateComingAdjustment.php(562): App\Libraries\Pipeline->App\Libraries\{closure}([...])
 7 APPPATH\Libraries\Pipeline.php(30): App\Pipes\LateComingAdjustment->handle([...], Object(Closure))
 8 APPPATH\Pipes\ProcessAttendance.php(62): App\Libraries\Pipeline->App\Libraries\{closure}([...])
 9 APPPATH\Libraries\Pipeline.php(30): App\Pipes\ProcessAttendance->handle([...], Object(Closure))
10 APPPATH\Pipes\GetAttendanceClean.php(33): App\Libraries\Pipeline->App\Libraries\{closure}([...])
11 APPPATH\Libraries\Pipeline.php(30): App\Pipes\GetAttendanceClean->handle([...], Object(Closure))
12 APPPATH\Pipes\ShiftRulesAndDetails.php(39): App\Libraries\Pipeline->App\Libraries\{closure}([...])
13 APPPATH\Libraries\Pipeline.php(30): App\Pipes\ShiftRulesAndDetails->handle([...], Object(Closure))
14 APPPATH\Pipes\BasicDetails.php(37): App\Libraries\Pipeline->App\Libraries\{closure}([...])
15 APPPATH\Libraries\Pipeline.php(30): App\Pipes\BasicDetails->handle([...], Object(Closure))
16 APPPATH\Libraries\Pipeline.php(36): App\Libraries\Pipeline->App\Libraries\{closure}([...])
17 APPPATH\Controllers\Attendance\Processor.php(74): App\Libraries\Pipeline->then(Object(Closure))
18 APPPATH\Controllers\Attendance\Processor.php(38): App\Controllers\Attendance\Processor::ProcessPunchingData('160', '2025-10-01', '2025-10-31', true)
19 APPPATH\Libraries\AttendanceProcessor.php(154): App\Controllers\Attendance\Processor::getProcessedPunchingData('160', '2025-10-01', '2025-10-31')
20 APPPATH\Libraries\AttendanceProcessor.php(108): App\Libraries\AttendanceProcessor->processEmployee([...], '2025-10-01', '2025-10-31', false)
21 APPPATH\Commands\ProcessAttendance.php(96): App\Libraries\AttendanceProcessor->processAll(25, '2025-10', [...])
22 SYSTEMPATH\CLI\Commands.php(74): App\Commands\ProcessAttendance->run([...])
23 SYSTEMPATH\CLI\Console.php(47): CodeIgniter\CLI\Commands->run('attendance:process', [...])
24 SYSTEMPATH\Boot.php(388): CodeIgniter\CLI\Console->run()
25 SYSTEMPATH\Boot.php(133): CodeIgniter\Boot::runCommand(Object(CodeIgniter\CLI\Console))
26 ROOTPATH\spark(84): CodeIgniter\Boot::bootSpark(Object(Config\Paths))
CRITICAL - 2025-11-28 10:11:27 --> ErrorException: Undefined array key "shift_original"
[Method: CLI, Route: attendance:process]
in APPPATH\Pipes\RecalculateForHeuer.php on line 29.
 1 APPPATH\Pipes\RecalculateForHeuer.php(29): CodeIgniter\Debug\Exceptions->errorHandler(2, 'Undefined array key "shift_original"', 'D:\\LOCALHOST\\hrm.healthgenie\\app\\Pipes\\RecalculateForHeuer.php', 29)
 2 APPPATH\Libraries\Pipeline.php(30): App\Pipes\RecalculateForHeuer->handle([...], Object(Closure))
 3 APPPATH\Pipes\ApplyAttendanceOverride.php(60): App\Libraries\Pipeline->App\Libraries\{closure}([...])
 4 APPPATH\Libraries\Pipeline.php(30): App\Pipes\ApplyAttendanceOverride->handle([...], Object(Closure))
 5 APPPATH\Pipes\SandwichSecondPass.php(23): App\Libraries\Pipeline->App\Libraries\{closure}([...])
 6 APPPATH\Libraries\Pipeline.php(30): App\Pipes\SandwichSecondPass->handle([...], Object(Closure))
 7 APPPATH\Pipes\LateComingAdjustment.php(562): App\Libraries\Pipeline->App\Libraries\{closure}([...])
 8 APPPATH\Libraries\Pipeline.php(30): App\Pipes\LateComingAdjustment->handle([...], Object(Closure))
 9 APPPATH\Pipes\ProcessAttendance.php(62): App\Libraries\Pipeline->App\Libraries\{closure}([...])
10 APPPATH\Libraries\Pipeline.php(30): App\Pipes\ProcessAttendance->handle([...], Object(Closure))
11 APPPATH\Pipes\GetAttendanceClean.php(33): App\Libraries\Pipeline->App\Libraries\{closure}([...])
12 APPPATH\Libraries\Pipeline.php(30): App\Pipes\GetAttendanceClean->handle([...], Object(Closure))
13 APPPATH\Pipes\ShiftRulesAndDetails.php(39): App\Libraries\Pipeline->App\Libraries\{closure}([...])
14 APPPATH\Libraries\Pipeline.php(30): App\Pipes\ShiftRulesAndDetails->handle([...], Object(Closure))
15 APPPATH\Pipes\BasicDetails.php(37): App\Libraries\Pipeline->App\Libraries\{closure}([...])
16 APPPATH\Libraries\Pipeline.php(30): App\Pipes\BasicDetails->handle([...], Object(Closure))
17 APPPATH\Libraries\Pipeline.php(36): App\Libraries\Pipeline->App\Libraries\{closure}([...])
18 APPPATH\Controllers\Attendance\Processor.php(74): App\Libraries\Pipeline->then(Object(Closure))
19 APPPATH\Controllers\Attendance\Processor.php(38): App\Controllers\Attendance\Processor::ProcessPunchingData('160', '2025-10-01', '2025-10-31', true)
20 APPPATH\Libraries\AttendanceProcessor.php(154): App\Controllers\Attendance\Processor::getProcessedPunchingData('160', '2025-10-01', '2025-10-31')
21 APPPATH\Libraries\AttendanceProcessor.php(108): App\Libraries\AttendanceProcessor->processEmployee([...], '2025-10-01', '2025-10-31', false)
22 APPPATH\Commands\ProcessAttendance.php(96): App\Libraries\AttendanceProcessor->processAll(25, '2025-10', [...])
23 SYSTEMPATH\CLI\Commands.php(74): App\Commands\ProcessAttendance->run([...])
24 SYSTEMPATH\CLI\Console.php(47): CodeIgniter\CLI\Commands->run('attendance:process', [...])
25 SYSTEMPATH\Boot.php(388): CodeIgniter\CLI\Console->run()
26 SYSTEMPATH\Boot.php(133): CodeIgniter\Boot::runCommand(Object(CodeIgniter\CLI\Console))
27 ROOTPATH\spark(84): CodeIgniter\Boot::bootSpark(Object(Config\Paths))
CRITICAL - 2025-11-28 10:12:03 --> TypeError: date(): Argument #2 ($timestamp) must be of type ?int, string given
[Method: CLI, Route: attendance:process]
in APPPATH\Pipes\RecalculateForHeuer.php on line 70.
 1 APPPATH\Pipes\RecalculateForHeuer.php(70): date('H:i', '08:00')
 2 APPPATH\Libraries\Pipeline.php(30): App\Pipes\RecalculateForHeuer->handle([...], Object(Closure))
 3 APPPATH\Pipes\ApplyAttendanceOverride.php(60): App\Libraries\Pipeline->App\Libraries\{closure}([...])
 4 APPPATH\Libraries\Pipeline.php(30): App\Pipes\ApplyAttendanceOverride->handle([...], Object(Closure))
 5 APPPATH\Pipes\SandwichSecondPass.php(23): App\Libraries\Pipeline->App\Libraries\{closure}([...])
 6 APPPATH\Libraries\Pipeline.php(30): App\Pipes\SandwichSecondPass->handle([...], Object(Closure))
 7 APPPATH\Pipes\LateComingAdjustment.php(562): App\Libraries\Pipeline->App\Libraries\{closure}([...])
 8 APPPATH\Libraries\Pipeline.php(30): App\Pipes\LateComingAdjustment->handle([...], Object(Closure))
 9 APPPATH\Pipes\ProcessAttendance.php(62): App\Libraries\Pipeline->App\Libraries\{closure}([...])
10 APPPATH\Libraries\Pipeline.php(30): App\Pipes\ProcessAttendance->handle([...], Object(Closure))
11 APPPATH\Pipes\GetAttendanceClean.php(33): App\Libraries\Pipeline->App\Libraries\{closure}([...])
12 APPPATH\Libraries\Pipeline.php(30): App\Pipes\GetAttendanceClean->handle([...], Object(Closure))
13 APPPATH\Pipes\ShiftRulesAndDetails.php(39): App\Libraries\Pipeline->App\Libraries\{closure}([...])
14 APPPATH\Libraries\Pipeline.php(30): App\Pipes\ShiftRulesAndDetails->handle([...], Object(Closure))
15 APPPATH\Pipes\BasicDetails.php(37): App\Libraries\Pipeline->App\Libraries\{closure}([...])
16 APPPATH\Libraries\Pipeline.php(30): App\Pipes\BasicDetails->handle([...], Object(Closure))
17 APPPATH\Libraries\Pipeline.php(36): App\Libraries\Pipeline->App\Libraries\{closure}([...])
18 APPPATH\Controllers\Attendance\Processor.php(74): App\Libraries\Pipeline->then(Object(Closure))
19 APPPATH\Controllers\Attendance\Processor.php(38): App\Controllers\Attendance\Processor::ProcessPunchingData('160', '2025-10-01', '2025-10-31', true)
20 APPPATH\Libraries\AttendanceProcessor.php(154): App\Controllers\Attendance\Processor::getProcessedPunchingData('160', '2025-10-01', '2025-10-31')
21 APPPATH\Libraries\AttendanceProcessor.php(108): App\Libraries\AttendanceProcessor->processEmployee([...], '2025-10-01', '2025-10-31', false)
22 APPPATH\Commands\ProcessAttendance.php(96): App\Libraries\AttendanceProcessor->processAll(25, '2025-10', [...])
23 SYSTEMPATH\CLI\Commands.php(74): App\Commands\ProcessAttendance->run([...])
24 SYSTEMPATH\CLI\Console.php(47): CodeIgniter\CLI\Commands->run('attendance:process', [...])
25 SYSTEMPATH\Boot.php(388): CodeIgniter\CLI\Console->run()
26 SYSTEMPATH\Boot.php(133): CodeIgniter\Boot::runCommand(Object(CodeIgniter\CLI\Console))
27 ROOTPATH\spark(84): CodeIgniter\Boot::bootSpark(Object(Config\Paths))
CRITICAL - 2025-11-28 11:08:41 --> ErrorException: Undefined variable $late_coming_including_od
[Method: CLI, Route: attendance:process]
in APPPATH\Pipes\RecalculateForHeuer.php on line 110.
 1 APPPATH\Pipes\RecalculateForHeuer.php(110): CodeIgniter\Debug\Exceptions->errorHandler(2, 'Undefined variable $late_coming_including_od', 'D:\\LOCALHOST\\hrm.healthgenie\\app\\Pipes\\RecalculateForHeuer.php', 110)
 2 APPPATH\Libraries\Pipeline.php(30): App\Pipes\RecalculateForHeuer->handle([...], Object(Closure))
 3 APPPATH\Pipes\ApplyAttendanceOverride.php(60): App\Libraries\Pipeline->App\Libraries\{closure}([...])
 4 APPPATH\Libraries\Pipeline.php(30): App\Pipes\ApplyAttendanceOverride->handle([...], Object(Closure))
 5 APPPATH\Pipes\SandwichSecondPass.php(23): App\Libraries\Pipeline->App\Libraries\{closure}([...])
 6 APPPATH\Libraries\Pipeline.php(30): App\Pipes\SandwichSecondPass->handle([...], Object(Closure))
 7 APPPATH\Pipes\LateComingAdjustment.php(562): App\Libraries\Pipeline->App\Libraries\{closure}([...])
 8 APPPATH\Libraries\Pipeline.php(30): App\Pipes\LateComingAdjustment->handle([...], Object(Closure))
 9 APPPATH\Pipes\ProcessAttendance.php(62): App\Libraries\Pipeline->App\Libraries\{closure}([...])
10 APPPATH\Libraries\Pipeline.php(30): App\Pipes\ProcessAttendance->handle([...], Object(Closure))
11 APPPATH\Pipes\GetAttendanceClean.php(33): App\Libraries\Pipeline->App\Libraries\{closure}([...])
12 APPPATH\Libraries\Pipeline.php(30): App\Pipes\GetAttendanceClean->handle([...], Object(Closure))
13 APPPATH\Pipes\ShiftRulesAndDetails.php(39): App\Libraries\Pipeline->App\Libraries\{closure}([...])
14 APPPATH\Libraries\Pipeline.php(30): App\Pipes\ShiftRulesAndDetails->handle([...], Object(Closure))
15 APPPATH\Pipes\BasicDetails.php(37): App\Libraries\Pipeline->App\Libraries\{closure}([...])
16 APPPATH\Libraries\Pipeline.php(30): App\Pipes\BasicDetails->handle([...], Object(Closure))
17 APPPATH\Libraries\Pipeline.php(36): App\Libraries\Pipeline->App\Libraries\{closure}([...])
18 APPPATH\Controllers\Attendance\Processor.php(74): App\Libraries\Pipeline->then(Object(Closure))
19 APPPATH\Controllers\Attendance\Processor.php(38): App\Controllers\Attendance\Processor::ProcessPunchingData('160', '2025-10-01', '2025-10-31', true)
20 APPPATH\Libraries\AttendanceProcessor.php(154): App\Controllers\Attendance\Processor::getProcessedPunchingData('160', '2025-10-01', '2025-10-31')
21 APPPATH\Libraries\AttendanceProcessor.php(108): App\Libraries\AttendanceProcessor->processEmployee([...], '2025-10-01', '2025-10-31', false)
22 APPPATH\Commands\ProcessAttendance.php(96): App\Libraries\AttendanceProcessor->processAll(25, '2025-10', [...])
23 SYSTEMPATH\CLI\Commands.php(74): App\Commands\ProcessAttendance->run([...])
24 SYSTEMPATH\CLI\Console.php(47): CodeIgniter\CLI\Commands->run('attendance:process', [...])
25 SYSTEMPATH\Boot.php(388): CodeIgniter\CLI\Console->run()
26 SYSTEMPATH\Boot.php(133): CodeIgniter\Boot::runCommand(Object(CodeIgniter\CLI\Console))
27 ROOTPATH\spark(84): CodeIgniter\Boot::bootSpark(Object(Config\Paths))
CRITICAL - 2025-11-28 13:24:04 --> ErrorException: Undefined variable $in_time_between_shift_including_od
[Method: CLI, Route: attendance:process]
in APPPATH\Pipes\RecalculateForHeuer.php on line 216.
 1 APPPATH\Pipes\RecalculateForHeuer.php(216): CodeIgniter\Debug\Exceptions->errorHandler(2, 'Undefined variable $in_time_between_shift_including_od', 'D:\\LOCALHOST\\hrm.healthgenie\\app\\Pipes\\RecalculateForHeuer.php', 216)
 2 APPPATH\Libraries\Pipeline.php(30): App\Pipes\RecalculateForHeuer->handle([...], Object(Closure))
 3 APPPATH\Pipes\ApplyAttendanceOverride.php(60): App\Libraries\Pipeline->App\Libraries\{closure}([...])
 4 APPPATH\Libraries\Pipeline.php(30): App\Pipes\ApplyAttendanceOverride->handle([...], Object(Closure))
 5 APPPATH\Pipes\SandwichSecondPass.php(23): App\Libraries\Pipeline->App\Libraries\{closure}([...])
 6 APPPATH\Libraries\Pipeline.php(30): App\Pipes\SandwichSecondPass->handle([...], Object(Closure))
 7 APPPATH\Pipes\LateComingAdjustment.php(562): App\Libraries\Pipeline->App\Libraries\{closure}([...])
 8 APPPATH\Libraries\Pipeline.php(30): App\Pipes\LateComingAdjustment->handle([...], Object(Closure))
 9 APPPATH\Pipes\ProcessAttendance.php(62): App\Libraries\Pipeline->App\Libraries\{closure}([...])
10 APPPATH\Libraries\Pipeline.php(30): App\Pipes\ProcessAttendance->handle([...], Object(Closure))
11 APPPATH\Pipes\GetAttendanceClean.php(33): App\Libraries\Pipeline->App\Libraries\{closure}([...])
12 APPPATH\Libraries\Pipeline.php(30): App\Pipes\GetAttendanceClean->handle([...], Object(Closure))
13 APPPATH\Pipes\ShiftRulesAndDetails.php(39): App\Libraries\Pipeline->App\Libraries\{closure}([...])
14 APPPATH\Libraries\Pipeline.php(30): App\Pipes\ShiftRulesAndDetails->handle([...], Object(Closure))
15 APPPATH\Pipes\BasicDetails.php(37): App\Libraries\Pipeline->App\Libraries\{closure}([...])
16 APPPATH\Libraries\Pipeline.php(30): App\Pipes\BasicDetails->handle([...], Object(Closure))
17 APPPATH\Libraries\Pipeline.php(36): App\Libraries\Pipeline->App\Libraries\{closure}([...])
18 APPPATH\Controllers\Attendance\Processor.php(74): App\Libraries\Pipeline->then(Object(Closure))
19 APPPATH\Controllers\Attendance\Processor.php(38): App\Controllers\Attendance\Processor::ProcessPunchingData('160', '2025-10-01', '2025-10-31', true)
20 APPPATH\Libraries\AttendanceProcessor.php(154): App\Controllers\Attendance\Processor::getProcessedPunchingData('160', '2025-10-01', '2025-10-31')
21 APPPATH\Libraries\AttendanceProcessor.php(108): App\Libraries\AttendanceProcessor->processEmployee([...], '2025-10-01', '2025-10-31', false)
22 APPPATH\Commands\ProcessAttendance.php(96): App\Libraries\AttendanceProcessor->processAll(25, '2025-10', [...])
23 SYSTEMPATH\CLI\Commands.php(74): App\Commands\ProcessAttendance->run([...])
24 SYSTEMPATH\CLI\Console.php(47): CodeIgniter\CLI\Commands->run('attendance:process', [...])
25 SYSTEMPATH\Boot.php(388): CodeIgniter\CLI\Console->run()
26 SYSTEMPATH\Boot.php(133): CodeIgniter\Boot::runCommand(Object(CodeIgniter\CLI\Console))
27 ROOTPATH\spark(84): CodeIgniter\Boot::bootSpark(Object(Config\Paths))
