CRITICAL - 2026-02-02 14:49:11 --> ErrorException: Maximum execution time of 300 seconds exceeded
[Method: POST, Route: ajax/hr/employee/send-absent-without-leave-notification]
in SYSTEMPATH\Database\MySQLi\Connection.php on line 327.
 1 [internal function]: CodeIgniter\Debug\Exceptions->shutdownHandler()
CRITICAL - 2026-02-02 14:49:13 --> ErrorException: Maximum execution time of 300 seconds exceeded
[Method: POST, Route: ajax/hr/employee/send-absent-without-leave-notification-heuer-only]
in SYSTEMPATH\Database\MySQLi\Connection.php on line 327.
 1 [internal function]: CodeIgniter\Debug\Exceptions->shutdownHandler()
CRITICAL - 2026-02-02 14:59:28 --> ErrorException: Maximum execution time of 300 seconds exceeded
[Method: POST, Route: ajax/hr/employee/send-absent-without-leave-notification]
in SYSTEMPATH\Database\MySQLi\Connection.php on line 327.
 1 [internal function]: CodeIgniter\Debug\Exceptions->shutdownHandler()
CRITICAL - 2026-02-02 15:02:59 --> ErrorException: Maximum execution time of 300 seconds exceeded
[Method: POST, Route: ajax/hr/employee/send-absent-without-leave-notification]
in SYSTEMPATH\Database\MySQLi\Connection.php on line 327.
 1 [internal function]: CodeIgniter\Debug\Exceptions->shutdownHandler()
CRITICAL - 2026-02-02 15:03:04 --> ErrorException: Maximum execution time of 300 seconds exceeded
[Method: POST, Route: ajax/hr/employee/send-absent-without-leave-notification-heuer-only]
in SYSTEMPATH\Database\MySQLi\Connection.php on line 327.
 1 [internal function]: CodeIgniter\Debug\Exceptions->shutdownHandler()
