CRITICAL - 2025-12-09 15:13:34 --> ErrorException: Undefined array key "shift_type"
[Method: GET, Route: ajax/profile/get-punching-reports]
in APPPATH\Pipes\AttendanceProcessor\ProcessorHelper.php on line 998.
 1 APPPATH\Pipes\AttendanceProcessor\ProcessorHelper.php(998): CodeIgniter\Debug\Exceptions->errorHandler(2, 'Undefined array key "shift_type"', 'D:\\LOCALHOST\\hrm.healthgenie\\app\\Pipes\\AttendanceProcessor\\ProcessorHelper.php', 998)
 2 APPPATH\Pipes\AttendanceProcessor\RefactorPunchingRow.php(25): App\Pipes\AttendanceProcessor\ProcessorHelper::get_shiftType('1')
 3 APPPATH\Libraries\Pipeline.php(30): App\Pipes\AttendanceProcessor\RefactorPunchingRow->handle([...], Object(Closure))
 4 APPPATH\Pipes\AttendanceProcessor\ApplyShiftOverride.php(47): App\Libraries\Pipeline->App\Libraries\{closure}([...])
 5 APPPATH\Libraries\Pipeline.php(30): App\Pipes\AttendanceProcessor\ApplyShiftOverride->handle([...], Object(Closure))
 6 APPPATH\Libraries\Pipeline.php(36): App\Libraries\Pipeline->App\Libraries\{closure}([...])
 7 APPPATH\Pipes\ProcessAttendance.php(52): App\Libraries\Pipeline->then(Object(Closure))
 8 APPPATH\Libraries\Pipeline.php(30): App\Pipes\ProcessAttendance->handle([...], Object(Closure))
 9 APPPATH\Pipes\GetAttendanceClean.php(34): App\Libraries\Pipeline->App\Libraries\{closure}([...])
10 APPPATH\Libraries\Pipeline.php(30): App\Pipes\GetAttendanceClean->handle([...], Object(Closure))
11 APPPATH\Pipes\ShiftRulesAndDetails.php(39): App\Libraries\Pipeline->App\Libraries\{closure}([...])
12 APPPATH\Libraries\Pipeline.php(30): App\Pipes\ShiftRulesAndDetails->handle([...], Object(Closure))
13 APPPATH\Pipes\BasicDetails.php(37): App\Libraries\Pipeline->App\Libraries\{closure}([...])
14 APPPATH\Libraries\Pipeline.php(30): App\Pipes\BasicDetails->handle([...], Object(Closure))
15 APPPATH\Libraries\Pipeline.php(36): App\Libraries\Pipeline->App\Libraries\{closure}([...])
16 APPPATH\Controllers\Attendance\Processor.php(72): App\Libraries\Pipeline->then(Object(Closure))
17 APPPATH\Controllers\Attendance\Processor.php(37): App\Controllers\Attendance\Processor::ProcessPunchingData('40', '2025-12-01', '2025-12-09', true)
18 APPPATH\Controllers\User\Profile.php(597): App\Controllers\Attendance\Processor::getProcessedPunchingData('40', '2025-12-01', '2025-12-09')
19 SYSTEMPATH\CodeIgniter.php(933): App\Controllers\User\Profile->getPunchingReports()
20 SYSTEMPATH\CodeIgniter.php(507): CodeIgniter\CodeIgniter->runController(Object(App\Controllers\User\Profile))
21 SYSTEMPATH\CodeIgniter.php(354): CodeIgniter\CodeIgniter->handleRequest(null, Object(Config\Cache), false)
22 SYSTEMPATH\Boot.php(363): CodeIgniter\CodeIgniter->run()
23 SYSTEMPATH\Boot.php(68): CodeIgniter\Boot::runCodeIgniter(Object(CodeIgniter\CodeIgniter))
24 FCPATH\index.php(56): CodeIgniter\Boot::bootWeb(Object(Config\Paths))
25 C:\Program Files\Herd\resources\app.asar.unpacked\resources\valet\server.php(139): require('D:\\LOCALHOST\\hrm.healthgenie\\public\\index.php')
