ERROR - 2025-12-31 12:31:43 --> Email: sendWithMail throwed ErrorException: mail(): Failed to connect to mailserver at &quot;localhost&quot; port 25, verify your &quot;SMTP&quot; and &quot;smtp_port&quot; setting in php.ini or use ini_set() in D:\LOCALHOST\hrm.healthgenie\vendor\codeigniter4\framework\system\Email\Email.php:1771
Stack trace:
#0 [internal function]: CodeIgniter\Debug\Exceptions->errorHandler(2, 'mail(): Failed ...', 'D:\\LOCALHOST\\hr...', 1771)
#1 D:\LOCALHOST\hrm.healthgenie\vendor\codeigniter4\framework\system\Email\Email.php(1771): mail('payroll1@gstc.c...', '=?UTF-8?Q?Absen...', '\r\n             ...', 'Date: Wed, 31 D...', '-f app.hrm@heal...')
#2 D:\LOCALHOST\hrm.healthgenie\vendor\codeigniter4\framework\system\Email\Email.php(1703): CodeIgniter\Email\Email->sendWithMail()
#3 D:\LOCALHOST\hrm.healthgenie\vendor\codeigniter4\framework\system\Email\Email.php(1597): CodeIgniter\Email\Email->spoolEmail()
#4 D:\LOCALHOST\hrm.healthgenie\app\Controllers\Cron\ServerCron.php(273): CodeIgniter\Email\Email->send()
#5 D:\LOCALHOST\hrm.healthgenie\vendor\codeigniter4\framework\system\CodeIgniter.php(933): App\Controllers\Cron\ServerCron->sendAbsentWithoutLeaveNotification()
#6 D:\LOCALHOST\hrm.healthgenie\vendor\codeigniter4\framework\system\CodeIgniter.php(507): CodeIgniter\CodeIgniter->runController(Object(App\Controllers\Cron\ServerCron))
#7 D:\LOCALHOST\hrm.healthgenie\vendor\codeigniter4\framework\system\CodeIgniter.php(354): CodeIgniter\CodeIgniter->handleRequest(NULL, Object(Config\Cache), false)
#8 D:\LOCALHOST\hrm.healthgenie\vendor\codeigniter4\framework\system\Boot.php(363): CodeIgniter\CodeIgniter->run()
#9 D:\LOCALHOST\hrm.healthgenie\vendor\codeigniter4\framework\system\Boot.php(68): CodeIgniter\Boot::runCodeIgniter(Object(CodeIgniter\CodeIgniter))
#10 D:\LOCALHOST\hrm.healthgenie\public\index.php(56): CodeIgniter\Boot::bootWeb(Object(Config\Paths))
#11 C:\Program Files\Herd\resources\app.asar.unpacked\resources\valet\server.php(139): require('D:\\LOCALHOST\\hr...')
#12 {main}
ERROR - 2025-12-31 12:31:43 --> Email: Unable to send email using PHP mail(). Your server might not be configured to send mail using this method.
ERROR - 2025-12-31 12:31:43 --> 
ERROR - 2025-12-31 12:31:48 --> Email: sendWithMail throwed ErrorException: mail(): Failed to connect to mailserver at &quot;localhost&quot; port 25, verify your &quot;SMTP&quot; and &quot;smtp_port&quot; setting in php.ini or use ini_set() in D:\LOCALHOST\hrm.healthgenie\vendor\codeigniter4\framework\system\Email\Email.php:1771
Stack trace:
#0 [internal function]: CodeIgniter\Debug\Exceptions->errorHandler(2, 'mail(): Failed ...', 'D:\\LOCALHOST\\hr...', 1771)
#1 D:\LOCALHOST\hrm.healthgenie\vendor\codeigniter4\framework\system\Email\Email.php(1771): mail('hrd@heuerintern...', '=?UTF-8?Q?Absen...', '<div style="fon...', 'Date: Wed, 31 D...', '-f app.hrm@heal...')
#2 D:\LOCALHOST\hrm.healthgenie\vendor\codeigniter4\framework\system\Email\Email.php(1703): CodeIgniter\Email\Email->sendWithMail()
#3 D:\LOCALHOST\hrm.healthgenie\vendor\codeigniter4\framework\system\Email\Email.php(1597): CodeIgniter\Email\Email->spoolEmail()
#4 D:\LOCALHOST\hrm.healthgenie\app\Controllers\Cron\ServerCron.php(390): CodeIgniter\Email\Email->send()
#5 D:\LOCALHOST\hrm.healthgenie\vendor\codeigniter4\framework\system\CodeIgniter.php(933): App\Controllers\Cron\ServerCron->sendAbsentWithoutLeaveNotificationHeuerOnly()
#6 D:\LOCALHOST\hrm.healthgenie\vendor\codeigniter4\framework\system\CodeIgniter.php(507): CodeIgniter\CodeIgniter->runController(Object(App\Controllers\Cron\ServerCron))
#7 D:\LOCALHOST\hrm.healthgenie\vendor\codeigniter4\framework\system\CodeIgniter.php(354): CodeIgniter\CodeIgniter->handleRequest(NULL, Object(Config\Cache), false)
#8 D:\LOCALHOST\hrm.healthgenie\vendor\codeigniter4\framework\system\Boot.php(363): CodeIgniter\CodeIgniter->run()
#9 D:\LOCALHOST\hrm.healthgenie\vendor\codeigniter4\framework\system\Boot.php(68): CodeIgniter\Boot::runCodeIgniter(Object(CodeIgniter\CodeIgniter))
#10 D:\LOCALHOST\hrm.healthgenie\public\index.php(56): CodeIgniter\Boot::bootWeb(Object(Config\Paths))
#11 C:\Program Files\Herd\resources\app.asar.unpacked\resources\valet\server.php(139): require('D:\\LOCALHOST\\hr...')
#12 {main}
ERROR - 2025-12-31 12:31:48 --> Email: Unable to send email using PHP mail(). Your server might not be configured to send mail using this method.
ERROR - 2025-12-31 12:31:48 --> 
ERROR - 2025-12-31 13:29:05 --> Email: sendWithMail throwed ErrorException: mail(): Failed to connect to mailserver at &quot;localhost&quot; port 25, verify your &quot;SMTP&quot; and &quot;smtp_port&quot; setting in php.ini or use ini_set() in D:\LOCALHOST\hrm.healthgenie\vendor\codeigniter4\framework\system\Email\Email.php:1771
Stack trace:
#0 [internal function]: CodeIgniter\Debug\Exceptions->errorHandler(2, 'mail(): Failed ...', 'D:\\LOCALHOST\\hr...', 1771)
#1 D:\LOCALHOST\hrm.healthgenie\vendor\codeigniter4\framework\system\Email\Email.php(1771): mail('payroll1@gstc.c...', '=?UTF-8?Q?Absen...', '\r\n             ...', 'Date: Wed, 31 D...', '-f app.hrm@heal...')
#2 D:\LOCALHOST\hrm.healthgenie\vendor\codeigniter4\framework\system\Email\Email.php(1703): CodeIgniter\Email\Email->sendWithMail()
#3 D:\LOCALHOST\hrm.healthgenie\vendor\codeigniter4\framework\system\Email\Email.php(1597): CodeIgniter\Email\Email->spoolEmail()
#4 D:\LOCALHOST\hrm.healthgenie\app\Controllers\Cron\ServerCron.php(273): CodeIgniter\Email\Email->send()
#5 D:\LOCALHOST\hrm.healthgenie\vendor\codeigniter4\framework\system\CodeIgniter.php(933): App\Controllers\Cron\ServerCron->sendAbsentWithoutLeaveNotification()
#6 D:\LOCALHOST\hrm.healthgenie\vendor\codeigniter4\framework\system\CodeIgniter.php(507): CodeIgniter\CodeIgniter->runController(Object(App\Controllers\Cron\ServerCron))
#7 D:\LOCALHOST\hrm.healthgenie\vendor\codeigniter4\framework\system\CodeIgniter.php(354): CodeIgniter\CodeIgniter->handleRequest(NULL, Object(Config\Cache), false)
#8 D:\LOCALHOST\hrm.healthgenie\vendor\codeigniter4\framework\system\Boot.php(363): CodeIgniter\CodeIgniter->run()
#9 D:\LOCALHOST\hrm.healthgenie\vendor\codeigniter4\framework\system\Boot.php(68): CodeIgniter\Boot::runCodeIgniter(Object(CodeIgniter\CodeIgniter))
#10 D:\LOCALHOST\hrm.healthgenie\public\index.php(56): CodeIgniter\Boot::bootWeb(Object(Config\Paths))
#11 C:\Program Files\Herd\resources\app.asar.unpacked\resources\valet\server.php(139): require('D:\\LOCALHOST\\hr...')
#12 {main}
ERROR - 2025-12-31 13:29:05 --> Email: Unable to send email using PHP mail(). Your server might not be configured to send mail using this method.
ERROR - 2025-12-31 13:29:05 --> 
ERROR - 2025-12-31 13:29:09 --> Email: sendWithMail throwed ErrorException: mail(): Failed to connect to mailserver at &quot;localhost&quot; port 25, verify your &quot;SMTP&quot; and &quot;smtp_port&quot; setting in php.ini or use ini_set() in D:\LOCALHOST\hrm.healthgenie\vendor\codeigniter4\framework\system\Email\Email.php:1771
Stack trace:
#0 [internal function]: CodeIgniter\Debug\Exceptions->errorHandler(2, 'mail(): Failed ...', 'D:\\LOCALHOST\\hr...', 1771)
#1 D:\LOCALHOST\hrm.healthgenie\vendor\codeigniter4\framework\system\Email\Email.php(1771): mail('hrd@heuerintern...', '=?UTF-8?Q?Absen...', '<div style="fon...', 'Date: Wed, 31 D...', '-f app.hrm@heal...')
#2 D:\LOCALHOST\hrm.healthgenie\vendor\codeigniter4\framework\system\Email\Email.php(1703): CodeIgniter\Email\Email->sendWithMail()
#3 D:\LOCALHOST\hrm.healthgenie\vendor\codeigniter4\framework\system\Email\Email.php(1597): CodeIgniter\Email\Email->spoolEmail()
#4 D:\LOCALHOST\hrm.healthgenie\app\Controllers\Cron\ServerCron.php(390): CodeIgniter\Email\Email->send()
#5 D:\LOCALHOST\hrm.healthgenie\vendor\codeigniter4\framework\system\CodeIgniter.php(933): App\Controllers\Cron\ServerCron->sendAbsentWithoutLeaveNotificationHeuerOnly()
#6 D:\LOCALHOST\hrm.healthgenie\vendor\codeigniter4\framework\system\CodeIgniter.php(507): CodeIgniter\CodeIgniter->runController(Object(App\Controllers\Cron\ServerCron))
#7 D:\LOCALHOST\hrm.healthgenie\vendor\codeigniter4\framework\system\CodeIgniter.php(354): CodeIgniter\CodeIgniter->handleRequest(NULL, Object(Config\Cache), false)
#8 D:\LOCALHOST\hrm.healthgenie\vendor\codeigniter4\framework\system\Boot.php(363): CodeIgniter\CodeIgniter->run()
#9 D:\LOCALHOST\hrm.healthgenie\vendor\codeigniter4\framework\system\Boot.php(68): CodeIgniter\Boot::runCodeIgniter(Object(CodeIgniter\CodeIgniter))
#10 D:\LOCALHOST\hrm.healthgenie\public\index.php(56): CodeIgniter\Boot::bootWeb(Object(Config\Paths))
#11 C:\Program Files\Herd\resources\app.asar.unpacked\resources\valet\server.php(139): require('D:\\LOCALHOST\\hr...')
#12 {main}
ERROR - 2025-12-31 13:29:09 --> Email: Unable to send email using PHP mail(). Your server might not be configured to send mail using this method.
ERROR - 2025-12-31 13:29:09 --> 
ERROR - 2025-12-31 14:44:29 --> Email: sendWithMail throwed ErrorException: mail(): Failed to connect to mailserver at &quot;localhost&quot; port 25, verify your &quot;SMTP&quot; and &quot;smtp_port&quot; setting in php.ini or use ini_set() in D:\LOCALHOST\hrm.healthgenie\vendor\codeigniter4\framework\system\Email\Email.php:1771
Stack trace:
#0 [internal function]: CodeIgniter\Debug\Exceptions->errorHandler(2, 'mail(): Failed ...', 'D:\\LOCALHOST\\hr...', 1771)
#1 D:\LOCALHOST\hrm.healthgenie\vendor\codeigniter4\framework\system\Email\Email.php(1771): mail('payroll1@gstc.c...', '=?UTF-8?Q?Absen...', '\r\n             ...', 'Date: Wed, 31 D...', '-f app.hrm@heal...')
#2 D:\LOCALHOST\hrm.healthgenie\vendor\codeigniter4\framework\system\Email\Email.php(1703): CodeIgniter\Email\Email->sendWithMail()
#3 D:\LOCALHOST\hrm.healthgenie\vendor\codeigniter4\framework\system\Email\Email.php(1597): CodeIgniter\Email\Email->spoolEmail()
#4 D:\LOCALHOST\hrm.healthgenie\app\Controllers\Cron\ServerCron.php(273): CodeIgniter\Email\Email->send()
#5 D:\LOCALHOST\hrm.healthgenie\vendor\codeigniter4\framework\system\CodeIgniter.php(933): App\Controllers\Cron\ServerCron->sendAbsentWithoutLeaveNotification()
#6 D:\LOCALHOST\hrm.healthgenie\vendor\codeigniter4\framework\system\CodeIgniter.php(507): CodeIgniter\CodeIgniter->runController(Object(App\Controllers\Cron\ServerCron))
#7 D:\LOCALHOST\hrm.healthgenie\vendor\codeigniter4\framework\system\CodeIgniter.php(354): CodeIgniter\CodeIgniter->handleRequest(NULL, Object(Config\Cache), false)
#8 D:\LOCALHOST\hrm.healthgenie\vendor\codeigniter4\framework\system\Boot.php(363): CodeIgniter\CodeIgniter->run()
#9 D:\LOCALHOST\hrm.healthgenie\vendor\codeigniter4\framework\system\Boot.php(68): CodeIgniter\Boot::runCodeIgniter(Object(CodeIgniter\CodeIgniter))
#10 D:\LOCALHOST\hrm.healthgenie\public\index.php(56): CodeIgniter\Boot::bootWeb(Object(Config\Paths))
#11 C:\Program Files\Herd\resources\app.asar.unpacked\resources\valet\server.php(139): require('D:\\LOCALHOST\\hr...')
#12 {main}
ERROR - 2025-12-31 14:44:29 --> Email: Unable to send email using PHP mail(). Your server might not be configured to send mail using this method.
ERROR - 2025-12-31 14:44:29 --> 
ERROR - 2025-12-31 14:44:32 --> Email: sendWithMail throwed ErrorException: mail(): Failed to connect to mailserver at &quot;localhost&quot; port 25, verify your &quot;SMTP&quot; and &quot;smtp_port&quot; setting in php.ini or use ini_set() in D:\LOCALHOST\hrm.healthgenie\vendor\codeigniter4\framework\system\Email\Email.php:1771
Stack trace:
#0 [internal function]: CodeIgniter\Debug\Exceptions->errorHandler(2, 'mail(): Failed ...', 'D:\\LOCALHOST\\hr...', 1771)
#1 D:\LOCALHOST\hrm.healthgenie\vendor\codeigniter4\framework\system\Email\Email.php(1771): mail('hrd@heuerintern...', '=?UTF-8?Q?Absen...', '<div style="fon...', 'Date: Wed, 31 D...', '-f app.hrm@heal...')
#2 D:\LOCALHOST\hrm.healthgenie\vendor\codeigniter4\framework\system\Email\Email.php(1703): CodeIgniter\Email\Email->sendWithMail()
#3 D:\LOCALHOST\hrm.healthgenie\vendor\codeigniter4\framework\system\Email\Email.php(1597): CodeIgniter\Email\Email->spoolEmail()
#4 D:\LOCALHOST\hrm.healthgenie\app\Controllers\Cron\ServerCron.php(390): CodeIgniter\Email\Email->send()
#5 D:\LOCALHOST\hrm.healthgenie\vendor\codeigniter4\framework\system\CodeIgniter.php(933): App\Controllers\Cron\ServerCron->sendAbsentWithoutLeaveNotificationHeuerOnly()
#6 D:\LOCALHOST\hrm.healthgenie\vendor\codeigniter4\framework\system\CodeIgniter.php(507): CodeIgniter\CodeIgniter->runController(Object(App\Controllers\Cron\ServerCron))
#7 D:\LOCALHOST\hrm.healthgenie\vendor\codeigniter4\framework\system\CodeIgniter.php(354): CodeIgniter\CodeIgniter->handleRequest(NULL, Object(Config\Cache), false)
#8 D:\LOCALHOST\hrm.healthgenie\vendor\codeigniter4\framework\system\Boot.php(363): CodeIgniter\CodeIgniter->run()
#9 D:\LOCALHOST\hrm.healthgenie\vendor\codeigniter4\framework\system\Boot.php(68): CodeIgniter\Boot::runCodeIgniter(Object(CodeIgniter\CodeIgniter))
#10 D:\LOCALHOST\hrm.healthgenie\public\index.php(56): CodeIgniter\Boot::bootWeb(Object(Config\Paths))
#11 C:\Program Files\Herd\resources\app.asar.unpacked\resources\valet\server.php(139): require('D:\\LOCALHOST\\hr...')
#12 {main}
ERROR - 2025-12-31 14:44:32 --> Email: Unable to send email using PHP mail(). Your server might not be configured to send mail using this method.
ERROR - 2025-12-31 14:44:32 --> 
ERROR - 2025-12-31 16:30:25 --> Email: sendWithMail throwed ErrorException: mail(): Failed to connect to mailserver at &quot;localhost&quot; port 25, verify your &quot;SMTP&quot; and &quot;smtp_port&quot; setting in php.ini or use ini_set() in D:\LOCALHOST\hrm.healthgenie\vendor\codeigniter4\framework\system\Email\Email.php:1771
Stack trace:
#0 [internal function]: CodeIgniter\Debug\Exceptions->errorHandler(2, 'mail(): Failed ...', 'D:\\LOCALHOST\\hr...', 1771)
#1 D:\LOCALHOST\hrm.healthgenie\vendor\codeigniter4\framework\system\Email\Email.php(1771): mail('payroll1@gstc.c...', '=?UTF-8?Q?Absen...', '\r\n             ...', 'Date: Wed, 31 D...', '-f app.hrm@heal...')
#2 D:\LOCALHOST\hrm.healthgenie\vendor\codeigniter4\framework\system\Email\Email.php(1703): CodeIgniter\Email\Email->sendWithMail()
#3 D:\LOCALHOST\hrm.healthgenie\vendor\codeigniter4\framework\system\Email\Email.php(1597): CodeIgniter\Email\Email->spoolEmail()
#4 D:\LOCALHOST\hrm.healthgenie\app\Controllers\Cron\ServerCron.php(273): CodeIgniter\Email\Email->send()
#5 D:\LOCALHOST\hrm.healthgenie\vendor\codeigniter4\framework\system\CodeIgniter.php(933): App\Controllers\Cron\ServerCron->sendAbsentWithoutLeaveNotification()
#6 D:\LOCALHOST\hrm.healthgenie\vendor\codeigniter4\framework\system\CodeIgniter.php(507): CodeIgniter\CodeIgniter->runController(Object(App\Controllers\Cron\ServerCron))
#7 D:\LOCALHOST\hrm.healthgenie\vendor\codeigniter4\framework\system\CodeIgniter.php(354): CodeIgniter\CodeIgniter->handleRequest(NULL, Object(Config\Cache), false)
#8 D:\LOCALHOST\hrm.healthgenie\vendor\codeigniter4\framework\system\Boot.php(363): CodeIgniter\CodeIgniter->run()
#9 D:\LOCALHOST\hrm.healthgenie\vendor\codeigniter4\framework\system\Boot.php(68): CodeIgniter\Boot::runCodeIgniter(Object(CodeIgniter\CodeIgniter))
#10 D:\LOCALHOST\hrm.healthgenie\public\index.php(56): CodeIgniter\Boot::bootWeb(Object(Config\Paths))
#11 C:\Program Files\Herd\resources\app.asar.unpacked\resources\valet\server.php(139): require('D:\\LOCALHOST\\hr...')
#12 {main}
ERROR - 2025-12-31 16:30:25 --> Email: Unable to send email using PHP mail(). Your server might not be configured to send mail using this method.
ERROR - 2025-12-31 16:30:25 --> 
ERROR - 2025-12-31 16:30:29 --> Email: sendWithMail throwed ErrorException: mail(): Failed to connect to mailserver at &quot;localhost&quot; port 25, verify your &quot;SMTP&quot; and &quot;smtp_port&quot; setting in php.ini or use ini_set() in D:\LOCALHOST\hrm.healthgenie\vendor\codeigniter4\framework\system\Email\Email.php:1771
Stack trace:
#0 [internal function]: CodeIgniter\Debug\Exceptions->errorHandler(2, 'mail(): Failed ...', 'D:\\LOCALHOST\\hr...', 1771)
#1 D:\LOCALHOST\hrm.healthgenie\vendor\codeigniter4\framework\system\Email\Email.php(1771): mail('hrd@heuerintern...', '=?UTF-8?Q?Absen...', '<div style="fon...', 'Date: Wed, 31 D...', '-f app.hrm@heal...')
#2 D:\LOCALHOST\hrm.healthgenie\vendor\codeigniter4\framework\system\Email\Email.php(1703): CodeIgniter\Email\Email->sendWithMail()
#3 D:\LOCALHOST\hrm.healthgenie\vendor\codeigniter4\framework\system\Email\Email.php(1597): CodeIgniter\Email\Email->spoolEmail()
#4 D:\LOCALHOST\hrm.healthgenie\app\Controllers\Cron\ServerCron.php(390): CodeIgniter\Email\Email->send()
#5 D:\LOCALHOST\hrm.healthgenie\vendor\codeigniter4\framework\system\CodeIgniter.php(933): App\Controllers\Cron\ServerCron->sendAbsentWithoutLeaveNotificationHeuerOnly()
#6 D:\LOCALHOST\hrm.healthgenie\vendor\codeigniter4\framework\system\CodeIgniter.php(507): CodeIgniter\CodeIgniter->runController(Object(App\Controllers\Cron\ServerCron))
#7 D:\LOCALHOST\hrm.healthgenie\vendor\codeigniter4\framework\system\CodeIgniter.php(354): CodeIgniter\CodeIgniter->handleRequest(NULL, Object(Config\Cache), false)
#8 D:\LOCALHOST\hrm.healthgenie\vendor\codeigniter4\framework\system\Boot.php(363): CodeIgniter\CodeIgniter->run()
#9 D:\LOCALHOST\hrm.healthgenie\vendor\codeigniter4\framework\system\Boot.php(68): CodeIgniter\Boot::runCodeIgniter(Object(CodeIgniter\CodeIgniter))
#10 D:\LOCALHOST\hrm.healthgenie\public\index.php(56): CodeIgniter\Boot::bootWeb(Object(Config\Paths))
#11 C:\Program Files\Herd\resources\app.asar.unpacked\resources\valet\server.php(139): require('D:\\LOCALHOST\\hr...')
#12 {main}
ERROR - 2025-12-31 16:30:29 --> Email: Unable to send email using PHP mail(). Your server might not be configured to send mail using this method.
ERROR - 2025-12-31 16:30:29 --> 
ERROR - 2025-12-31 16:31:22 --> Email: sendWithMail throwed ErrorException: mail(): Failed to connect to mailserver at &quot;localhost&quot; port 25, verify your &quot;SMTP&quot; and &quot;smtp_port&quot; setting in php.ini or use ini_set() in D:\LOCALHOST\hrm.healthgenie\vendor\codeigniter4\framework\system\Email\Email.php:1771
Stack trace:
#0 [internal function]: CodeIgniter\Debug\Exceptions->errorHandler(2, 'mail(): Failed ...', 'D:\\LOCALHOST\\hr...', 1771)
#1 D:\LOCALHOST\hrm.healthgenie\vendor\codeigniter4\framework\system\Email\Email.php(1771): mail('payroll1@gstc.c...', '=?UTF-8?Q?Absen...', '\r\n             ...', 'Date: Wed, 31 D...', '-f app.hrm@heal...')
#2 D:\LOCALHOST\hrm.healthgenie\vendor\codeigniter4\framework\system\Email\Email.php(1703): CodeIgniter\Email\Email->sendWithMail()
#3 D:\LOCALHOST\hrm.healthgenie\vendor\codeigniter4\framework\system\Email\Email.php(1597): CodeIgniter\Email\Email->spoolEmail()
#4 D:\LOCALHOST\hrm.healthgenie\app\Controllers\Cron\ServerCron.php(273): CodeIgniter\Email\Email->send()
#5 D:\LOCALHOST\hrm.healthgenie\vendor\codeigniter4\framework\system\CodeIgniter.php(933): App\Controllers\Cron\ServerCron->sendAbsentWithoutLeaveNotification()
#6 D:\LOCALHOST\hrm.healthgenie\vendor\codeigniter4\framework\system\CodeIgniter.php(507): CodeIgniter\CodeIgniter->runController(Object(App\Controllers\Cron\ServerCron))
#7 D:\LOCALHOST\hrm.healthgenie\vendor\codeigniter4\framework\system\CodeIgniter.php(354): CodeIgniter\CodeIgniter->handleRequest(NULL, Object(Config\Cache), false)
#8 D:\LOCALHOST\hrm.healthgenie\vendor\codeigniter4\framework\system\Boot.php(363): CodeIgniter\CodeIgniter->run()
#9 D:\LOCALHOST\hrm.healthgenie\vendor\codeigniter4\framework\system\Boot.php(68): CodeIgniter\Boot::runCodeIgniter(Object(CodeIgniter\CodeIgniter))
#10 D:\LOCALHOST\hrm.healthgenie\public\index.php(56): CodeIgniter\Boot::bootWeb(Object(Config\Paths))
#11 C:\Program Files\Herd\resources\app.asar.unpacked\resources\valet\server.php(139): require('D:\\LOCALHOST\\hr...')
#12 {main}
ERROR - 2025-12-31 16:31:22 --> Email: Unable to send email using PHP mail(). Your server might not be configured to send mail using this method.
ERROR - 2025-12-31 16:31:22 --> 
ERROR - 2025-12-31 16:31:27 --> Email: sendWithMail throwed ErrorException: mail(): Failed to connect to mailserver at &quot;localhost&quot; port 25, verify your &quot;SMTP&quot; and &quot;smtp_port&quot; setting in php.ini or use ini_set() in D:\LOCALHOST\hrm.healthgenie\vendor\codeigniter4\framework\system\Email\Email.php:1771
Stack trace:
#0 [internal function]: CodeIgniter\Debug\Exceptions->errorHandler(2, 'mail(): Failed ...', 'D:\\LOCALHOST\\hr...', 1771)
#1 D:\LOCALHOST\hrm.healthgenie\vendor\codeigniter4\framework\system\Email\Email.php(1771): mail('hrd@heuerintern...', '=?UTF-8?Q?Absen...', '<div style="fon...', 'Date: Wed, 31 D...', '-f app.hrm@heal...')
#2 D:\LOCALHOST\hrm.healthgenie\vendor\codeigniter4\framework\system\Email\Email.php(1703): CodeIgniter\Email\Email->sendWithMail()
#3 D:\LOCALHOST\hrm.healthgenie\vendor\codeigniter4\framework\system\Email\Email.php(1597): CodeIgniter\Email\Email->spoolEmail()
#4 D:\LOCALHOST\hrm.healthgenie\app\Controllers\Cron\ServerCron.php(390): CodeIgniter\Email\Email->send()
#5 D:\LOCALHOST\hrm.healthgenie\vendor\codeigniter4\framework\system\CodeIgniter.php(933): App\Controllers\Cron\ServerCron->sendAbsentWithoutLeaveNotificationHeuerOnly()
#6 D:\LOCALHOST\hrm.healthgenie\vendor\codeigniter4\framework\system\CodeIgniter.php(507): CodeIgniter\CodeIgniter->runController(Object(App\Controllers\Cron\ServerCron))
#7 D:\LOCALHOST\hrm.healthgenie\vendor\codeigniter4\framework\system\CodeIgniter.php(354): CodeIgniter\CodeIgniter->handleRequest(NULL, Object(Config\Cache), false)
#8 D:\LOCALHOST\hrm.healthgenie\vendor\codeigniter4\framework\system\Boot.php(363): CodeIgniter\CodeIgniter->run()
#9 D:\LOCALHOST\hrm.healthgenie\vendor\codeigniter4\framework\system\Boot.php(68): CodeIgniter\Boot::runCodeIgniter(Object(CodeIgniter\CodeIgniter))
#10 D:\LOCALHOST\hrm.healthgenie\public\index.php(56): CodeIgniter\Boot::bootWeb(Object(Config\Paths))
#11 C:\Program Files\Herd\resources\app.asar.unpacked\resources\valet\server.php(139): require('D:\\LOCALHOST\\hr...')
#12 {main}
ERROR - 2025-12-31 16:31:27 --> Email: Unable to send email using PHP mail(). Your server might not be configured to send mail using this method.
ERROR - 2025-12-31 16:31:27 --> 
CRITICAL - 2025-12-31 17:23:06 --> ParseError: syntax error, unexpected identifier "hing_row"
[Method: GET, Route: ajax/profile/get-punching-reports]
in APPPATH\Pipes\AttendanceProcessor\AddDataToPunchingRow.php on line 175.
 1 VENDORPATH\composer\ClassLoader.php(427): Composer\Autoload\{closure}('D:\\LOCALHOST\\hrm.healthgenie\\vendor\\composer/../../app/Pipes/AttendanceProcessor/AddDataToPunchingRow.php')
 2 APPPATH\Libraries\Pipeline.php(30): Composer\Autoload\ClassLoader->loadClass('App\\Pipes\\AttendanceProcessor\\AddDataToPunchingRow')
 3 APPPATH\Pipes\AttendanceProcessor\CheckFraudPunchesAndOverride.php(76): App\Libraries\Pipeline->App\Libraries\{closure}([...])
 4 APPPATH\Libraries\Pipeline.php(30): App\Pipes\AttendanceProcessor\CheckFraudPunchesAndOverride->handle([...], Object(Closure))
 5 APPPATH\Pipes\AttendanceProcessor\PunchTimeCleanup.php(65): App\Libraries\Pipeline->App\Libraries\{closure}([...])
 6 APPPATH\Libraries\Pipeline.php(30): App\Pipes\AttendanceProcessor\PunchTimeCleanup->handle([...], Object(Closure))
 7 APPPATH\Pipes\AttendanceProcessor\ApplyManualPunching.php(33): App\Libraries\Pipeline->App\Libraries\{closure}([...])
 8 APPPATH\Libraries\Pipeline.php(30): App\Pipes\AttendanceProcessor\ApplyManualPunching->handle([...], Object(Closure))
 9 APPPATH\Pipes\AttendanceProcessor\AdjustDayShiftAfterNightShift.php(66): App\Libraries\Pipeline->App\Libraries\{closure}([...])
10 APPPATH\Libraries\Pipeline.php(30): App\Pipes\AttendanceProcessor\AdjustDayShiftAfterNightShift->handle([...], Object(Closure))
11 APPPATH\Pipes\AttendanceProcessor\AdjustNightShiftAndSwitchToDay.php(79): App\Libraries\Pipeline->App\Libraries\{closure}([...])
12 APPPATH\Libraries\Pipeline.php(30): App\Pipes\AttendanceProcessor\AdjustNightShiftAndSwitchToDay->handle([...], Object(Closure))
13 APPPATH\Pipes\AttendanceProcessor\RefactorPunchingRow.php(80): App\Libraries\Pipeline->App\Libraries\{closure}([...])
14 APPPATH\Libraries\Pipeline.php(30): App\Pipes\AttendanceProcessor\RefactorPunchingRow->handle([...], Object(Closure))
15 APPPATH\Pipes\AttendanceProcessor\ApplyShiftOverride.php(56): App\Libraries\Pipeline->App\Libraries\{closure}([...])
16 APPPATH\Libraries\Pipeline.php(30): App\Pipes\AttendanceProcessor\ApplyShiftOverride->handle([...], Object(Closure))
17 APPPATH\Libraries\Pipeline.php(36): App\Libraries\Pipeline->App\Libraries\{closure}([...])
18 APPPATH\Pipes\ProcessAttendance.php(52): App\Libraries\Pipeline->then(Object(Closure))
19 APPPATH\Libraries\Pipeline.php(30): App\Pipes\ProcessAttendance->handle([...], Object(Closure))
20 APPPATH\Pipes\GetAttendanceClean.php(38): App\Libraries\Pipeline->App\Libraries\{closure}([...])
21 APPPATH\Libraries\Pipeline.php(30): App\Pipes\GetAttendanceClean->handle([...], Object(Closure))
22 APPPATH\Pipes\ShiftRulesAndDetails.php(39): App\Libraries\Pipeline->App\Libraries\{closure}([...])
23 APPPATH\Libraries\Pipeline.php(30): App\Pipes\ShiftRulesAndDetails->handle([...], Object(Closure))
24 APPPATH\Pipes\BasicDetails.php(37): App\Libraries\Pipeline->App\Libraries\{closure}([...])
25 APPPATH\Libraries\Pipeline.php(30): App\Pipes\BasicDetails->handle([...], Object(Closure))
26 APPPATH\Libraries\Pipeline.php(36): App\Libraries\Pipeline->App\Libraries\{closure}([...])
27 APPPATH\Controllers\Attendance\Processor.php(164): App\Libraries\Pipeline->then(Object(Closure))
28 APPPATH\Controllers\Attendance\Processor.php(124): App\Controllers\Attendance\Processor::ProcessPunchingData('40', '2025-12-01', '2025-12-31', true)
29 APPPATH\Libraries\AttendanceProcessor.php(155): App\Controllers\Attendance\Processor::getProcessedPunchingData('40', '2025-12-01', '2025-12-31')
30 APPPATH\Libraries\AttendanceProcessor.php(109): App\Libraries\AttendanceProcessor->processEmployee([...], '2025-12-01', '2025-12-31', false)
31 APPPATH\Controllers\Attendance\Processor.php(46): App\Libraries\AttendanceProcessor->processAll(25, '2025-12', [...])
32 APPPATH\Controllers\User\Profile.php(651): App\Controllers\Attendance\Processor::getProcessedPunchingDataProfile('40', '2025-12-01', '2025-12-31')
33 SYSTEMPATH\CodeIgniter.php(933): App\Controllers\User\Profile->getPunchingReports()
34 SYSTEMPATH\CodeIgniter.php(507): CodeIgniter\CodeIgniter->runController(Object(App\Controllers\User\Profile))
35 SYSTEMPATH\CodeIgniter.php(354): CodeIgniter\CodeIgniter->handleRequest(null, Object(Config\Cache), false)
36 SYSTEMPATH\Boot.php(363): CodeIgniter\CodeIgniter->run()
37 SYSTEMPATH\Boot.php(68): CodeIgniter\Boot::runCodeIgniter(Object(CodeIgniter\CodeIgniter))
38 FCPATH\index.php(56): CodeIgniter\Boot::bootWeb(Object(Config\Paths))
39 C:\Program Files\Herd\resources\app.asar.unpacked\resources\valet\server.php(139): require('D:\\LOCALHOST\\hrm.healthgenie\\public\\index.php')
CRITICAL - 2025-12-31 17:23:14 --> ParseError: syntax error, unexpected identifier "hing_row"
[Method: POST, Route: ajax/hr/employee/send-absent-without-leave-notification]
in APPPATH\Pipes\AttendanceProcessor\AddDataToPunchingRow.php on line 175.
 1 VENDORPATH\composer\ClassLoader.php(427): Composer\Autoload\{closure}('D:\\LOCALHOST\\hrm.healthgenie\\vendor\\composer/../../app/Pipes/AttendanceProcessor/AddDataToPunchingRow.php')
 2 APPPATH\Libraries\Pipeline.php(30): Composer\Autoload\ClassLoader->loadClass('App\\Pipes\\AttendanceProcessor\\AddDataToPunchingRow')
 3 APPPATH\Pipes\AttendanceProcessor\CheckFraudPunchesAndOverride.php(76): App\Libraries\Pipeline->App\Libraries\{closure}([...])
 4 APPPATH\Libraries\Pipeline.php(30): App\Pipes\AttendanceProcessor\CheckFraudPunchesAndOverride->handle([...], Object(Closure))
 5 APPPATH\Pipes\AttendanceProcessor\PunchTimeCleanup.php(65): App\Libraries\Pipeline->App\Libraries\{closure}([...])
 6 APPPATH\Libraries\Pipeline.php(30): App\Pipes\AttendanceProcessor\PunchTimeCleanup->handle([...], Object(Closure))
 7 APPPATH\Pipes\AttendanceProcessor\ApplyManualPunching.php(33): App\Libraries\Pipeline->App\Libraries\{closure}([...])
 8 APPPATH\Libraries\Pipeline.php(30): App\Pipes\AttendanceProcessor\ApplyManualPunching->handle([...], Object(Closure))
 9 APPPATH\Pipes\AttendanceProcessor\AdjustDayShiftAfterNightShift.php(66): App\Libraries\Pipeline->App\Libraries\{closure}([...])
10 APPPATH\Libraries\Pipeline.php(30): App\Pipes\AttendanceProcessor\AdjustDayShiftAfterNightShift->handle([...], Object(Closure))
11 APPPATH\Pipes\AttendanceProcessor\AdjustNightShiftAndSwitchToDay.php(79): App\Libraries\Pipeline->App\Libraries\{closure}([...])
12 APPPATH\Libraries\Pipeline.php(30): App\Pipes\AttendanceProcessor\AdjustNightShiftAndSwitchToDay->handle([...], Object(Closure))
13 APPPATH\Pipes\AttendanceProcessor\RefactorPunchingRow.php(80): App\Libraries\Pipeline->App\Libraries\{closure}([...])
14 APPPATH\Libraries\Pipeline.php(30): App\Pipes\AttendanceProcessor\RefactorPunchingRow->handle([...], Object(Closure))
15 APPPATH\Pipes\AttendanceProcessor\ApplyShiftOverride.php(56): App\Libraries\Pipeline->App\Libraries\{closure}([...])
16 APPPATH\Libraries\Pipeline.php(30): App\Pipes\AttendanceProcessor\ApplyShiftOverride->handle([...], Object(Closure))
17 APPPATH\Libraries\Pipeline.php(36): App\Libraries\Pipeline->App\Libraries\{closure}([...])
18 APPPATH\Pipes\ProcessAttendance.php(52): App\Libraries\Pipeline->then(Object(Closure))
19 APPPATH\Libraries\Pipeline.php(30): App\Pipes\ProcessAttendance->handle([...], Object(Closure))
20 APPPATH\Pipes\GetAttendanceClean.php(38): App\Libraries\Pipeline->App\Libraries\{closure}([...])
21 APPPATH\Libraries\Pipeline.php(30): App\Pipes\GetAttendanceClean->handle([...], Object(Closure))
22 APPPATH\Pipes\ShiftRulesAndDetails.php(39): App\Libraries\Pipeline->App\Libraries\{closure}([...])
23 APPPATH\Libraries\Pipeline.php(30): App\Pipes\ShiftRulesAndDetails->handle([...], Object(Closure))
24 APPPATH\Pipes\BasicDetails.php(37): App\Libraries\Pipeline->App\Libraries\{closure}([...])
25 APPPATH\Libraries\Pipeline.php(30): App\Pipes\BasicDetails->handle([...], Object(Closure))
26 APPPATH\Libraries\Pipeline.php(36): App\Libraries\Pipeline->App\Libraries\{closure}([...])
27 APPPATH\Controllers\Attendance\Processor.php(164): App\Libraries\Pipeline->then(Object(Closure))
28 APPPATH\Controllers\Attendance\Processor.php(124): App\Controllers\Attendance\Processor::ProcessPunchingData('2', '2025-12-29', '2025-12-31', true)
29 APPPATH\Controllers\Cron\ServerCron.php(82): App\Controllers\Attendance\Processor::getProcessedPunchingData('2', '2025-12-29', '2025-12-31')
30 APPPATH\Controllers\Cron\ServerCron.php(169): App\Controllers\Cron\ServerCron->checkEmployeeAbseanceWithoutApplingLeave()
31 SYSTEMPATH\CodeIgniter.php(933): App\Controllers\Cron\ServerCron->sendAbsentWithoutLeaveNotification()
32 SYSTEMPATH\CodeIgniter.php(507): CodeIgniter\CodeIgniter->runController(Object(App\Controllers\Cron\ServerCron))
33 SYSTEMPATH\CodeIgniter.php(354): CodeIgniter\CodeIgniter->handleRequest(null, Object(Config\Cache), false)
34 SYSTEMPATH\Boot.php(363): CodeIgniter\CodeIgniter->run()
35 SYSTEMPATH\Boot.php(68): CodeIgniter\Boot::runCodeIgniter(Object(CodeIgniter\CodeIgniter))
36 FCPATH\index.php(56): CodeIgniter\Boot::bootWeb(Object(Config\Paths))
37 C:\Program Files\Herd\resources\app.asar.unpacked\resources\valet\server.php(139): require('D:\\LOCALHOST\\hrm.healthgenie\\public\\index.php')
CRITICAL - 2025-12-31 17:23:19 --> ParseError: syntax error, unexpected identifier "hing_row"
[Method: POST, Route: ajax/hr/employee/send-absent-without-leave-notification-heuer-only]
in APPPATH\Pipes\AttendanceProcessor\AddDataToPunchingRow.php on line 175.
 1 VENDORPATH\composer\ClassLoader.php(427): Composer\Autoload\{closure}('D:\\LOCALHOST\\hrm.healthgenie\\vendor\\composer/../../app/Pipes/AttendanceProcessor/AddDataToPunchingRow.php')
 2 APPPATH\Libraries\Pipeline.php(30): Composer\Autoload\ClassLoader->loadClass('App\\Pipes\\AttendanceProcessor\\AddDataToPunchingRow')
 3 APPPATH\Pipes\AttendanceProcessor\CheckFraudPunchesAndOverride.php(76): App\Libraries\Pipeline->App\Libraries\{closure}([...])
 4 APPPATH\Libraries\Pipeline.php(30): App\Pipes\AttendanceProcessor\CheckFraudPunchesAndOverride->handle([...], Object(Closure))
 5 APPPATH\Pipes\AttendanceProcessor\PunchTimeCleanup.php(65): App\Libraries\Pipeline->App\Libraries\{closure}([...])
 6 APPPATH\Libraries\Pipeline.php(30): App\Pipes\AttendanceProcessor\PunchTimeCleanup->handle([...], Object(Closure))
 7 APPPATH\Pipes\AttendanceProcessor\ApplyManualPunching.php(33): App\Libraries\Pipeline->App\Libraries\{closure}([...])
 8 APPPATH\Libraries\Pipeline.php(30): App\Pipes\AttendanceProcessor\ApplyManualPunching->handle([...], Object(Closure))
 9 APPPATH\Pipes\AttendanceProcessor\AdjustDayShiftAfterNightShift.php(66): App\Libraries\Pipeline->App\Libraries\{closure}([...])
10 APPPATH\Libraries\Pipeline.php(30): App\Pipes\AttendanceProcessor\AdjustDayShiftAfterNightShift->handle([...], Object(Closure))
11 APPPATH\Pipes\AttendanceProcessor\AdjustNightShiftAndSwitchToDay.php(79): App\Libraries\Pipeline->App\Libraries\{closure}([...])
12 APPPATH\Libraries\Pipeline.php(30): App\Pipes\AttendanceProcessor\AdjustNightShiftAndSwitchToDay->handle([...], Object(Closure))
13 APPPATH\Pipes\AttendanceProcessor\RefactorPunchingRow.php(80): App\Libraries\Pipeline->App\Libraries\{closure}([...])
14 APPPATH\Libraries\Pipeline.php(30): App\Pipes\AttendanceProcessor\RefactorPunchingRow->handle([...], Object(Closure))
15 APPPATH\Pipes\AttendanceProcessor\ApplyShiftOverride.php(56): App\Libraries\Pipeline->App\Libraries\{closure}([...])
16 APPPATH\Libraries\Pipeline.php(30): App\Pipes\AttendanceProcessor\ApplyShiftOverride->handle([...], Object(Closure))
17 APPPATH\Libraries\Pipeline.php(36): App\Libraries\Pipeline->App\Libraries\{closure}([...])
18 APPPATH\Pipes\ProcessAttendance.php(52): App\Libraries\Pipeline->then(Object(Closure))
19 APPPATH\Libraries\Pipeline.php(30): App\Pipes\ProcessAttendance->handle([...], Object(Closure))
20 APPPATH\Pipes\GetAttendanceClean.php(38): App\Libraries\Pipeline->App\Libraries\{closure}([...])
21 APPPATH\Libraries\Pipeline.php(30): App\Pipes\GetAttendanceClean->handle([...], Object(Closure))
22 APPPATH\Pipes\ShiftRulesAndDetails.php(39): App\Libraries\Pipeline->App\Libraries\{closure}([...])
23 APPPATH\Libraries\Pipeline.php(30): App\Pipes\ShiftRulesAndDetails->handle([...], Object(Closure))
24 APPPATH\Pipes\BasicDetails.php(37): App\Libraries\Pipeline->App\Libraries\{closure}([...])
25 APPPATH\Libraries\Pipeline.php(30): App\Pipes\BasicDetails->handle([...], Object(Closure))
26 APPPATH\Libraries\Pipeline.php(36): App\Libraries\Pipeline->App\Libraries\{closure}([...])
27 APPPATH\Controllers\Attendance\Processor.php(164): App\Libraries\Pipeline->then(Object(Closure))
28 APPPATH\Controllers\Attendance\Processor.php(124): App\Controllers\Attendance\Processor::ProcessPunchingData('2', '2025-12-29', '2025-12-31', true)
29 APPPATH\Controllers\Cron\ServerCron.php(82): App\Controllers\Attendance\Processor::getProcessedPunchingData('2', '2025-12-29', '2025-12-31')
30 APPPATH\Controllers\Cron\ServerCron.php(297): App\Controllers\Cron\ServerCron->checkEmployeeAbseanceWithoutApplingLeave()
31 SYSTEMPATH\CodeIgniter.php(933): App\Controllers\Cron\ServerCron->sendAbsentWithoutLeaveNotificationHeuerOnly()
32 SYSTEMPATH\CodeIgniter.php(507): CodeIgniter\CodeIgniter->runController(Object(App\Controllers\Cron\ServerCron))
33 SYSTEMPATH\CodeIgniter.php(354): CodeIgniter\CodeIgniter->handleRequest(null, Object(Config\Cache), false)
34 SYSTEMPATH\Boot.php(363): CodeIgniter\CodeIgniter->run()
35 SYSTEMPATH\Boot.php(68): CodeIgniter\Boot::runCodeIgniter(Object(CodeIgniter\CodeIgniter))
36 FCPATH\index.php(56): CodeIgniter\Boot::bootWeb(Object(Config\Paths))
37 C:\Program Files\Herd\resources\app.asar.unpacked\resources\valet\server.php(139): require('D:\\LOCALHOST\\hrm.healthgenie\\public\\index.php')
CRITICAL - 2025-12-31 17:58:58 --> ParseError: syntax error, unexpected identifier "hing_row"
[Method: GET, Route: ajax/profile/get-punching-reports]
in APPPATH\Pipes\AttendanceProcessor\AddDataToPunchingRow.php on line 175.
 1 VENDORPATH\composer\ClassLoader.php(427): Composer\Autoload\{closure}('D:\\LOCALHOST\\hrm.healthgenie\\vendor\\composer/../../app/Pipes/AttendanceProcessor/AddDataToPunchingRow.php')
 2 APPPATH\Libraries\Pipeline.php(30): Composer\Autoload\ClassLoader->loadClass('App\\Pipes\\AttendanceProcessor\\AddDataToPunchingRow')
 3 APPPATH\Pipes\AttendanceProcessor\CheckFraudPunchesAndOverride.php(76): App\Libraries\Pipeline->App\Libraries\{closure}([...])
 4 APPPATH\Libraries\Pipeline.php(30): App\Pipes\AttendanceProcessor\CheckFraudPunchesAndOverride->handle([...], Object(Closure))
 5 APPPATH\Pipes\AttendanceProcessor\PunchTimeCleanup.php(65): App\Libraries\Pipeline->App\Libraries\{closure}([...])
 6 APPPATH\Libraries\Pipeline.php(30): App\Pipes\AttendanceProcessor\PunchTimeCleanup->handle([...], Object(Closure))
 7 APPPATH\Pipes\AttendanceProcessor\ApplyManualPunching.php(33): App\Libraries\Pipeline->App\Libraries\{closure}([...])
 8 APPPATH\Libraries\Pipeline.php(30): App\Pipes\AttendanceProcessor\ApplyManualPunching->handle([...], Object(Closure))
 9 APPPATH\Pipes\AttendanceProcessor\AdjustDayShiftAfterNightShift.php(66): App\Libraries\Pipeline->App\Libraries\{closure}([...])
10 APPPATH\Libraries\Pipeline.php(30): App\Pipes\AttendanceProcessor\AdjustDayShiftAfterNightShift->handle([...], Object(Closure))
11 APPPATH\Pipes\AttendanceProcessor\AdjustNightShiftAndSwitchToDay.php(79): App\Libraries\Pipeline->App\Libraries\{closure}([...])
12 APPPATH\Libraries\Pipeline.php(30): App\Pipes\AttendanceProcessor\AdjustNightShiftAndSwitchToDay->handle([...], Object(Closure))
13 APPPATH\Pipes\AttendanceProcessor\RefactorPunchingRow.php(80): App\Libraries\Pipeline->App\Libraries\{closure}([...])
14 APPPATH\Libraries\Pipeline.php(30): App\Pipes\AttendanceProcessor\RefactorPunchingRow->handle([...], Object(Closure))
15 APPPATH\Pipes\AttendanceProcessor\ApplyShiftOverride.php(56): App\Libraries\Pipeline->App\Libraries\{closure}([...])
16 APPPATH\Libraries\Pipeline.php(30): App\Pipes\AttendanceProcessor\ApplyShiftOverride->handle([...], Object(Closure))
17 APPPATH\Libraries\Pipeline.php(36): App\Libraries\Pipeline->App\Libraries\{closure}([...])
18 APPPATH\Pipes\ProcessAttendance.php(52): App\Libraries\Pipeline->then(Object(Closure))
19 APPPATH\Libraries\Pipeline.php(30): App\Pipes\ProcessAttendance->handle([...], Object(Closure))
20 APPPATH\Pipes\GetAttendanceClean.php(38): App\Libraries\Pipeline->App\Libraries\{closure}([...])
21 APPPATH\Libraries\Pipeline.php(30): App\Pipes\GetAttendanceClean->handle([...], Object(Closure))
22 APPPATH\Pipes\ShiftRulesAndDetails.php(39): App\Libraries\Pipeline->App\Libraries\{closure}([...])
23 APPPATH\Libraries\Pipeline.php(30): App\Pipes\ShiftRulesAndDetails->handle([...], Object(Closure))
24 APPPATH\Pipes\BasicDetails.php(37): App\Libraries\Pipeline->App\Libraries\{closure}([...])
25 APPPATH\Libraries\Pipeline.php(30): App\Pipes\BasicDetails->handle([...], Object(Closure))
26 APPPATH\Libraries\Pipeline.php(36): App\Libraries\Pipeline->App\Libraries\{closure}([...])
27 APPPATH\Controllers\Attendance\Processor.php(164): App\Libraries\Pipeline->then(Object(Closure))
28 APPPATH\Controllers\Attendance\Processor.php(124): App\Controllers\Attendance\Processor::ProcessPunchingData('385', '2025-12-01', '2025-12-31', true)
29 APPPATH\Libraries\AttendanceProcessor.php(155): App\Controllers\Attendance\Processor::getProcessedPunchingData('385', '2025-12-01', '2025-12-31')
30 APPPATH\Libraries\AttendanceProcessor.php(109): App\Libraries\AttendanceProcessor->processEmployee([...], '2025-12-01', '2025-12-31', false)
31 APPPATH\Controllers\Attendance\Processor.php(46): App\Libraries\AttendanceProcessor->processAll(25, '2025-12', [...])
32 APPPATH\Controllers\User\Profile.php(651): App\Controllers\Attendance\Processor::getProcessedPunchingDataProfile('385', '2025-12-01', '2025-12-31')
33 SYSTEMPATH\CodeIgniter.php(933): App\Controllers\User\Profile->getPunchingReports()
34 SYSTEMPATH\CodeIgniter.php(507): CodeIgniter\CodeIgniter->runController(Object(App\Controllers\User\Profile))
35 SYSTEMPATH\CodeIgniter.php(354): CodeIgniter\CodeIgniter->handleRequest(null, Object(Config\Cache), false)
36 SYSTEMPATH\Boot.php(363): CodeIgniter\CodeIgniter->run()
37 SYSTEMPATH\Boot.php(68): CodeIgniter\Boot::runCodeIgniter(Object(CodeIgniter\CodeIgniter))
38 FCPATH\index.php(56): CodeIgniter\Boot::bootWeb(Object(Config\Paths))
39 C:\Program Files\Herd\resources\app.asar.unpacked\resources\valet\server.php(139): require('D:\\LOCALHOST\\hrm.healthgenie\\public\\index.php')
CRITICAL - 2025-12-31 17:59:07 --> ParseError: syntax error, unexpected identifier "hing_row"
[Method: POST, Route: ajax/hr/employee/send-absent-without-leave-notification]
in APPPATH\Pipes\AttendanceProcessor\AddDataToPunchingRow.php on line 175.
 1 VENDORPATH\composer\ClassLoader.php(427): Composer\Autoload\{closure}('D:\\LOCALHOST\\hrm.healthgenie\\vendor\\composer/../../app/Pipes/AttendanceProcessor/AddDataToPunchingRow.php')
 2 APPPATH\Libraries\Pipeline.php(30): Composer\Autoload\ClassLoader->loadClass('App\\Pipes\\AttendanceProcessor\\AddDataToPunchingRow')
 3 APPPATH\Pipes\AttendanceProcessor\CheckFraudPunchesAndOverride.php(76): App\Libraries\Pipeline->App\Libraries\{closure}([...])
 4 APPPATH\Libraries\Pipeline.php(30): App\Pipes\AttendanceProcessor\CheckFraudPunchesAndOverride->handle([...], Object(Closure))
 5 APPPATH\Pipes\AttendanceProcessor\PunchTimeCleanup.php(65): App\Libraries\Pipeline->App\Libraries\{closure}([...])
 6 APPPATH\Libraries\Pipeline.php(30): App\Pipes\AttendanceProcessor\PunchTimeCleanup->handle([...], Object(Closure))
 7 APPPATH\Pipes\AttendanceProcessor\ApplyManualPunching.php(33): App\Libraries\Pipeline->App\Libraries\{closure}([...])
 8 APPPATH\Libraries\Pipeline.php(30): App\Pipes\AttendanceProcessor\ApplyManualPunching->handle([...], Object(Closure))
 9 APPPATH\Pipes\AttendanceProcessor\AdjustDayShiftAfterNightShift.php(66): App\Libraries\Pipeline->App\Libraries\{closure}([...])
10 APPPATH\Libraries\Pipeline.php(30): App\Pipes\AttendanceProcessor\AdjustDayShiftAfterNightShift->handle([...], Object(Closure))
11 APPPATH\Pipes\AttendanceProcessor\AdjustNightShiftAndSwitchToDay.php(79): App\Libraries\Pipeline->App\Libraries\{closure}([...])
12 APPPATH\Libraries\Pipeline.php(30): App\Pipes\AttendanceProcessor\AdjustNightShiftAndSwitchToDay->handle([...], Object(Closure))
13 APPPATH\Pipes\AttendanceProcessor\RefactorPunchingRow.php(80): App\Libraries\Pipeline->App\Libraries\{closure}([...])
14 APPPATH\Libraries\Pipeline.php(30): App\Pipes\AttendanceProcessor\RefactorPunchingRow->handle([...], Object(Closure))
15 APPPATH\Pipes\AttendanceProcessor\ApplyShiftOverride.php(56): App\Libraries\Pipeline->App\Libraries\{closure}([...])
16 APPPATH\Libraries\Pipeline.php(30): App\Pipes\AttendanceProcessor\ApplyShiftOverride->handle([...], Object(Closure))
17 APPPATH\Libraries\Pipeline.php(36): App\Libraries\Pipeline->App\Libraries\{closure}([...])
18 APPPATH\Pipes\ProcessAttendance.php(52): App\Libraries\Pipeline->then(Object(Closure))
19 APPPATH\Libraries\Pipeline.php(30): App\Pipes\ProcessAttendance->handle([...], Object(Closure))
20 APPPATH\Pipes\GetAttendanceClean.php(38): App\Libraries\Pipeline->App\Libraries\{closure}([...])
21 APPPATH\Libraries\Pipeline.php(30): App\Pipes\GetAttendanceClean->handle([...], Object(Closure))
22 APPPATH\Pipes\ShiftRulesAndDetails.php(39): App\Libraries\Pipeline->App\Libraries\{closure}([...])
23 APPPATH\Libraries\Pipeline.php(30): App\Pipes\ShiftRulesAndDetails->handle([...], Object(Closure))
24 APPPATH\Pipes\BasicDetails.php(37): App\Libraries\Pipeline->App\Libraries\{closure}([...])
25 APPPATH\Libraries\Pipeline.php(30): App\Pipes\BasicDetails->handle([...], Object(Closure))
26 APPPATH\Libraries\Pipeline.php(36): App\Libraries\Pipeline->App\Libraries\{closure}([...])
27 APPPATH\Controllers\Attendance\Processor.php(164): App\Libraries\Pipeline->then(Object(Closure))
28 APPPATH\Controllers\Attendance\Processor.php(124): App\Controllers\Attendance\Processor::ProcessPunchingData('2', '2025-12-29', '2025-12-31', true)
29 APPPATH\Controllers\Cron\ServerCron.php(82): App\Controllers\Attendance\Processor::getProcessedPunchingData('2', '2025-12-29', '2025-12-31')
30 APPPATH\Controllers\Cron\ServerCron.php(169): App\Controllers\Cron\ServerCron->checkEmployeeAbseanceWithoutApplingLeave()
31 SYSTEMPATH\CodeIgniter.php(933): App\Controllers\Cron\ServerCron->sendAbsentWithoutLeaveNotification()
32 SYSTEMPATH\CodeIgniter.php(507): CodeIgniter\CodeIgniter->runController(Object(App\Controllers\Cron\ServerCron))
33 SYSTEMPATH\CodeIgniter.php(354): CodeIgniter\CodeIgniter->handleRequest(null, Object(Config\Cache), false)
34 SYSTEMPATH\Boot.php(363): CodeIgniter\CodeIgniter->run()
35 SYSTEMPATH\Boot.php(68): CodeIgniter\Boot::runCodeIgniter(Object(CodeIgniter\CodeIgniter))
36 FCPATH\index.php(56): CodeIgniter\Boot::bootWeb(Object(Config\Paths))
37 C:\Program Files\Herd\resources\app.asar.unpacked\resources\valet\server.php(139): require('D:\\LOCALHOST\\hrm.healthgenie\\public\\index.php')
CRITICAL - 2025-12-31 17:59:12 --> ParseError: syntax error, unexpected identifier "hing_row"
[Method: POST, Route: ajax/hr/employee/send-absent-without-leave-notification-heuer-only]
in APPPATH\Pipes\AttendanceProcessor\AddDataToPunchingRow.php on line 175.
 1 VENDORPATH\composer\ClassLoader.php(427): Composer\Autoload\{closure}('D:\\LOCALHOST\\hrm.healthgenie\\vendor\\composer/../../app/Pipes/AttendanceProcessor/AddDataToPunchingRow.php')
 2 APPPATH\Libraries\Pipeline.php(30): Composer\Autoload\ClassLoader->loadClass('App\\Pipes\\AttendanceProcessor\\AddDataToPunchingRow')
 3 APPPATH\Pipes\AttendanceProcessor\CheckFraudPunchesAndOverride.php(76): App\Libraries\Pipeline->App\Libraries\{closure}([...])
 4 APPPATH\Libraries\Pipeline.php(30): App\Pipes\AttendanceProcessor\CheckFraudPunchesAndOverride->handle([...], Object(Closure))
 5 APPPATH\Pipes\AttendanceProcessor\PunchTimeCleanup.php(65): App\Libraries\Pipeline->App\Libraries\{closure}([...])
 6 APPPATH\Libraries\Pipeline.php(30): App\Pipes\AttendanceProcessor\PunchTimeCleanup->handle([...], Object(Closure))
 7 APPPATH\Pipes\AttendanceProcessor\ApplyManualPunching.php(33): App\Libraries\Pipeline->App\Libraries\{closure}([...])
 8 APPPATH\Libraries\Pipeline.php(30): App\Pipes\AttendanceProcessor\ApplyManualPunching->handle([...], Object(Closure))
 9 APPPATH\Pipes\AttendanceProcessor\AdjustDayShiftAfterNightShift.php(66): App\Libraries\Pipeline->App\Libraries\{closure}([...])
10 APPPATH\Libraries\Pipeline.php(30): App\Pipes\AttendanceProcessor\AdjustDayShiftAfterNightShift->handle([...], Object(Closure))
11 APPPATH\Pipes\AttendanceProcessor\AdjustNightShiftAndSwitchToDay.php(79): App\Libraries\Pipeline->App\Libraries\{closure}([...])
12 APPPATH\Libraries\Pipeline.php(30): App\Pipes\AttendanceProcessor\AdjustNightShiftAndSwitchToDay->handle([...], Object(Closure))
13 APPPATH\Pipes\AttendanceProcessor\RefactorPunchingRow.php(80): App\Libraries\Pipeline->App\Libraries\{closure}([...])
14 APPPATH\Libraries\Pipeline.php(30): App\Pipes\AttendanceProcessor\RefactorPunchingRow->handle([...], Object(Closure))
15 APPPATH\Pipes\AttendanceProcessor\ApplyShiftOverride.php(56): App\Libraries\Pipeline->App\Libraries\{closure}([...])
16 APPPATH\Libraries\Pipeline.php(30): App\Pipes\AttendanceProcessor\ApplyShiftOverride->handle([...], Object(Closure))
17 APPPATH\Libraries\Pipeline.php(36): App\Libraries\Pipeline->App\Libraries\{closure}([...])
18 APPPATH\Pipes\ProcessAttendance.php(52): App\Libraries\Pipeline->then(Object(Closure))
19 APPPATH\Libraries\Pipeline.php(30): App\Pipes\ProcessAttendance->handle([...], Object(Closure))
20 APPPATH\Pipes\GetAttendanceClean.php(38): App\Libraries\Pipeline->App\Libraries\{closure}([...])
21 APPPATH\Libraries\Pipeline.php(30): App\Pipes\GetAttendanceClean->handle([...], Object(Closure))
22 APPPATH\Pipes\ShiftRulesAndDetails.php(39): App\Libraries\Pipeline->App\Libraries\{closure}([...])
23 APPPATH\Libraries\Pipeline.php(30): App\Pipes\ShiftRulesAndDetails->handle([...], Object(Closure))
24 APPPATH\Pipes\BasicDetails.php(37): App\Libraries\Pipeline->App\Libraries\{closure}([...])
25 APPPATH\Libraries\Pipeline.php(30): App\Pipes\BasicDetails->handle([...], Object(Closure))
26 APPPATH\Libraries\Pipeline.php(36): App\Libraries\Pipeline->App\Libraries\{closure}([...])
27 APPPATH\Controllers\Attendance\Processor.php(164): App\Libraries\Pipeline->then(Object(Closure))
28 APPPATH\Controllers\Attendance\Processor.php(124): App\Controllers\Attendance\Processor::ProcessPunchingData('2', '2025-12-29', '2025-12-31', true)
29 APPPATH\Controllers\Cron\ServerCron.php(82): App\Controllers\Attendance\Processor::getProcessedPunchingData('2', '2025-12-29', '2025-12-31')
30 APPPATH\Controllers\Cron\ServerCron.php(297): App\Controllers\Cron\ServerCron->checkEmployeeAbseanceWithoutApplingLeave()
31 SYSTEMPATH\CodeIgniter.php(933): App\Controllers\Cron\ServerCron->sendAbsentWithoutLeaveNotificationHeuerOnly()
32 SYSTEMPATH\CodeIgniter.php(507): CodeIgniter\CodeIgniter->runController(Object(App\Controllers\Cron\ServerCron))
33 SYSTEMPATH\CodeIgniter.php(354): CodeIgniter\CodeIgniter->handleRequest(null, Object(Config\Cache), false)
34 SYSTEMPATH\Boot.php(363): CodeIgniter\CodeIgniter->run()
35 SYSTEMPATH\Boot.php(68): CodeIgniter\Boot::runCodeIgniter(Object(CodeIgniter\CodeIgniter))
36 FCPATH\index.php(56): CodeIgniter\Boot::bootWeb(Object(Config\Paths))
37 C:\Program Files\Herd\resources\app.asar.unpacked\resources\valet\server.php(139): require('D:\\LOCALHOST\\hrm.healthgenie\\public\\index.php')
