CRITICAL - 2026-01-13 12:19:15 --> ErrorException: Maximum execution time of 300 seconds exceeded
[Method: POST, Route: ajax/hr/employee/send-absent-without-leave-notification]
in SYSTEMPATH\Database\MySQLi\Connection.php on line 327.
 1 [internal function]: CodeIgniter\Debug\Exceptions->shutdownHandler()
CRITICAL - 2026-01-13 12:19:15 --> ErrorException: Maximum execution time of 300 seconds exceeded
[Method: POST, Route: ajax/hr/employee/send-absent-without-leave-notification-heuer-only]
in SYSTEMPATH\Database\MySQLi\Connection.php on line 327.
 1 [internal function]: CodeIgniter\Debug\Exceptions->shutdownHandler()
CRITICAL - 2026-01-13 16:33:02 --> ErrorException: Maximum execution time of 300 seconds exceeded
[Method: POST, Route: ajax/hr/employee/send-absent-without-leave-notification]
in SYSTEMPATH\Database\Query.php on line 339.
 1 [internal function]: CodeIgniter\Debug\Exceptions->shutdownHandler()
CRITICAL - 2026-01-13 16:33:03 --> ErrorException: Maximum execution time of 300 seconds exceeded
[Method: POST, Route: ajax/hr/employee/send-absent-without-leave-notification-heuer-only]
in SYSTEMPATH\Common.php on line 98.
 1 [internal function]: CodeIgniter\Debug\Exceptions->shutdownHandler()
CRITICAL - 2026-01-13 17:01:17 --> ErrorException: Maximum execution time of 300 seconds exceeded
[Method: POST, Route: ajax/dashboards/historical-dashboard/get-late-early-late-going-report]
in SYSTEMPATH\Database\MySQLi\Connection.php on line 327.
 1 [internal function]: CodeIgniter\Debug\Exceptions->shutdownHandler()
CRITICAL - 2026-01-13 17:09:21 --> ErrorException: Maximum execution time of 300 seconds exceeded
[Method: POST, Route: ajax/dashboards/historical-dashboard/get-late-early-late-going-report]
in SYSTEMPATH\Database\MySQLi\Connection.php on line 327.
 1 [internal function]: CodeIgniter\Debug\Exceptions->shutdownHandler()
