CRITICAL - 2026-01-05 11:53:13 --> ErrorException: Array to string conversion
[Method: POST, Route: ajax/dashboard/get-late-coming-reports]
in APPPATH\Helpers\Config_defaults_helper.php on line 759.
 1 APPPATH\Helpers\Config_defaults_helper.php(759): CodeIgniter\Debug\Exceptions->errorHandler(2, 'Array to string conversion', 'D:\\LOCALHOST\\hrm.healthgenie\\app\\Helpers\\Config_defaults_helper.php', 759)
 2 APPPATH\Controllers\Dashboards\Dashboard.php(367): getLateMinutes([...], '2025-12-29', '2026-01-05')
 3 SYSTEMPATH\CodeIgniter.php(933): App\Controllers\Dashboards\Dashboard->getLateComingReports()
 4 SYSTEMPATH\CodeIgniter.php(507): CodeIgniter\CodeIgniter->runController(Object(App\Controllers\Dashboards\Dashboard))
 5 SYSTEMPATH\CodeIgniter.php(354): CodeIgniter\CodeIgniter->handleRequest(null, Object(Config\Cache), false)
 6 SYSTEMPATH\Boot.php(363): CodeIgniter\CodeIgniter->run()
 7 SYSTEMPATH\Boot.php(68): CodeIgniter\Boot::runCodeIgniter(Object(CodeIgniter\CodeIgniter))
 8 FCPATH\index.php(56): CodeIgniter\Boot::bootWeb(Object(Config\Paths))
 9 C:\Program Files\Herd\resources\app.asar.unpacked\resources\valet\server.php(139): require('D:\\LOCALHOST\\hrm.healthgenie\\public\\index.php')
ERROR - 2026-01-05 14:14:33 --> Email: sendWithMail throwed ErrorException: mail(): Failed to connect to mailserver at &quot;localhost&quot; port 25, verify your &quot;SMTP&quot; and &quot;smtp_port&quot; setting in php.ini or use ini_set() in D:\LOCALHOST\hrm.healthgenie\vendor\codeigniter4\framework\system\Email\Email.php:1771
Stack trace:
#0 [internal function]: CodeIgniter\Debug\Exceptions->errorHandler(2, 'mail(): Failed ...', 'D:\\LOCALHOST\\hr...', 1771)
#1 D:\LOCALHOST\hrm.healthgenie\vendor\codeigniter4\framework\system\Email\Email.php(1771): mail('payroll1@gstc.c...', '=?UTF-8?Q?Absen...', '\r\n             ...', 'Date: Mon, 5 Ja...', '-f app.hrm@heal...')
#2 D:\LOCALHOST\hrm.healthgenie\vendor\codeigniter4\framework\system\Email\Email.php(1703): CodeIgniter\Email\Email->sendWithMail()
#3 D:\LOCALHOST\hrm.healthgenie\vendor\codeigniter4\framework\system\Email\Email.php(1597): CodeIgniter\Email\Email->spoolEmail()
#4 D:\LOCALHOST\hrm.healthgenie\app\Controllers\Cron\ServerCron.php(273): CodeIgniter\Email\Email->send()
#5 D:\LOCALHOST\hrm.healthgenie\vendor\codeigniter4\framework\system\CodeIgniter.php(933): App\Controllers\Cron\ServerCron->sendAbsentWithoutLeaveNotification()
#6 D:\LOCALHOST\hrm.healthgenie\vendor\codeigniter4\framework\system\CodeIgniter.php(507): CodeIgniter\CodeIgniter->runController(Object(App\Controllers\Cron\ServerCron))
#7 D:\LOCALHOST\hrm.healthgenie\vendor\codeigniter4\framework\system\CodeIgniter.php(354): CodeIgniter\CodeIgniter->handleRequest(NULL, Object(Config\Cache), false)
#8 D:\LOCALHOST\hrm.healthgenie\vendor\codeigniter4\framework\system\Boot.php(363): CodeIgniter\CodeIgniter->run()
#9 D:\LOCALHOST\hrm.healthgenie\vendor\codeigniter4\framework\system\Boot.php(68): CodeIgniter\Boot::runCodeIgniter(Object(CodeIgniter\CodeIgniter))
#10 D:\LOCALHOST\hrm.healthgenie\public\index.php(56): CodeIgniter\Boot::bootWeb(Object(Config\Paths))
#11 C:\Program Files\Herd\resources\app.asar.unpacked\resources\valet\server.php(139): require('D:\\LOCALHOST\\hr...')
#12 {main}
ERROR - 2026-01-05 14:14:33 --> Email: Unable to send email using PHP mail(). Your server might not be configured to send mail using this method.
ERROR - 2026-01-05 14:14:33 --> 
ERROR - 2026-01-05 14:14:37 --> Email: sendWithMail throwed ErrorException: mail(): Failed to connect to mailserver at &quot;localhost&quot; port 25, verify your &quot;SMTP&quot; and &quot;smtp_port&quot; setting in php.ini or use ini_set() in D:\LOCALHOST\hrm.healthgenie\vendor\codeigniter4\framework\system\Email\Email.php:1771
Stack trace:
#0 [internal function]: CodeIgniter\Debug\Exceptions->errorHandler(2, 'mail(): Failed ...', 'D:\\LOCALHOST\\hr...', 1771)
#1 D:\LOCALHOST\hrm.healthgenie\vendor\codeigniter4\framework\system\Email\Email.php(1771): mail('hrd@heuerintern...', '=?UTF-8?Q?Absen...', '<div style="fon...', 'Date: Mon, 5 Ja...', '-f app.hrm@heal...')
#2 D:\LOCALHOST\hrm.healthgenie\vendor\codeigniter4\framework\system\Email\Email.php(1703): CodeIgniter\Email\Email->sendWithMail()
#3 D:\LOCALHOST\hrm.healthgenie\vendor\codeigniter4\framework\system\Email\Email.php(1597): CodeIgniter\Email\Email->spoolEmail()
#4 D:\LOCALHOST\hrm.healthgenie\app\Controllers\Cron\ServerCron.php(390): CodeIgniter\Email\Email->send()
#5 D:\LOCALHOST\hrm.healthgenie\vendor\codeigniter4\framework\system\CodeIgniter.php(933): App\Controllers\Cron\ServerCron->sendAbsentWithoutLeaveNotificationHeuerOnly()
#6 D:\LOCALHOST\hrm.healthgenie\vendor\codeigniter4\framework\system\CodeIgniter.php(507): CodeIgniter\CodeIgniter->runController(Object(App\Controllers\Cron\ServerCron))
#7 D:\LOCALHOST\hrm.healthgenie\vendor\codeigniter4\framework\system\CodeIgniter.php(354): CodeIgniter\CodeIgniter->handleRequest(NULL, Object(Config\Cache), false)
#8 D:\LOCALHOST\hrm.healthgenie\vendor\codeigniter4\framework\system\Boot.php(363): CodeIgniter\CodeIgniter->run()
#9 D:\LOCALHOST\hrm.healthgenie\vendor\codeigniter4\framework\system\Boot.php(68): CodeIgniter\Boot::runCodeIgniter(Object(CodeIgniter\CodeIgniter))
#10 D:\LOCALHOST\hrm.healthgenie\public\index.php(56): CodeIgniter\Boot::bootWeb(Object(Config\Paths))
#11 C:\Program Files\Herd\resources\app.asar.unpacked\resources\valet\server.php(139): require('D:\\LOCALHOST\\hr...')
#12 {main}
ERROR - 2026-01-05 14:14:37 --> Email: Unable to send email using PHP mail(). Your server might not be configured to send mail using this method.
ERROR - 2026-01-05 14:14:37 --> 
ERROR - 2026-01-05 15:40:27 --> Email: sendWithMail throwed ErrorException: mail(): Failed to connect to mailserver at &quot;localhost&quot; port 25, verify your &quot;SMTP&quot; and &quot;smtp_port&quot; setting in php.ini or use ini_set() in D:\LOCALHOST\hrm.healthgenie\vendor\codeigniter4\framework\system\Email\Email.php:1771
Stack trace:
#0 [internal function]: CodeIgniter\Debug\Exceptions->errorHandler(2, 'mail(): Failed ...', 'D:\\LOCALHOST\\hr...', 1771)
#1 D:\LOCALHOST\hrm.healthgenie\vendor\codeigniter4\framework\system\Email\Email.php(1771): mail('payroll1@gstc.c...', '=?UTF-8?Q?Absen...', '\r\n             ...', 'Date: Mon, 5 Ja...', '-f app.hrm@heal...')
#2 D:\LOCALHOST\hrm.healthgenie\vendor\codeigniter4\framework\system\Email\Email.php(1703): CodeIgniter\Email\Email->sendWithMail()
#3 D:\LOCALHOST\hrm.healthgenie\vendor\codeigniter4\framework\system\Email\Email.php(1597): CodeIgniter\Email\Email->spoolEmail()
#4 D:\LOCALHOST\hrm.healthgenie\app\Controllers\Cron\ServerCron.php(273): CodeIgniter\Email\Email->send()
#5 D:\LOCALHOST\hrm.healthgenie\vendor\codeigniter4\framework\system\CodeIgniter.php(933): App\Controllers\Cron\ServerCron->sendAbsentWithoutLeaveNotification()
#6 D:\LOCALHOST\hrm.healthgenie\vendor\codeigniter4\framework\system\CodeIgniter.php(507): CodeIgniter\CodeIgniter->runController(Object(App\Controllers\Cron\ServerCron))
#7 D:\LOCALHOST\hrm.healthgenie\vendor\codeigniter4\framework\system\CodeIgniter.php(354): CodeIgniter\CodeIgniter->handleRequest(NULL, Object(Config\Cache), false)
#8 D:\LOCALHOST\hrm.healthgenie\vendor\codeigniter4\framework\system\Boot.php(363): CodeIgniter\CodeIgniter->run()
#9 D:\LOCALHOST\hrm.healthgenie\vendor\codeigniter4\framework\system\Boot.php(68): CodeIgniter\Boot::runCodeIgniter(Object(CodeIgniter\CodeIgniter))
#10 D:\LOCALHOST\hrm.healthgenie\public\index.php(56): CodeIgniter\Boot::bootWeb(Object(Config\Paths))
#11 C:\Program Files\Herd\resources\app.asar.unpacked\resources\valet\server.php(139): require('D:\\LOCALHOST\\hr...')
#12 {main}
ERROR - 2026-01-05 15:40:27 --> Email: Unable to send email using PHP mail(). Your server might not be configured to send mail using this method.
ERROR - 2026-01-05 15:40:27 --> 
ERROR - 2026-01-05 15:40:33 --> Email: sendWithMail throwed ErrorException: mail(): Failed to connect to mailserver at &quot;localhost&quot; port 25, verify your &quot;SMTP&quot; and &quot;smtp_port&quot; setting in php.ini or use ini_set() in D:\LOCALHOST\hrm.healthgenie\vendor\codeigniter4\framework\system\Email\Email.php:1771
Stack trace:
#0 [internal function]: CodeIgniter\Debug\Exceptions->errorHandler(2, 'mail(): Failed ...', 'D:\\LOCALHOST\\hr...', 1771)
#1 D:\LOCALHOST\hrm.healthgenie\vendor\codeigniter4\framework\system\Email\Email.php(1771): mail('hrd@heuerintern...', '=?UTF-8?Q?Absen...', '<div style="fon...', 'Date: Mon, 5 Ja...', '-f app.hrm@heal...')
#2 D:\LOCALHOST\hrm.healthgenie\vendor\codeigniter4\framework\system\Email\Email.php(1703): CodeIgniter\Email\Email->sendWithMail()
#3 D:\LOCALHOST\hrm.healthgenie\vendor\codeigniter4\framework\system\Email\Email.php(1597): CodeIgniter\Email\Email->spoolEmail()
#4 D:\LOCALHOST\hrm.healthgenie\app\Controllers\Cron\ServerCron.php(390): CodeIgniter\Email\Email->send()
#5 D:\LOCALHOST\hrm.healthgenie\vendor\codeigniter4\framework\system\CodeIgniter.php(933): App\Controllers\Cron\ServerCron->sendAbsentWithoutLeaveNotificationHeuerOnly()
#6 D:\LOCALHOST\hrm.healthgenie\vendor\codeigniter4\framework\system\CodeIgniter.php(507): CodeIgniter\CodeIgniter->runController(Object(App\Controllers\Cron\ServerCron))
#7 D:\LOCALHOST\hrm.healthgenie\vendor\codeigniter4\framework\system\CodeIgniter.php(354): CodeIgniter\CodeIgniter->handleRequest(NULL, Object(Config\Cache), false)
#8 D:\LOCALHOST\hrm.healthgenie\vendor\codeigniter4\framework\system\Boot.php(363): CodeIgniter\CodeIgniter->run()
#9 D:\LOCALHOST\hrm.healthgenie\vendor\codeigniter4\framework\system\Boot.php(68): CodeIgniter\Boot::runCodeIgniter(Object(CodeIgniter\CodeIgniter))
#10 D:\LOCALHOST\hrm.healthgenie\public\index.php(56): CodeIgniter\Boot::bootWeb(Object(Config\Paths))
#11 C:\Program Files\Herd\resources\app.asar.unpacked\resources\valet\server.php(139): require('D:\\LOCALHOST\\hr...')
#12 {main}
ERROR - 2026-01-05 15:40:33 --> Email: Unable to send email using PHP mail(). Your server might not be configured to send mail using this method.
ERROR - 2026-01-05 15:40:33 --> 
