ERROR - 2026-01-29 15:05:38 --> Email: sendWithMail throwed ErrorException: mail(): Failed to connect to mailserver at &quot;localhost&quot; port 25, verify your &quot;SMTP&quot; and &quot;smtp_port&quot; setting in php.ini or use ini_set() in D:\LOCALHOST\hrm.healthgenie\vendor\codeigniter4\framework\system\Email\Email.php:1771
Stack trace:
#0 [internal function]: CodeIgniter\Debug\Exceptions->errorHandler(2, 'mail(): Failed ...', 'D:\\LOCALHOST\\hr...', 1771)
#1 D:\LOCALHOST\hrm.healthgenie\vendor\codeigniter4\framework\system\Email\Email.php(1771): mail('payroll1@gstc.c...', '=?UTF-8?Q?Absen...', '\r\n             ...', 'Date: Thu, 29 J...', '-f app.hrm@heal...')
#2 D:\LOCALHOST\hrm.healthgenie\vendor\codeigniter4\framework\system\Email\Email.php(1703): CodeIgniter\Email\Email->sendWithMail()
#3 D:\LOCALHOST\hrm.healthgenie\vendor\codeigniter4\framework\system\Email\Email.php(1597): CodeIgniter\Email\Email->spoolEmail()
#4 D:\LOCALHOST\hrm.healthgenie\app\Controllers\Cron\ServerCron.php(273): CodeIgniter\Email\Email->send()
#5 D:\LOCALHOST\hrm.healthgenie\vendor\codeigniter4\framework\system\CodeIgniter.php(933): App\Controllers\Cron\ServerCron->sendAbsentWithoutLeaveNotification()
#6 D:\LOCALHOST\hrm.healthgenie\vendor\codeigniter4\framework\system\CodeIgniter.php(507): CodeIgniter\CodeIgniter->runController(Object(App\Controllers\Cron\ServerCron))
#7 D:\LOCALHOST\hrm.healthgenie\vendor\codeigniter4\framework\system\CodeIgniter.php(354): CodeIgniter\CodeIgniter->handleRequest(NULL, Object(Config\Cache), false)
#8 D:\LOCALHOST\hrm.healthgenie\vendor\codeigniter4\framework\system\Boot.php(363): CodeIgniter\CodeIgniter->run()
#9 D:\LOCALHOST\hrm.healthgenie\vendor\codeigniter4\framework\system\Boot.php(68): CodeIgniter\Boot::runCodeIgniter(Object(CodeIgniter\CodeIgniter))
#10 D:\LOCALHOST\hrm.healthgenie\public\index.php(56): CodeIgniter\Boot::bootWeb(Object(Config\Paths))
#11 C:\Program Files\Herd\resources\app.asar.unpacked\resources\valet\server.php(139): require('D:\\LOCALHOST\\hr...')
#12 {main}
ERROR - 2026-01-29 15:05:38 --> Email: Unable to send email using PHP mail(). Your server might not be configured to send mail using this method.
ERROR - 2026-01-29 15:05:38 --> 
ERROR - 2026-01-29 15:05:38 --> Email: sendWithMail throwed ErrorException: mail(): Failed to connect to mailserver at &quot;localhost&quot; port 25, verify your &quot;SMTP&quot; and &quot;smtp_port&quot; setting in php.ini or use ini_set() in D:\LOCALHOST\hrm.healthgenie\vendor\codeigniter4\framework\system\Email\Email.php:1771
Stack trace:
#0 [internal function]: CodeIgniter\Debug\Exceptions->errorHandler(2, 'mail(): Failed ...', 'D:\\LOCALHOST\\hr...', 1771)
#1 D:\LOCALHOST\hrm.healthgenie\vendor\codeigniter4\framework\system\Email\Email.php(1771): mail('hrd@heuerintern...', '=?UTF-8?Q?Absen...', '<div style="fon...', 'Date: Thu, 29 J...', '-f app.hrm@heal...')
#2 D:\LOCALHOST\hrm.healthgenie\vendor\codeigniter4\framework\system\Email\Email.php(1703): CodeIgniter\Email\Email->sendWithMail()
#3 D:\LOCALHOST\hrm.healthgenie\vendor\codeigniter4\framework\system\Email\Email.php(1597): CodeIgniter\Email\Email->spoolEmail()
#4 D:\LOCALHOST\hrm.healthgenie\app\Controllers\Cron\ServerCron.php(390): CodeIgniter\Email\Email->send()
#5 D:\LOCALHOST\hrm.healthgenie\vendor\codeigniter4\framework\system\CodeIgniter.php(933): App\Controllers\Cron\ServerCron->sendAbsentWithoutLeaveNotificationHeuerOnly()
#6 D:\LOCALHOST\hrm.healthgenie\vendor\codeigniter4\framework\system\CodeIgniter.php(507): CodeIgniter\CodeIgniter->runController(Object(App\Controllers\Cron\ServerCron))
#7 D:\LOCALHOST\hrm.healthgenie\vendor\codeigniter4\framework\system\CodeIgniter.php(354): CodeIgniter\CodeIgniter->handleRequest(NULL, Object(Config\Cache), false)
#8 D:\LOCALHOST\hrm.healthgenie\vendor\codeigniter4\framework\system\Boot.php(363): CodeIgniter\CodeIgniter->run()
#9 D:\LOCALHOST\hrm.healthgenie\vendor\codeigniter4\framework\system\Boot.php(68): CodeIgniter\Boot::runCodeIgniter(Object(CodeIgniter\CodeIgniter))
#10 D:\LOCALHOST\hrm.healthgenie\public\index.php(56): CodeIgniter\Boot::bootWeb(Object(Config\Paths))
#11 C:\Program Files\Herd\resources\app.asar.unpacked\resources\valet\server.php(139): require('D:\\LOCALHOST\\hr...')
#12 {main}
ERROR - 2026-01-29 15:05:38 --> Email: Unable to send email using PHP mail(). Your server might not be configured to send mail using this method.
ERROR - 2026-01-29 15:05:38 --> 
ERROR - 2026-01-29 15:08:45 --> Email: sendWithMail throwed ErrorException: mail(): Failed to connect to mailserver at &quot;localhost&quot; port 25, verify your &quot;SMTP&quot; and &quot;smtp_port&quot; setting in php.ini or use ini_set() in D:\LOCALHOST\hrm.healthgenie\vendor\codeigniter4\framework\system\Email\Email.php:1771
Stack trace:
#0 [internal function]: CodeIgniter\Debug\Exceptions->errorHandler(2, 'mail(): Failed ...', 'D:\\LOCALHOST\\hr...', 1771)
#1 D:\LOCALHOST\hrm.healthgenie\vendor\codeigniter4\framework\system\Email\Email.php(1771): mail('payroll1@gstc.c...', '=?UTF-8?Q?Absen...', '\r\n             ...', 'Date: Thu, 29 J...', '-f app.hrm@heal...')
#2 D:\LOCALHOST\hrm.healthgenie\vendor\codeigniter4\framework\system\Email\Email.php(1703): CodeIgniter\Email\Email->sendWithMail()
#3 D:\LOCALHOST\hrm.healthgenie\vendor\codeigniter4\framework\system\Email\Email.php(1597): CodeIgniter\Email\Email->spoolEmail()
#4 D:\LOCALHOST\hrm.healthgenie\app\Controllers\Cron\ServerCron.php(273): CodeIgniter\Email\Email->send()
#5 D:\LOCALHOST\hrm.healthgenie\vendor\codeigniter4\framework\system\CodeIgniter.php(933): App\Controllers\Cron\ServerCron->sendAbsentWithoutLeaveNotification()
#6 D:\LOCALHOST\hrm.healthgenie\vendor\codeigniter4\framework\system\CodeIgniter.php(507): CodeIgniter\CodeIgniter->runController(Object(App\Controllers\Cron\ServerCron))
#7 D:\LOCALHOST\hrm.healthgenie\vendor\codeigniter4\framework\system\CodeIgniter.php(354): CodeIgniter\CodeIgniter->handleRequest(NULL, Object(Config\Cache), false)
#8 D:\LOCALHOST\hrm.healthgenie\vendor\codeigniter4\framework\system\Boot.php(363): CodeIgniter\CodeIgniter->run()
#9 D:\LOCALHOST\hrm.healthgenie\vendor\codeigniter4\framework\system\Boot.php(68): CodeIgniter\Boot::runCodeIgniter(Object(CodeIgniter\CodeIgniter))
#10 D:\LOCALHOST\hrm.healthgenie\public\index.php(56): CodeIgniter\Boot::bootWeb(Object(Config\Paths))
#11 C:\Program Files\Herd\resources\app.asar.unpacked\resources\valet\server.php(139): require('D:\\LOCALHOST\\hr...')
#12 {main}
ERROR - 2026-01-29 15:08:45 --> Email: Unable to send email using PHP mail(). Your server might not be configured to send mail using this method.
ERROR - 2026-01-29 15:08:45 --> 
ERROR - 2026-01-29 15:08:46 --> Email: sendWithMail throwed ErrorException: mail(): Failed to connect to mailserver at &quot;localhost&quot; port 25, verify your &quot;SMTP&quot; and &quot;smtp_port&quot; setting in php.ini or use ini_set() in D:\LOCALHOST\hrm.healthgenie\vendor\codeigniter4\framework\system\Email\Email.php:1771
Stack trace:
#0 [internal function]: CodeIgniter\Debug\Exceptions->errorHandler(2, 'mail(): Failed ...', 'D:\\LOCALHOST\\hr...', 1771)
#1 D:\LOCALHOST\hrm.healthgenie\vendor\codeigniter4\framework\system\Email\Email.php(1771): mail('hrd@heuerintern...', '=?UTF-8?Q?Absen...', '<div style="fon...', 'Date: Thu, 29 J...', '-f app.hrm@heal...')
#2 D:\LOCALHOST\hrm.healthgenie\vendor\codeigniter4\framework\system\Email\Email.php(1703): CodeIgniter\Email\Email->sendWithMail()
#3 D:\LOCALHOST\hrm.healthgenie\vendor\codeigniter4\framework\system\Email\Email.php(1597): CodeIgniter\Email\Email->spoolEmail()
#4 D:\LOCALHOST\hrm.healthgenie\app\Controllers\Cron\ServerCron.php(390): CodeIgniter\Email\Email->send()
#5 D:\LOCALHOST\hrm.healthgenie\vendor\codeigniter4\framework\system\CodeIgniter.php(933): App\Controllers\Cron\ServerCron->sendAbsentWithoutLeaveNotificationHeuerOnly()
#6 D:\LOCALHOST\hrm.healthgenie\vendor\codeigniter4\framework\system\CodeIgniter.php(507): CodeIgniter\CodeIgniter->runController(Object(App\Controllers\Cron\ServerCron))
#7 D:\LOCALHOST\hrm.healthgenie\vendor\codeigniter4\framework\system\CodeIgniter.php(354): CodeIgniter\CodeIgniter->handleRequest(NULL, Object(Config\Cache), false)
#8 D:\LOCALHOST\hrm.healthgenie\vendor\codeigniter4\framework\system\Boot.php(363): CodeIgniter\CodeIgniter->run()
#9 D:\LOCALHOST\hrm.healthgenie\vendor\codeigniter4\framework\system\Boot.php(68): CodeIgniter\Boot::runCodeIgniter(Object(CodeIgniter\CodeIgniter))
#10 D:\LOCALHOST\hrm.healthgenie\public\index.php(56): CodeIgniter\Boot::bootWeb(Object(Config\Paths))
#11 C:\Program Files\Herd\resources\app.asar.unpacked\resources\valet\server.php(139): require('D:\\LOCALHOST\\hr...')
#12 {main}
ERROR - 2026-01-29 15:08:46 --> Email: Unable to send email using PHP mail(). Your server might not be configured to send mail using this method.
ERROR - 2026-01-29 15:08:46 --> 
ERROR - 2026-01-29 15:10:16 --> Email: sendWithMail throwed ErrorException: mail(): Failed to connect to mailserver at &quot;localhost&quot; port 25, verify your &quot;SMTP&quot; and &quot;smtp_port&quot; setting in php.ini or use ini_set() in D:\LOCALHOST\hrm.healthgenie\vendor\codeigniter4\framework\system\Email\Email.php:1771
Stack trace:
#0 [internal function]: CodeIgniter\Debug\Exceptions->errorHandler(2, 'mail(): Failed ...', 'D:\\LOCALHOST\\hr...', 1771)
#1 D:\LOCALHOST\hrm.healthgenie\vendor\codeigniter4\framework\system\Email\Email.php(1771): mail('payroll1@gstc.c...', '=?UTF-8?Q?Absen...', '\r\n             ...', 'Date: Thu, 29 J...', '-f app.hrm@heal...')
#2 D:\LOCALHOST\hrm.healthgenie\vendor\codeigniter4\framework\system\Email\Email.php(1703): CodeIgniter\Email\Email->sendWithMail()
#3 D:\LOCALHOST\hrm.healthgenie\vendor\codeigniter4\framework\system\Email\Email.php(1597): CodeIgniter\Email\Email->spoolEmail()
#4 D:\LOCALHOST\hrm.healthgenie\app\Controllers\Cron\ServerCron.php(273): CodeIgniter\Email\Email->send()
#5 D:\LOCALHOST\hrm.healthgenie\vendor\codeigniter4\framework\system\CodeIgniter.php(933): App\Controllers\Cron\ServerCron->sendAbsentWithoutLeaveNotification()
#6 D:\LOCALHOST\hrm.healthgenie\vendor\codeigniter4\framework\system\CodeIgniter.php(507): CodeIgniter\CodeIgniter->runController(Object(App\Controllers\Cron\ServerCron))
#7 D:\LOCALHOST\hrm.healthgenie\vendor\codeigniter4\framework\system\CodeIgniter.php(354): CodeIgniter\CodeIgniter->handleRequest(NULL, Object(Config\Cache), false)
#8 D:\LOCALHOST\hrm.healthgenie\vendor\codeigniter4\framework\system\Boot.php(363): CodeIgniter\CodeIgniter->run()
#9 D:\LOCALHOST\hrm.healthgenie\vendor\codeigniter4\framework\system\Boot.php(68): CodeIgniter\Boot::runCodeIgniter(Object(CodeIgniter\CodeIgniter))
#10 D:\LOCALHOST\hrm.healthgenie\public\index.php(56): CodeIgniter\Boot::bootWeb(Object(Config\Paths))
#11 C:\Program Files\Herd\resources\app.asar.unpacked\resources\valet\server.php(139): require('D:\\LOCALHOST\\hr...')
#12 {main}
ERROR - 2026-01-29 15:10:16 --> Email: Unable to send email using PHP mail(). Your server might not be configured to send mail using this method.
ERROR - 2026-01-29 15:10:16 --> 
ERROR - 2026-01-29 15:10:21 --> Email: sendWithMail throwed ErrorException: mail(): Failed to connect to mailserver at &quot;localhost&quot; port 25, verify your &quot;SMTP&quot; and &quot;smtp_port&quot; setting in php.ini or use ini_set() in D:\LOCALHOST\hrm.healthgenie\vendor\codeigniter4\framework\system\Email\Email.php:1771
Stack trace:
#0 [internal function]: CodeIgniter\Debug\Exceptions->errorHandler(2, 'mail(): Failed ...', 'D:\\LOCALHOST\\hr...', 1771)
#1 D:\LOCALHOST\hrm.healthgenie\vendor\codeigniter4\framework\system\Email\Email.php(1771): mail('hrd@heuerintern...', '=?UTF-8?Q?Absen...', '<div style="fon...', 'Date: Thu, 29 J...', '-f app.hrm@heal...')
#2 D:\LOCALHOST\hrm.healthgenie\vendor\codeigniter4\framework\system\Email\Email.php(1703): CodeIgniter\Email\Email->sendWithMail()
#3 D:\LOCALHOST\hrm.healthgenie\vendor\codeigniter4\framework\system\Email\Email.php(1597): CodeIgniter\Email\Email->spoolEmail()
#4 D:\LOCALHOST\hrm.healthgenie\app\Controllers\Cron\ServerCron.php(390): CodeIgniter\Email\Email->send()
#5 D:\LOCALHOST\hrm.healthgenie\vendor\codeigniter4\framework\system\CodeIgniter.php(933): App\Controllers\Cron\ServerCron->sendAbsentWithoutLeaveNotificationHeuerOnly()
#6 D:\LOCALHOST\hrm.healthgenie\vendor\codeigniter4\framework\system\CodeIgniter.php(507): CodeIgniter\CodeIgniter->runController(Object(App\Controllers\Cron\ServerCron))
#7 D:\LOCALHOST\hrm.healthgenie\vendor\codeigniter4\framework\system\CodeIgniter.php(354): CodeIgniter\CodeIgniter->handleRequest(NULL, Object(Config\Cache), false)
#8 D:\LOCALHOST\hrm.healthgenie\vendor\codeigniter4\framework\system\Boot.php(363): CodeIgniter\CodeIgniter->run()
#9 D:\LOCALHOST\hrm.healthgenie\vendor\codeigniter4\framework\system\Boot.php(68): CodeIgniter\Boot::runCodeIgniter(Object(CodeIgniter\CodeIgniter))
#10 D:\LOCALHOST\hrm.healthgenie\public\index.php(56): CodeIgniter\Boot::bootWeb(Object(Config\Paths))
#11 C:\Program Files\Herd\resources\app.asar.unpacked\resources\valet\server.php(139): require('D:\\LOCALHOST\\hr...')
#12 {main}
ERROR - 2026-01-29 15:10:21 --> Email: Unable to send email using PHP mail(). Your server might not be configured to send mail using this method.
ERROR - 2026-01-29 15:10:21 --> 
ERROR - 2026-01-29 15:12:50 --> Email: sendWithMail throwed ErrorException: mail(): Failed to connect to mailserver at &quot;localhost&quot; port 25, verify your &quot;SMTP&quot; and &quot;smtp_port&quot; setting in php.ini or use ini_set() in D:\LOCALHOST\hrm.healthgenie\vendor\codeigniter4\framework\system\Email\Email.php:1771
Stack trace:
#0 [internal function]: CodeIgniter\Debug\Exceptions->errorHandler(2, 'mail(): Failed ...', 'D:\\LOCALHOST\\hr...', 1771)
#1 D:\LOCALHOST\hrm.healthgenie\vendor\codeigniter4\framework\system\Email\Email.php(1771): mail('hrd@heuerintern...', '=?UTF-8?Q?Absen...', '<div style="fon...', 'Date: Thu, 29 J...', '-f app.hrm@heal...')
#2 D:\LOCALHOST\hrm.healthgenie\vendor\codeigniter4\framework\system\Email\Email.php(1703): CodeIgniter\Email\Email->sendWithMail()
#3 D:\LOCALHOST\hrm.healthgenie\vendor\codeigniter4\framework\system\Email\Email.php(1597): CodeIgniter\Email\Email->spoolEmail()
#4 D:\LOCALHOST\hrm.healthgenie\app\Controllers\Cron\ServerCron.php(390): CodeIgniter\Email\Email->send()
#5 D:\LOCALHOST\hrm.healthgenie\vendor\codeigniter4\framework\system\CodeIgniter.php(933): App\Controllers\Cron\ServerCron->sendAbsentWithoutLeaveNotificationHeuerOnly()
#6 D:\LOCALHOST\hrm.healthgenie\vendor\codeigniter4\framework\system\CodeIgniter.php(507): CodeIgniter\CodeIgniter->runController(Object(App\Controllers\Cron\ServerCron))
#7 D:\LOCALHOST\hrm.healthgenie\vendor\codeigniter4\framework\system\CodeIgniter.php(354): CodeIgniter\CodeIgniter->handleRequest(NULL, Object(Config\Cache), false)
#8 D:\LOCALHOST\hrm.healthgenie\vendor\codeigniter4\framework\system\Boot.php(363): CodeIgniter\CodeIgniter->run()
#9 D:\LOCALHOST\hrm.healthgenie\vendor\codeigniter4\framework\system\Boot.php(68): CodeIgniter\Boot::runCodeIgniter(Object(CodeIgniter\CodeIgniter))
#10 D:\LOCALHOST\hrm.healthgenie\public\index.php(56): CodeIgniter\Boot::bootWeb(Object(Config\Paths))
#11 C:\Program Files\Herd\resources\app.asar.unpacked\resources\valet\server.php(139): require('D:\\LOCALHOST\\hr...')
#12 {main}
ERROR - 2026-01-29 15:12:50 --> Email: Unable to send email using PHP mail(). Your server might not be configured to send mail using this method.
ERROR - 2026-01-29 15:12:50 --> 
ERROR - 2026-01-29 15:12:51 --> Email: sendWithMail throwed ErrorException: mail(): Failed to connect to mailserver at &quot;localhost&quot; port 25, verify your &quot;SMTP&quot; and &quot;smtp_port&quot; setting in php.ini or use ini_set() in D:\LOCALHOST\hrm.healthgenie\vendor\codeigniter4\framework\system\Email\Email.php:1771
Stack trace:
#0 [internal function]: CodeIgniter\Debug\Exceptions->errorHandler(2, 'mail(): Failed ...', 'D:\\LOCALHOST\\hr...', 1771)
#1 D:\LOCALHOST\hrm.healthgenie\vendor\codeigniter4\framework\system\Email\Email.php(1771): mail('payroll1@gstc.c...', '=?UTF-8?Q?Absen...', '\r\n             ...', 'Date: Thu, 29 J...', '-f app.hrm@heal...')
#2 D:\LOCALHOST\hrm.healthgenie\vendor\codeigniter4\framework\system\Email\Email.php(1703): CodeIgniter\Email\Email->sendWithMail()
#3 D:\LOCALHOST\hrm.healthgenie\vendor\codeigniter4\framework\system\Email\Email.php(1597): CodeIgniter\Email\Email->spoolEmail()
#4 D:\LOCALHOST\hrm.healthgenie\app\Controllers\Cron\ServerCron.php(273): CodeIgniter\Email\Email->send()
#5 D:\LOCALHOST\hrm.healthgenie\vendor\codeigniter4\framework\system\CodeIgniter.php(933): App\Controllers\Cron\ServerCron->sendAbsentWithoutLeaveNotification()
#6 D:\LOCALHOST\hrm.healthgenie\vendor\codeigniter4\framework\system\CodeIgniter.php(507): CodeIgniter\CodeIgniter->runController(Object(App\Controllers\Cron\ServerCron))
#7 D:\LOCALHOST\hrm.healthgenie\vendor\codeigniter4\framework\system\CodeIgniter.php(354): CodeIgniter\CodeIgniter->handleRequest(NULL, Object(Config\Cache), false)
#8 D:\LOCALHOST\hrm.healthgenie\vendor\codeigniter4\framework\system\Boot.php(363): CodeIgniter\CodeIgniter->run()
#9 D:\LOCALHOST\hrm.healthgenie\vendor\codeigniter4\framework\system\Boot.php(68): CodeIgniter\Boot::runCodeIgniter(Object(CodeIgniter\CodeIgniter))
#10 D:\LOCALHOST\hrm.healthgenie\public\index.php(56): CodeIgniter\Boot::bootWeb(Object(Config\Paths))
#11 C:\Program Files\Herd\resources\app.asar.unpacked\resources\valet\server.php(139): require('D:\\LOCALHOST\\hr...')
#12 {main}
ERROR - 2026-01-29 15:12:51 --> Email: Unable to send email using PHP mail(). Your server might not be configured to send mail using this method.
ERROR - 2026-01-29 15:12:51 --> 
ERROR - 2026-01-29 15:16:03 --> Error connecting to the database: mysqli_sql_exception: No connection could be made because the target machine actively refused it in D:\LOCALHOST\hrm.healthgenie\vendor\codeigniter4\framework\system\Database\MySQLi\Connection.php:201
Stack trace:
#0 D:\LOCALHOST\hrm.healthgenie\vendor\codeigniter4\framework\system\Database\MySQLi\Connection.php(201): mysqli->real_connect('localhost', 'root', Object(SensitiveParameterValue), 'hrm.healthgenie...', 3306, '', 0)
#1 D:\LOCALHOST\hrm.healthgenie\vendor\codeigniter4\framework\system\Database\BaseConnection.php(419): CodeIgniter\Database\MySQLi\Connection->connect(false)
#2 D:\LOCALHOST\hrm.healthgenie\vendor\codeigniter4\framework\system\Database\BaseConnection.php(614): CodeIgniter\Database\BaseConnection->initialize()
#3 D:\LOCALHOST\hrm.healthgenie\vendor\codeigniter4\framework\system\Database\BaseBuilder.php(1649): CodeIgniter\Database\BaseConnection->query('SELECT `rc_job_...', Array, false)
#4 D:\LOCALHOST\hrm.healthgenie\vendor\codeigniter4\framework\system\Model.php(286): CodeIgniter\Database\BaseBuilder->get()
#5 D:\LOCALHOST\hrm.healthgenie\vendor\codeigniter4\framework\system\BaseModel.php(677): CodeIgniter\Model->doFindAll(0, 0)
#6 D:\LOCALHOST\hrm.healthgenie\app\Controllers\Recruitment\JobListingCommentsController.php(425): CodeIgniter\BaseModel->findAll()
#7 D:\LOCALHOST\hrm.healthgenie\vendor\codeigniter4\framework\system\CodeIgniter.php(933): App\Controllers\Recruitment\JobListingCommentsController->getUnreadCount()
#8 D:\LOCALHOST\hrm.healthgenie\vendor\codeigniter4\framework\system\CodeIgniter.php(507): CodeIgniter\CodeIgniter->runController(Object(App\Controllers\Recruitment\JobListingCommentsController))
#9 D:\LOCALHOST\hrm.healthgenie\vendor\codeigniter4\framework\system\CodeIgniter.php(354): CodeIgniter\CodeIgniter->handleRequest(NULL, Object(Config\Cache), false)
#10 D:\LOCALHOST\hrm.healthgenie\vendor\codeigniter4\framework\system\Boot.php(363): CodeIgniter\CodeIgniter->run()
#11 D:\LOCALHOST\hrm.healthgenie\vendor\codeigniter4\framework\system\Boot.php(68): CodeIgniter\Boot::runCodeIgniter(Object(CodeIgniter\CodeIgniter))
#12 D:\LOCALHOST\hrm.healthgenie\public\index.php(56): CodeIgniter\Boot::bootWeb(Object(Config\Paths))
#13 C:\Program Files\Herd\resources\app.asar.unpacked\resources\valet\server.php(139): require('D:\\LOCALHOST\\hr...')
#14 {main}

Next CodeIgniter\Database\Exceptions\DatabaseException: No connection could be made because the target machine actively refused it in D:\LOCALHOST\hrm.healthgenie\vendor\codeigniter4\framework\system\Database\MySQLi\Connection.php:246
Stack trace:
#0 D:\LOCALHOST\hrm.healthgenie\vendor\codeigniter4\framework\system\Database\BaseConnection.php(419): CodeIgniter\Database\MySQLi\Connection->connect(false)
#1 D:\LOCALHOST\hrm.healthgenie\vendor\codeigniter4\framework\system\Database\BaseConnection.php(614): CodeIgniter\Database\BaseConnection->initialize()
#2 D:\LOCALHOST\hrm.healthgenie\vendor\codeigniter4\framework\system\Database\BaseBuilder.php(1649): CodeIgniter\Database\BaseConnection->query('SELECT `rc_job_...', Array, false)
#3 D:\LOCALHOST\hrm.healthgenie\vendor\codeigniter4\framework\system\Model.php(286): CodeIgniter\Database\BaseBuilder->get()
#4 D:\LOCALHOST\hrm.healthgenie\vendor\codeigniter4\framework\system\BaseModel.php(677): CodeIgniter\Model->doFindAll(0, 0)
#5 D:\LOCALHOST\hrm.healthgenie\app\Controllers\Recruitment\JobListingCommentsController.php(425): CodeIgniter\BaseModel->findAll()
#6 D:\LOCALHOST\hrm.healthgenie\vendor\codeigniter4\framework\system\CodeIgniter.php(933): App\Controllers\Recruitment\JobListingCommentsController->getUnreadCount()
#7 D:\LOCALHOST\hrm.healthgenie\vendor\codeigniter4\framework\system\CodeIgniter.php(507): CodeIgniter\CodeIgniter->runController(Object(App\Controllers\Recruitment\JobListingCommentsController))
#8 D:\LOCALHOST\hrm.healthgenie\vendor\codeigniter4\framework\system\CodeIgniter.php(354): CodeIgniter\CodeIgniter->handleRequest(NULL, Object(Config\Cache), false)
#9 D:\LOCALHOST\hrm.healthgenie\vendor\codeigniter4\framework\system\Boot.php(363): CodeIgniter\CodeIgniter->run()
#10 D:\LOCALHOST\hrm.healthgenie\vendor\codeigniter4\framework\system\Boot.php(68): CodeIgniter\Boot::runCodeIgniter(Object(CodeIgniter\CodeIgniter))
#11 D:\LOCALHOST\hrm.healthgenie\public\index.php(56): CodeIgniter\Boot::bootWeb(Object(Config\Paths))
#12 C:\Program Files\Herd\resources\app.asar.unpacked\resources\valet\server.php(139): require('D:\\LOCALHOST\\hr...')
#13 {main}
CRITICAL - 2026-01-29 15:16:03 --> CodeIgniter\Database\Exceptions\DatabaseException: Unable to connect to the database.
Main connection [MySQLi]: No connection could be made because the target machine actively refused it
[Method: GET, Route: recruitment/job-listing/comments/unread-count]
in SYSTEMPATH\Database\BaseConnection.php on line 465.
 1 SYSTEMPATH\Database\BaseConnection.php(614): CodeIgniter\Database\BaseConnection->initialize()
 2 SYSTEMPATH\Database\BaseBuilder.php(1649): CodeIgniter\Database\BaseConnection->query('SELECT `rc_job_listing_comments`.*, `rc_job_listing`.*, `departments`.`hod_employee_id`
FROM `rc_job_listing_comments`
LEFT JOIN `rc_job_listing` ON `rc_job_listing`.`id` = `rc_job_listing_comments`.`listing_id`
LEFT JOIN `departments` ON `departments`.`id` = `rc_job_listing`.`department_id`
WHERE `rc_job_listing_comments`.`status` = :rc_job_listing_comments.status:
AND `rc_job_listing_comments`.`sender_id` != :rc_job_listing_comments.sender_id:', [...], false)
 3 SYSTEMPATH\Model.php(286): CodeIgniter\Database\BaseBuilder->get()
 4 SYSTEMPATH\BaseModel.php(677): CodeIgniter\Model->doFindAll(0, 0)
 5 APPPATH\Controllers\Recruitment\JobListingCommentsController.php(425): CodeIgniter\BaseModel->findAll()
 6 SYSTEMPATH\CodeIgniter.php(933): App\Controllers\Recruitment\JobListingCommentsController->getUnreadCount()
 7 SYSTEMPATH\CodeIgniter.php(507): CodeIgniter\CodeIgniter->runController(Object(App\Controllers\Recruitment\JobListingCommentsController))
 8 SYSTEMPATH\CodeIgniter.php(354): CodeIgniter\CodeIgniter->handleRequest(null, Object(Config\Cache), false)
 9 SYSTEMPATH\Boot.php(363): CodeIgniter\CodeIgniter->run()
10 SYSTEMPATH\Boot.php(68): CodeIgniter\Boot::runCodeIgniter(Object(CodeIgniter\CodeIgniter))
11 FCPATH\index.php(56): CodeIgniter\Boot::bootWeb(Object(Config\Paths))
12 C:\Program Files\Herd\resources\app.asar.unpacked\resources\valet\server.php(139): require('D:\\LOCALHOST\\hrm.healthgenie\\public\\index.php')
ERROR - 2026-01-29 15:16:07 --> Error connecting to the database: mysqli_sql_exception: No connection could be made because the target machine actively refused it in D:\LOCALHOST\hrm.healthgenie\vendor\codeigniter4\framework\system\Database\MySQLi\Connection.php:201
Stack trace:
#0 D:\LOCALHOST\hrm.healthgenie\vendor\codeigniter4\framework\system\Database\MySQLi\Connection.php(201): mysqli->real_connect('localhost', 'root', Object(SensitiveParameterValue), 'hrm.healthgenie...', 3306, '', 0)
#1 D:\LOCALHOST\hrm.healthgenie\vendor\codeigniter4\framework\system\Database\BaseConnection.php(419): CodeIgniter\Database\MySQLi\Connection->connect(false)
#2 D:\LOCALHOST\hrm.healthgenie\vendor\codeigniter4\framework\system\Database\BaseConnection.php(614): CodeIgniter\Database\BaseConnection->initialize()
#3 D:\LOCALHOST\hrm.healthgenie\vendor\codeigniter4\framework\system\Database\BaseBuilder.php(1649): CodeIgniter\Database\BaseConnection->query('SELECT `rc_job_...', Array, false)
#4 D:\LOCALHOST\hrm.healthgenie\vendor\codeigniter4\framework\system\Model.php(286): CodeIgniter\Database\BaseBuilder->get()
#5 D:\LOCALHOST\hrm.healthgenie\vendor\codeigniter4\framework\system\BaseModel.php(677): CodeIgniter\Model->doFindAll(0, 0)
#6 D:\LOCALHOST\hrm.healthgenie\app\Controllers\Recruitment\JobListingCommentsController.php(425): CodeIgniter\BaseModel->findAll()
#7 D:\LOCALHOST\hrm.healthgenie\vendor\codeigniter4\framework\system\CodeIgniter.php(933): App\Controllers\Recruitment\JobListingCommentsController->getUnreadCount()
#8 D:\LOCALHOST\hrm.healthgenie\vendor\codeigniter4\framework\system\CodeIgniter.php(507): CodeIgniter\CodeIgniter->runController(Object(App\Controllers\Recruitment\JobListingCommentsController))
#9 D:\LOCALHOST\hrm.healthgenie\vendor\codeigniter4\framework\system\CodeIgniter.php(354): CodeIgniter\CodeIgniter->handleRequest(NULL, Object(Config\Cache), false)
#10 D:\LOCALHOST\hrm.healthgenie\vendor\codeigniter4\framework\system\Boot.php(363): CodeIgniter\CodeIgniter->run()
#11 D:\LOCALHOST\hrm.healthgenie\vendor\codeigniter4\framework\system\Boot.php(68): CodeIgniter\Boot::runCodeIgniter(Object(CodeIgniter\CodeIgniter))
#12 D:\LOCALHOST\hrm.healthgenie\public\index.php(56): CodeIgniter\Boot::bootWeb(Object(Config\Paths))
#13 C:\Program Files\Herd\resources\app.asar.unpacked\resources\valet\server.php(139): require('D:\\LOCALHOST\\hr...')
#14 {main}

Next CodeIgniter\Database\Exceptions\DatabaseException: No connection could be made because the target machine actively refused it in D:\LOCALHOST\hrm.healthgenie\vendor\codeigniter4\framework\system\Database\MySQLi\Connection.php:246
Stack trace:
#0 D:\LOCALHOST\hrm.healthgenie\vendor\codeigniter4\framework\system\Database\BaseConnection.php(419): CodeIgniter\Database\MySQLi\Connection->connect(false)
#1 D:\LOCALHOST\hrm.healthgenie\vendor\codeigniter4\framework\system\Database\BaseConnection.php(614): CodeIgniter\Database\BaseConnection->initialize()
#2 D:\LOCALHOST\hrm.healthgenie\vendor\codeigniter4\framework\system\Database\BaseBuilder.php(1649): CodeIgniter\Database\BaseConnection->query('SELECT `rc_job_...', Array, false)
#3 D:\LOCALHOST\hrm.healthgenie\vendor\codeigniter4\framework\system\Model.php(286): CodeIgniter\Database\BaseBuilder->get()
#4 D:\LOCALHOST\hrm.healthgenie\vendor\codeigniter4\framework\system\BaseModel.php(677): CodeIgniter\Model->doFindAll(0, 0)
#5 D:\LOCALHOST\hrm.healthgenie\app\Controllers\Recruitment\JobListingCommentsController.php(425): CodeIgniter\BaseModel->findAll()
#6 D:\LOCALHOST\hrm.healthgenie\vendor\codeigniter4\framework\system\CodeIgniter.php(933): App\Controllers\Recruitment\JobListingCommentsController->getUnreadCount()
#7 D:\LOCALHOST\hrm.healthgenie\vendor\codeigniter4\framework\system\CodeIgniter.php(507): CodeIgniter\CodeIgniter->runController(Object(App\Controllers\Recruitment\JobListingCommentsController))
#8 D:\LOCALHOST\hrm.healthgenie\vendor\codeigniter4\framework\system\CodeIgniter.php(354): CodeIgniter\CodeIgniter->handleRequest(NULL, Object(Config\Cache), false)
#9 D:\LOCALHOST\hrm.healthgenie\vendor\codeigniter4\framework\system\Boot.php(363): CodeIgniter\CodeIgniter->run()
#10 D:\LOCALHOST\hrm.healthgenie\vendor\codeigniter4\framework\system\Boot.php(68): CodeIgniter\Boot::runCodeIgniter(Object(CodeIgniter\CodeIgniter))
#11 D:\LOCALHOST\hrm.healthgenie\public\index.php(56): CodeIgniter\Boot::bootWeb(Object(Config\Paths))
#12 C:\Program Files\Herd\resources\app.asar.unpacked\resources\valet\server.php(139): require('D:\\LOCALHOST\\hr...')
#13 {main}
CRITICAL - 2026-01-29 15:16:07 --> CodeIgniter\Database\Exceptions\DatabaseException: Unable to connect to the database.
Main connection [MySQLi]: No connection could be made because the target machine actively refused it
[Method: GET, Route: recruitment/job-listing/comments/unread-count]
in SYSTEMPATH\Database\BaseConnection.php on line 465.
 1 SYSTEMPATH\Database\BaseConnection.php(614): CodeIgniter\Database\BaseConnection->initialize()
 2 SYSTEMPATH\Database\BaseBuilder.php(1649): CodeIgniter\Database\BaseConnection->query('SELECT `rc_job_listing_comments`.*, `rc_job_listing`.*, `departments`.`hod_employee_id`
FROM `rc_job_listing_comments`
LEFT JOIN `rc_job_listing` ON `rc_job_listing`.`id` = `rc_job_listing_comments`.`listing_id`
LEFT JOIN `departments` ON `departments`.`id` = `rc_job_listing`.`department_id`
WHERE `rc_job_listing_comments`.`status` = :rc_job_listing_comments.status:
AND `rc_job_listing_comments`.`sender_id` != :rc_job_listing_comments.sender_id:', [...], false)
 3 SYSTEMPATH\Model.php(286): CodeIgniter\Database\BaseBuilder->get()
 4 SYSTEMPATH\BaseModel.php(677): CodeIgniter\Model->doFindAll(0, 0)
 5 APPPATH\Controllers\Recruitment\JobListingCommentsController.php(425): CodeIgniter\BaseModel->findAll()
 6 SYSTEMPATH\CodeIgniter.php(933): App\Controllers\Recruitment\JobListingCommentsController->getUnreadCount()
 7 SYSTEMPATH\CodeIgniter.php(507): CodeIgniter\CodeIgniter->runController(Object(App\Controllers\Recruitment\JobListingCommentsController))
 8 SYSTEMPATH\CodeIgniter.php(354): CodeIgniter\CodeIgniter->handleRequest(null, Object(Config\Cache), false)
 9 SYSTEMPATH\Boot.php(363): CodeIgniter\CodeIgniter->run()
10 SYSTEMPATH\Boot.php(68): CodeIgniter\Boot::runCodeIgniter(Object(CodeIgniter\CodeIgniter))
11 FCPATH\index.php(56): CodeIgniter\Boot::bootWeb(Object(Config\Paths))
12 C:\Program Files\Herd\resources\app.asar.unpacked\resources\valet\server.php(139): require('D:\\LOCALHOST\\hrm.healthgenie\\public\\index.php')
ERROR - 2026-01-29 15:20:02 --> Email: sendWithMail throwed ErrorException: mail(): Failed to connect to mailserver at &quot;localhost&quot; port 25, verify your &quot;SMTP&quot; and &quot;smtp_port&quot; setting in php.ini or use ini_set() in D:\LOCALHOST\hrm.healthgenie\vendor\codeigniter4\framework\system\Email\Email.php:1771
Stack trace:
#0 [internal function]: CodeIgniter\Debug\Exceptions->errorHandler(2, 'mail(): Failed ...', 'D:\\LOCALHOST\\hr...', 1771)
#1 D:\LOCALHOST\hrm.healthgenie\vendor\codeigniter4\framework\system\Email\Email.php(1771): mail('hrd@heuerintern...', '=?UTF-8?Q?Absen...', '<div style="fon...', 'Date: Thu, 29 J...', '-f app.hrm@heal...')
#2 D:\LOCALHOST\hrm.healthgenie\vendor\codeigniter4\framework\system\Email\Email.php(1703): CodeIgniter\Email\Email->sendWithMail()
#3 D:\LOCALHOST\hrm.healthgenie\vendor\codeigniter4\framework\system\Email\Email.php(1597): CodeIgniter\Email\Email->spoolEmail()
#4 D:\LOCALHOST\hrm.healthgenie\app\Controllers\Cron\ServerCron.php(390): CodeIgniter\Email\Email->send()
#5 D:\LOCALHOST\hrm.healthgenie\vendor\codeigniter4\framework\system\CodeIgniter.php(933): App\Controllers\Cron\ServerCron->sendAbsentWithoutLeaveNotificationHeuerOnly()
#6 D:\LOCALHOST\hrm.healthgenie\vendor\codeigniter4\framework\system\CodeIgniter.php(507): CodeIgniter\CodeIgniter->runController(Object(App\Controllers\Cron\ServerCron))
#7 D:\LOCALHOST\hrm.healthgenie\vendor\codeigniter4\framework\system\CodeIgniter.php(354): CodeIgniter\CodeIgniter->handleRequest(NULL, Object(Config\Cache), false)
#8 D:\LOCALHOST\hrm.healthgenie\vendor\codeigniter4\framework\system\Boot.php(363): CodeIgniter\CodeIgniter->run()
#9 D:\LOCALHOST\hrm.healthgenie\vendor\codeigniter4\framework\system\Boot.php(68): CodeIgniter\Boot::runCodeIgniter(Object(CodeIgniter\CodeIgniter))
#10 D:\LOCALHOST\hrm.healthgenie\public\index.php(56): CodeIgniter\Boot::bootWeb(Object(Config\Paths))
#11 C:\Program Files\Herd\resources\app.asar.unpacked\resources\valet\server.php(139): require('D:\\LOCALHOST\\hr...')
#12 {main}
ERROR - 2026-01-29 15:20:02 --> Email: Unable to send email using PHP mail(). Your server might not be configured to send mail using this method.
ERROR - 2026-01-29 15:20:02 --> 
ERROR - 2026-01-29 15:20:02 --> Email: sendWithMail throwed ErrorException: mail(): Failed to connect to mailserver at &quot;localhost&quot; port 25, verify your &quot;SMTP&quot; and &quot;smtp_port&quot; setting in php.ini or use ini_set() in D:\LOCALHOST\hrm.healthgenie\vendor\codeigniter4\framework\system\Email\Email.php:1771
Stack trace:
#0 [internal function]: CodeIgniter\Debug\Exceptions->errorHandler(2, 'mail(): Failed ...', 'D:\\LOCALHOST\\hr...', 1771)
#1 D:\LOCALHOST\hrm.healthgenie\vendor\codeigniter4\framework\system\Email\Email.php(1771): mail('payroll1@gstc.c...', '=?UTF-8?Q?Absen...', '\r\n             ...', 'Date: Thu, 29 J...', '-f app.hrm@heal...')
#2 D:\LOCALHOST\hrm.healthgenie\vendor\codeigniter4\framework\system\Email\Email.php(1703): CodeIgniter\Email\Email->sendWithMail()
#3 D:\LOCALHOST\hrm.healthgenie\vendor\codeigniter4\framework\system\Email\Email.php(1597): CodeIgniter\Email\Email->spoolEmail()
#4 D:\LOCALHOST\hrm.healthgenie\app\Controllers\Cron\ServerCron.php(273): CodeIgniter\Email\Email->send()
#5 D:\LOCALHOST\hrm.healthgenie\vendor\codeigniter4\framework\system\CodeIgniter.php(933): App\Controllers\Cron\ServerCron->sendAbsentWithoutLeaveNotification()
#6 D:\LOCALHOST\hrm.healthgenie\vendor\codeigniter4\framework\system\CodeIgniter.php(507): CodeIgniter\CodeIgniter->runController(Object(App\Controllers\Cron\ServerCron))
#7 D:\LOCALHOST\hrm.healthgenie\vendor\codeigniter4\framework\system\CodeIgniter.php(354): CodeIgniter\CodeIgniter->handleRequest(NULL, Object(Config\Cache), false)
#8 D:\LOCALHOST\hrm.healthgenie\vendor\codeigniter4\framework\system\Boot.php(363): CodeIgniter\CodeIgniter->run()
#9 D:\LOCALHOST\hrm.healthgenie\vendor\codeigniter4\framework\system\Boot.php(68): CodeIgniter\Boot::runCodeIgniter(Object(CodeIgniter\CodeIgniter))
#10 D:\LOCALHOST\hrm.healthgenie\public\index.php(56): CodeIgniter\Boot::bootWeb(Object(Config\Paths))
#11 C:\Program Files\Herd\resources\app.asar.unpacked\resources\valet\server.php(139): require('D:\\LOCALHOST\\hr...')
#12 {main}
ERROR - 2026-01-29 15:20:02 --> Email: Unable to send email using PHP mail(). Your server might not be configured to send mail using this method.
ERROR - 2026-01-29 15:20:02 --> 
ERROR - 2026-01-29 17:08:37 --> Email: sendWithMail throwed ErrorException: mail(): Failed to connect to mailserver at &quot;localhost&quot; port 25, verify your &quot;SMTP&quot; and &quot;smtp_port&quot; setting in php.ini or use ini_set() in D:\LOCALHOST\hrm.healthgenie\vendor\codeigniter4\framework\system\Email\Email.php:1771
Stack trace:
#0 [internal function]: CodeIgniter\Debug\Exceptions->errorHandler(2, 'mail(): Failed ...', 'D:\\LOCALHOST\\hr...', 1771)
#1 D:\LOCALHOST\hrm.healthgenie\vendor\codeigniter4\framework\system\Email\Email.php(1771): mail('hrd@heuerintern...', '=?UTF-8?Q?Absen...', '<div style="fon...', 'Date: Thu, 29 J...', '-f app.hrm@heal...')
#2 D:\LOCALHOST\hrm.healthgenie\vendor\codeigniter4\framework\system\Email\Email.php(1703): CodeIgniter\Email\Email->sendWithMail()
#3 D:\LOCALHOST\hrm.healthgenie\vendor\codeigniter4\framework\system\Email\Email.php(1597): CodeIgniter\Email\Email->spoolEmail()
#4 D:\LOCALHOST\hrm.healthgenie\app\Controllers\Cron\ServerCron.php(390): CodeIgniter\Email\Email->send()
#5 D:\LOCALHOST\hrm.healthgenie\vendor\codeigniter4\framework\system\CodeIgniter.php(933): App\Controllers\Cron\ServerCron->sendAbsentWithoutLeaveNotificationHeuerOnly()
#6 D:\LOCALHOST\hrm.healthgenie\vendor\codeigniter4\framework\system\CodeIgniter.php(507): CodeIgniter\CodeIgniter->runController(Object(App\Controllers\Cron\ServerCron))
#7 D:\LOCALHOST\hrm.healthgenie\vendor\codeigniter4\framework\system\CodeIgniter.php(354): CodeIgniter\CodeIgniter->handleRequest(NULL, Object(Config\Cache), false)
#8 D:\LOCALHOST\hrm.healthgenie\vendor\codeigniter4\framework\system\Boot.php(363): CodeIgniter\CodeIgniter->run()
#9 D:\LOCALHOST\hrm.healthgenie\vendor\codeigniter4\framework\system\Boot.php(68): CodeIgniter\Boot::runCodeIgniter(Object(CodeIgniter\CodeIgniter))
#10 D:\LOCALHOST\hrm.healthgenie\public\index.php(56): CodeIgniter\Boot::bootWeb(Object(Config\Paths))
#11 C:\Program Files\Herd\resources\app.asar.unpacked\resources\valet\server.php(139): require('D:\\LOCALHOST\\hr...')
#12 {main}
ERROR - 2026-01-29 17:08:37 --> Email: Unable to send email using PHP mail(). Your server might not be configured to send mail using this method.
ERROR - 2026-01-29 17:08:37 --> 
ERROR - 2026-01-29 17:08:38 --> Email: sendWithMail throwed ErrorException: mail(): Failed to connect to mailserver at &quot;localhost&quot; port 25, verify your &quot;SMTP&quot; and &quot;smtp_port&quot; setting in php.ini or use ini_set() in D:\LOCALHOST\hrm.healthgenie\vendor\codeigniter4\framework\system\Email\Email.php:1771
Stack trace:
#0 [internal function]: CodeIgniter\Debug\Exceptions->errorHandler(2, 'mail(): Failed ...', 'D:\\LOCALHOST\\hr...', 1771)
#1 D:\LOCALHOST\hrm.healthgenie\vendor\codeigniter4\framework\system\Email\Email.php(1771): mail('payroll1@gstc.c...', '=?UTF-8?Q?Absen...', '\r\n             ...', 'Date: Thu, 29 J...', '-f app.hrm@heal...')
#2 D:\LOCALHOST\hrm.healthgenie\vendor\codeigniter4\framework\system\Email\Email.php(1703): CodeIgniter\Email\Email->sendWithMail()
#3 D:\LOCALHOST\hrm.healthgenie\vendor\codeigniter4\framework\system\Email\Email.php(1597): CodeIgniter\Email\Email->spoolEmail()
#4 D:\LOCALHOST\hrm.healthgenie\app\Controllers\Cron\ServerCron.php(273): CodeIgniter\Email\Email->send()
#5 D:\LOCALHOST\hrm.healthgenie\vendor\codeigniter4\framework\system\CodeIgniter.php(933): App\Controllers\Cron\ServerCron->sendAbsentWithoutLeaveNotification()
#6 D:\LOCALHOST\hrm.healthgenie\vendor\codeigniter4\framework\system\CodeIgniter.php(507): CodeIgniter\CodeIgniter->runController(Object(App\Controllers\Cron\ServerCron))
#7 D:\LOCALHOST\hrm.healthgenie\vendor\codeigniter4\framework\system\CodeIgniter.php(354): CodeIgniter\CodeIgniter->handleRequest(NULL, Object(Config\Cache), false)
#8 D:\LOCALHOST\hrm.healthgenie\vendor\codeigniter4\framework\system\Boot.php(363): CodeIgniter\CodeIgniter->run()
#9 D:\LOCALHOST\hrm.healthgenie\vendor\codeigniter4\framework\system\Boot.php(68): CodeIgniter\Boot::runCodeIgniter(Object(CodeIgniter\CodeIgniter))
#10 D:\LOCALHOST\hrm.healthgenie\public\index.php(56): CodeIgniter\Boot::bootWeb(Object(Config\Paths))
#11 C:\Program Files\Herd\resources\app.asar.unpacked\resources\valet\server.php(139): require('D:\\LOCALHOST\\hr...')
#12 {main}
ERROR - 2026-01-29 17:08:38 --> Email: Unable to send email using PHP mail(). Your server might not be configured to send mail using this method.
ERROR - 2026-01-29 17:08:38 --> 
ERROR - 2026-01-29 17:10:53 --> Email: sendWithMail throwed ErrorException: mail(): Failed to connect to mailserver at &quot;localhost&quot; port 25, verify your &quot;SMTP&quot; and &quot;smtp_port&quot; setting in php.ini or use ini_set() in D:\LOCALHOST\hrm.healthgenie\vendor\codeigniter4\framework\system\Email\Email.php:1771
Stack trace:
#0 [internal function]: CodeIgniter\Debug\Exceptions->errorHandler(2, 'mail(): Failed ...', 'D:\\LOCALHOST\\hr...', 1771)
#1 D:\LOCALHOST\hrm.healthgenie\vendor\codeigniter4\framework\system\Email\Email.php(1771): mail('payroll1@gstc.c...', '=?UTF-8?Q?Absen...', '\r\n             ...', 'Date: Thu, 29 J...', '-f app.hrm@heal...')
#2 D:\LOCALHOST\hrm.healthgenie\vendor\codeigniter4\framework\system\Email\Email.php(1703): CodeIgniter\Email\Email->sendWithMail()
#3 D:\LOCALHOST\hrm.healthgenie\vendor\codeigniter4\framework\system\Email\Email.php(1597): CodeIgniter\Email\Email->spoolEmail()
#4 D:\LOCALHOST\hrm.healthgenie\app\Controllers\Cron\ServerCron.php(273): CodeIgniter\Email\Email->send()
#5 D:\LOCALHOST\hrm.healthgenie\vendor\codeigniter4\framework\system\CodeIgniter.php(933): App\Controllers\Cron\ServerCron->sendAbsentWithoutLeaveNotification()
#6 D:\LOCALHOST\hrm.healthgenie\vendor\codeigniter4\framework\system\CodeIgniter.php(507): CodeIgniter\CodeIgniter->runController(Object(App\Controllers\Cron\ServerCron))
#7 D:\LOCALHOST\hrm.healthgenie\vendor\codeigniter4\framework\system\CodeIgniter.php(354): CodeIgniter\CodeIgniter->handleRequest(NULL, Object(Config\Cache), false)
#8 D:\LOCALHOST\hrm.healthgenie\vendor\codeigniter4\framework\system\Boot.php(363): CodeIgniter\CodeIgniter->run()
#9 D:\LOCALHOST\hrm.healthgenie\vendor\codeigniter4\framework\system\Boot.php(68): CodeIgniter\Boot::runCodeIgniter(Object(CodeIgniter\CodeIgniter))
#10 D:\LOCALHOST\hrm.healthgenie\public\index.php(56): CodeIgniter\Boot::bootWeb(Object(Config\Paths))
#11 C:\Program Files\Herd\resources\app.asar.unpacked\resources\valet\server.php(139): require('D:\\LOCALHOST\\hr...')
#12 {main}
ERROR - 2026-01-29 17:10:53 --> Email: Unable to send email using PHP mail(). Your server might not be configured to send mail using this method.
ERROR - 2026-01-29 17:10:53 --> 
ERROR - 2026-01-29 17:10:54 --> Email: sendWithMail throwed ErrorException: mail(): Failed to connect to mailserver at &quot;localhost&quot; port 25, verify your &quot;SMTP&quot; and &quot;smtp_port&quot; setting in php.ini or use ini_set() in D:\LOCALHOST\hrm.healthgenie\vendor\codeigniter4\framework\system\Email\Email.php:1771
Stack trace:
#0 [internal function]: CodeIgniter\Debug\Exceptions->errorHandler(2, 'mail(): Failed ...', 'D:\\LOCALHOST\\hr...', 1771)
#1 D:\LOCALHOST\hrm.healthgenie\vendor\codeigniter4\framework\system\Email\Email.php(1771): mail('hrd@heuerintern...', '=?UTF-8?Q?Absen...', '<div style="fon...', 'Date: Thu, 29 J...', '-f app.hrm@heal...')
#2 D:\LOCALHOST\hrm.healthgenie\vendor\codeigniter4\framework\system\Email\Email.php(1703): CodeIgniter\Email\Email->sendWithMail()
#3 D:\LOCALHOST\hrm.healthgenie\vendor\codeigniter4\framework\system\Email\Email.php(1597): CodeIgniter\Email\Email->spoolEmail()
#4 D:\LOCALHOST\hrm.healthgenie\app\Controllers\Cron\ServerCron.php(390): CodeIgniter\Email\Email->send()
#5 D:\LOCALHOST\hrm.healthgenie\vendor\codeigniter4\framework\system\CodeIgniter.php(933): App\Controllers\Cron\ServerCron->sendAbsentWithoutLeaveNotificationHeuerOnly()
#6 D:\LOCALHOST\hrm.healthgenie\vendor\codeigniter4\framework\system\CodeIgniter.php(507): CodeIgniter\CodeIgniter->runController(Object(App\Controllers\Cron\ServerCron))
#7 D:\LOCALHOST\hrm.healthgenie\vendor\codeigniter4\framework\system\CodeIgniter.php(354): CodeIgniter\CodeIgniter->handleRequest(NULL, Object(Config\Cache), false)
#8 D:\LOCALHOST\hrm.healthgenie\vendor\codeigniter4\framework\system\Boot.php(363): CodeIgniter\CodeIgniter->run()
#9 D:\LOCALHOST\hrm.healthgenie\vendor\codeigniter4\framework\system\Boot.php(68): CodeIgniter\Boot::runCodeIgniter(Object(CodeIgniter\CodeIgniter))
#10 D:\LOCALHOST\hrm.healthgenie\public\index.php(56): CodeIgniter\Boot::bootWeb(Object(Config\Paths))
#11 C:\Program Files\Herd\resources\app.asar.unpacked\resources\valet\server.php(139): require('D:\\LOCALHOST\\hr...')
#12 {main}
ERROR - 2026-01-29 17:10:54 --> Email: Unable to send email using PHP mail(). Your server might not be configured to send mail using this method.
ERROR - 2026-01-29 17:10:54 --> 
ERROR - 2026-01-29 17:49:49 --> Email: sendWithMail throwed ErrorException: mail(): Failed to connect to mailserver at &quot;localhost&quot; port 25, verify your &quot;SMTP&quot; and &quot;smtp_port&quot; setting in php.ini or use ini_set() in D:\LOCALHOST\hrm.healthgenie\vendor\codeigniter4\framework\system\Email\Email.php:1771
Stack trace:
#0 [internal function]: CodeIgniter\Debug\Exceptions->errorHandler(2, 'mail(): Failed ...', 'D:\\LOCALHOST\\hr...', 1771)
#1 D:\LOCALHOST\hrm.healthgenie\vendor\codeigniter4\framework\system\Email\Email.php(1771): mail('payroll1@gstc.c...', '=?UTF-8?Q?Absen...', '\r\n             ...', 'Date: Thu, 29 J...', '-f app.hrm@heal...')
#2 D:\LOCALHOST\hrm.healthgenie\vendor\codeigniter4\framework\system\Email\Email.php(1703): CodeIgniter\Email\Email->sendWithMail()
#3 D:\LOCALHOST\hrm.healthgenie\vendor\codeigniter4\framework\system\Email\Email.php(1597): CodeIgniter\Email\Email->spoolEmail()
#4 D:\LOCALHOST\hrm.healthgenie\app\Controllers\Cron\ServerCron.php(273): CodeIgniter\Email\Email->send()
#5 D:\LOCALHOST\hrm.healthgenie\vendor\codeigniter4\framework\system\CodeIgniter.php(933): App\Controllers\Cron\ServerCron->sendAbsentWithoutLeaveNotification()
#6 D:\LOCALHOST\hrm.healthgenie\vendor\codeigniter4\framework\system\CodeIgniter.php(507): CodeIgniter\CodeIgniter->runController(Object(App\Controllers\Cron\ServerCron))
#7 D:\LOCALHOST\hrm.healthgenie\vendor\codeigniter4\framework\system\CodeIgniter.php(354): CodeIgniter\CodeIgniter->handleRequest(NULL, Object(Config\Cache), false)
#8 D:\LOCALHOST\hrm.healthgenie\vendor\codeigniter4\framework\system\Boot.php(363): CodeIgniter\CodeIgniter->run()
#9 D:\LOCALHOST\hrm.healthgenie\vendor\codeigniter4\framework\system\Boot.php(68): CodeIgniter\Boot::runCodeIgniter(Object(CodeIgniter\CodeIgniter))
#10 D:\LOCALHOST\hrm.healthgenie\public\index.php(56): CodeIgniter\Boot::bootWeb(Object(Config\Paths))
#11 C:\Program Files\Herd\resources\app.asar.unpacked\resources\valet\server.php(139): require('D:\\LOCALHOST\\hr...')
#12 {main}
ERROR - 2026-01-29 17:49:49 --> Email: Unable to send email using PHP mail(). Your server might not be configured to send mail using this method.
ERROR - 2026-01-29 17:49:49 --> 
ERROR - 2026-01-29 17:49:50 --> Email: sendWithMail throwed ErrorException: mail(): Failed to connect to mailserver at &quot;localhost&quot; port 25, verify your &quot;SMTP&quot; and &quot;smtp_port&quot; setting in php.ini or use ini_set() in D:\LOCALHOST\hrm.healthgenie\vendor\codeigniter4\framework\system\Email\Email.php:1771
Stack trace:
#0 [internal function]: CodeIgniter\Debug\Exceptions->errorHandler(2, 'mail(): Failed ...', 'D:\\LOCALHOST\\hr...', 1771)
#1 D:\LOCALHOST\hrm.healthgenie\vendor\codeigniter4\framework\system\Email\Email.php(1771): mail('hrd@heuerintern...', '=?UTF-8?Q?Absen...', '<div style="fon...', 'Date: Thu, 29 J...', '-f app.hrm@heal...')
#2 D:\LOCALHOST\hrm.healthgenie\vendor\codeigniter4\framework\system\Email\Email.php(1703): CodeIgniter\Email\Email->sendWithMail()
#3 D:\LOCALHOST\hrm.healthgenie\vendor\codeigniter4\framework\system\Email\Email.php(1597): CodeIgniter\Email\Email->spoolEmail()
#4 D:\LOCALHOST\hrm.healthgenie\app\Controllers\Cron\ServerCron.php(390): CodeIgniter\Email\Email->send()
#5 D:\LOCALHOST\hrm.healthgenie\vendor\codeigniter4\framework\system\CodeIgniter.php(933): App\Controllers\Cron\ServerCron->sendAbsentWithoutLeaveNotificationHeuerOnly()
#6 D:\LOCALHOST\hrm.healthgenie\vendor\codeigniter4\framework\system\CodeIgniter.php(507): CodeIgniter\CodeIgniter->runController(Object(App\Controllers\Cron\ServerCron))
#7 D:\LOCALHOST\hrm.healthgenie\vendor\codeigniter4\framework\system\CodeIgniter.php(354): CodeIgniter\CodeIgniter->handleRequest(NULL, Object(Config\Cache), false)
#8 D:\LOCALHOST\hrm.healthgenie\vendor\codeigniter4\framework\system\Boot.php(363): CodeIgniter\CodeIgniter->run()
#9 D:\LOCALHOST\hrm.healthgenie\vendor\codeigniter4\framework\system\Boot.php(68): CodeIgniter\Boot::runCodeIgniter(Object(CodeIgniter\CodeIgniter))
#10 D:\LOCALHOST\hrm.healthgenie\public\index.php(56): CodeIgniter\Boot::bootWeb(Object(Config\Paths))
#11 C:\Program Files\Herd\resources\app.asar.unpacked\resources\valet\server.php(139): require('D:\\LOCALHOST\\hr...')
#12 {main}
ERROR - 2026-01-29 17:49:50 --> Email: Unable to send email using PHP mail(). Your server might not be configured to send mail using this method.
ERROR - 2026-01-29 17:49:50 --> 
ERROR - 2026-01-29 18:24:23 --> Email: sendWithMail throwed ErrorException: mail(): Failed to connect to mailserver at &quot;localhost&quot; port 25, verify your &quot;SMTP&quot; and &quot;smtp_port&quot; setting in php.ini or use ini_set() in D:\LOCALHOST\hrm.healthgenie\vendor\codeigniter4\framework\system\Email\Email.php:1771
Stack trace:
#0 [internal function]: CodeIgniter\Debug\Exceptions->errorHandler(2, 'mail(): Failed ...', 'D:\\LOCALHOST\\hr...', 1771)
#1 D:\LOCALHOST\hrm.healthgenie\vendor\codeigniter4\framework\system\Email\Email.php(1771): mail('hrd@heuerintern...', '=?UTF-8?Q?Absen...', '<div style="fon...', 'Date: Thu, 29 J...', '-f app.hrm@heal...')
#2 D:\LOCALHOST\hrm.healthgenie\vendor\codeigniter4\framework\system\Email\Email.php(1703): CodeIgniter\Email\Email->sendWithMail()
#3 D:\LOCALHOST\hrm.healthgenie\vendor\codeigniter4\framework\system\Email\Email.php(1597): CodeIgniter\Email\Email->spoolEmail()
#4 D:\LOCALHOST\hrm.healthgenie\app\Controllers\Cron\ServerCron.php(390): CodeIgniter\Email\Email->send()
#5 D:\LOCALHOST\hrm.healthgenie\vendor\codeigniter4\framework\system\CodeIgniter.php(933): App\Controllers\Cron\ServerCron->sendAbsentWithoutLeaveNotificationHeuerOnly()
#6 D:\LOCALHOST\hrm.healthgenie\vendor\codeigniter4\framework\system\CodeIgniter.php(507): CodeIgniter\CodeIgniter->runController(Object(App\Controllers\Cron\ServerCron))
#7 D:\LOCALHOST\hrm.healthgenie\vendor\codeigniter4\framework\system\CodeIgniter.php(354): CodeIgniter\CodeIgniter->handleRequest(NULL, Object(Config\Cache), false)
#8 D:\LOCALHOST\hrm.healthgenie\vendor\codeigniter4\framework\system\Boot.php(363): CodeIgniter\CodeIgniter->run()
#9 D:\LOCALHOST\hrm.healthgenie\vendor\codeigniter4\framework\system\Boot.php(68): CodeIgniter\Boot::runCodeIgniter(Object(CodeIgniter\CodeIgniter))
#10 D:\LOCALHOST\hrm.healthgenie\public\index.php(56): CodeIgniter\Boot::bootWeb(Object(Config\Paths))
#11 C:\Program Files\Herd\resources\app.asar.unpacked\resources\valet\server.php(139): require('D:\\LOCALHOST\\hr...')
#12 {main}
ERROR - 2026-01-29 18:24:23 --> Email: Unable to send email using PHP mail(). Your server might not be configured to send mail using this method.
ERROR - 2026-01-29 18:24:23 --> 
ERROR - 2026-01-29 18:24:25 --> Email: sendWithMail throwed ErrorException: mail(): Failed to connect to mailserver at &quot;localhost&quot; port 25, verify your &quot;SMTP&quot; and &quot;smtp_port&quot; setting in php.ini or use ini_set() in D:\LOCALHOST\hrm.healthgenie\vendor\codeigniter4\framework\system\Email\Email.php:1771
Stack trace:
#0 [internal function]: CodeIgniter\Debug\Exceptions->errorHandler(2, 'mail(): Failed ...', 'D:\\LOCALHOST\\hr...', 1771)
#1 D:\LOCALHOST\hrm.healthgenie\vendor\codeigniter4\framework\system\Email\Email.php(1771): mail('payroll1@gstc.c...', '=?UTF-8?Q?Absen...', '\r\n             ...', 'Date: Thu, 29 J...', '-f app.hrm@heal...')
#2 D:\LOCALHOST\hrm.healthgenie\vendor\codeigniter4\framework\system\Email\Email.php(1703): CodeIgniter\Email\Email->sendWithMail()
#3 D:\LOCALHOST\hrm.healthgenie\vendor\codeigniter4\framework\system\Email\Email.php(1597): CodeIgniter\Email\Email->spoolEmail()
#4 D:\LOCALHOST\hrm.healthgenie\app\Controllers\Cron\ServerCron.php(273): CodeIgniter\Email\Email->send()
#5 D:\LOCALHOST\hrm.healthgenie\vendor\codeigniter4\framework\system\CodeIgniter.php(933): App\Controllers\Cron\ServerCron->sendAbsentWithoutLeaveNotification()
#6 D:\LOCALHOST\hrm.healthgenie\vendor\codeigniter4\framework\system\CodeIgniter.php(507): CodeIgniter\CodeIgniter->runController(Object(App\Controllers\Cron\ServerCron))
#7 D:\LOCALHOST\hrm.healthgenie\vendor\codeigniter4\framework\system\CodeIgniter.php(354): CodeIgniter\CodeIgniter->handleRequest(NULL, Object(Config\Cache), false)
#8 D:\LOCALHOST\hrm.healthgenie\vendor\codeigniter4\framework\system\Boot.php(363): CodeIgniter\CodeIgniter->run()
#9 D:\LOCALHOST\hrm.healthgenie\vendor\codeigniter4\framework\system\Boot.php(68): CodeIgniter\Boot::runCodeIgniter(Object(CodeIgniter\CodeIgniter))
#10 D:\LOCALHOST\hrm.healthgenie\public\index.php(56): CodeIgniter\Boot::bootWeb(Object(Config\Paths))
#11 C:\Program Files\Herd\resources\app.asar.unpacked\resources\valet\server.php(139): require('D:\\LOCALHOST\\hr...')
#12 {main}
ERROR - 2026-01-29 18:24:25 --> Email: Unable to send email using PHP mail(). Your server might not be configured to send mail using this method.
ERROR - 2026-01-29 18:24:25 --> 
ERROR - 2026-01-29 18:28:53 --> Email: sendWithMail throwed ErrorException: mail(): Failed to connect to mailserver at &quot;localhost&quot; port 25, verify your &quot;SMTP&quot; and &quot;smtp_port&quot; setting in php.ini or use ini_set() in D:\LOCALHOST\hrm.healthgenie\vendor\codeigniter4\framework\system\Email\Email.php:1771
Stack trace:
#0 [internal function]: CodeIgniter\Debug\Exceptions->errorHandler(2, 'mail(): Failed ...', 'D:\\LOCALHOST\\hr...', 1771)
#1 D:\LOCALHOST\hrm.healthgenie\vendor\codeigniter4\framework\system\Email\Email.php(1771): mail('payroll1@gstc.c...', '=?UTF-8?Q?Absen...', '\r\n             ...', 'Date: Thu, 29 J...', '-f app.hrm@heal...')
#2 D:\LOCALHOST\hrm.healthgenie\vendor\codeigniter4\framework\system\Email\Email.php(1703): CodeIgniter\Email\Email->sendWithMail()
#3 D:\LOCALHOST\hrm.healthgenie\vendor\codeigniter4\framework\system\Email\Email.php(1597): CodeIgniter\Email\Email->spoolEmail()
#4 D:\LOCALHOST\hrm.healthgenie\app\Controllers\Cron\ServerCron.php(273): CodeIgniter\Email\Email->send()
#5 D:\LOCALHOST\hrm.healthgenie\vendor\codeigniter4\framework\system\CodeIgniter.php(933): App\Controllers\Cron\ServerCron->sendAbsentWithoutLeaveNotification()
#6 D:\LOCALHOST\hrm.healthgenie\vendor\codeigniter4\framework\system\CodeIgniter.php(507): CodeIgniter\CodeIgniter->runController(Object(App\Controllers\Cron\ServerCron))
#7 D:\LOCALHOST\hrm.healthgenie\vendor\codeigniter4\framework\system\CodeIgniter.php(354): CodeIgniter\CodeIgniter->handleRequest(NULL, Object(Config\Cache), false)
#8 D:\LOCALHOST\hrm.healthgenie\vendor\codeigniter4\framework\system\Boot.php(363): CodeIgniter\CodeIgniter->run()
#9 D:\LOCALHOST\hrm.healthgenie\vendor\codeigniter4\framework\system\Boot.php(68): CodeIgniter\Boot::runCodeIgniter(Object(CodeIgniter\CodeIgniter))
#10 D:\LOCALHOST\hrm.healthgenie\public\index.php(56): CodeIgniter\Boot::bootWeb(Object(Config\Paths))
#11 C:\Program Files\Herd\resources\app.asar.unpacked\resources\valet\server.php(139): require('D:\\LOCALHOST\\hr...')
#12 {main}
ERROR - 2026-01-29 18:28:53 --> Email: Unable to send email using PHP mail(). Your server might not be configured to send mail using this method.
ERROR - 2026-01-29 18:28:53 --> 
ERROR - 2026-01-29 18:28:54 --> Email: sendWithMail throwed ErrorException: mail(): Failed to connect to mailserver at &quot;localhost&quot; port 25, verify your &quot;SMTP&quot; and &quot;smtp_port&quot; setting in php.ini or use ini_set() in D:\LOCALHOST\hrm.healthgenie\vendor\codeigniter4\framework\system\Email\Email.php:1771
Stack trace:
#0 [internal function]: CodeIgniter\Debug\Exceptions->errorHandler(2, 'mail(): Failed ...', 'D:\\LOCALHOST\\hr...', 1771)
#1 D:\LOCALHOST\hrm.healthgenie\vendor\codeigniter4\framework\system\Email\Email.php(1771): mail('hrd@heuerintern...', '=?UTF-8?Q?Absen...', '<div style="fon...', 'Date: Thu, 29 J...', '-f app.hrm@heal...')
#2 D:\LOCALHOST\hrm.healthgenie\vendor\codeigniter4\framework\system\Email\Email.php(1703): CodeIgniter\Email\Email->sendWithMail()
#3 D:\LOCALHOST\hrm.healthgenie\vendor\codeigniter4\framework\system\Email\Email.php(1597): CodeIgniter\Email\Email->spoolEmail()
#4 D:\LOCALHOST\hrm.healthgenie\app\Controllers\Cron\ServerCron.php(390): CodeIgniter\Email\Email->send()
#5 D:\LOCALHOST\hrm.healthgenie\vendor\codeigniter4\framework\system\CodeIgniter.php(933): App\Controllers\Cron\ServerCron->sendAbsentWithoutLeaveNotificationHeuerOnly()
#6 D:\LOCALHOST\hrm.healthgenie\vendor\codeigniter4\framework\system\CodeIgniter.php(507): CodeIgniter\CodeIgniter->runController(Object(App\Controllers\Cron\ServerCron))
#7 D:\LOCALHOST\hrm.healthgenie\vendor\codeigniter4\framework\system\CodeIgniter.php(354): CodeIgniter\CodeIgniter->handleRequest(NULL, Object(Config\Cache), false)
#8 D:\LOCALHOST\hrm.healthgenie\vendor\codeigniter4\framework\system\Boot.php(363): CodeIgniter\CodeIgniter->run()
#9 D:\LOCALHOST\hrm.healthgenie\vendor\codeigniter4\framework\system\Boot.php(68): CodeIgniter\Boot::runCodeIgniter(Object(CodeIgniter\CodeIgniter))
#10 D:\LOCALHOST\hrm.healthgenie\public\index.php(56): CodeIgniter\Boot::bootWeb(Object(Config\Paths))
#11 C:\Program Files\Herd\resources\app.asar.unpacked\resources\valet\server.php(139): require('D:\\LOCALHOST\\hr...')
#12 {main}
ERROR - 2026-01-29 18:28:54 --> Email: Unable to send email using PHP mail(). Your server might not be configured to send mail using this method.
ERROR - 2026-01-29 18:28:54 --> 
