
CodeIgniter v4.6.3 Command Line Tool - Server Time: 2026-02-04 06:59:14 UTC+00:00

Worker #4: Starting with 13 employees
Processing has Started at 2026-02-04 06:59:15
Processing batch #1
→ Employee ID: 102 - Processing...
✅ Success: SAPNA NISHA
→ Done in 23.3051 seconds

→ Employee ID: 108 - Processing...
✅ Success: PRATUL KUMAR SINGH
→ Done in 31.0069 seconds

→ Employee ID: 114 - Processing...
✅ Success: PRABHU NATH PRASAD
→ Done in 40.1174 seconds

→ Employee ID: 115 - Processing...
✅ Success: ANAND MANDAL
→ Done in 29.3189 seconds

→ Employee ID: 118 - Processing...
✅ Success: VIJAY KUMAR
→ Done in 33.5101 seconds

→ Employee ID: 145 - Processing...
✅ Success: Aditya Kumar Urf Avdhesh Kumar
→ Done in 30.2826 seconds

→ Employee ID: 146 - Processing...
✅ Success: Ajay Kumar
→ Done in 37.6334 seconds

→ Employee ID: 148 - Processing...
✅ Success: Amarpal
→ Done in 34.7356 seconds

→ Employee ID: 152 - Processing...
✅ Success: Anil Bhati
→ Done in 32.6807 seconds

→ Employee ID: 153 - Processing...
✅ Success: Anjani Kumar
→ Done in 31.9107 seconds

→ Employee ID: 154 - Processing...
✅ Success: Anshul Kumar
→ Done in 30.4402 seconds

→ Employee ID: 160 - Processing...
✅ Success: Devendra Kumar Gupta
→ Done in 39.135 seconds

→ Employee ID: 161 - Processing...
✅ Success: Dinesh Kumar
→ Done in 31.4732 seconds

Completed batch #1
Processing has completed at 2026-02-04 07:06:20
Worker #4: Completed processing
