
CodeIgniter v4.6.3 Command Line Tool - Server Time: 2026-01-13 07:01:38 UTC+00:00

Worker #3: Starting with 13 employees
Processing has Started at 2026-01-13 07:01:39
Processing batch #1
→ Employee ID: 59 - Processing...
✅ Success: KAMAL RAM
→ Done in 52.8101 seconds

→ Employee ID: 61 - Processing...
✅ Success: ASHOK KUMAR
→ Done in 63.4371 seconds

→ Employee ID: 62 - Processing...
✅ Success: ASHOK KUMAR
→ Done in 51.8869 seconds

→ Employee ID: 64 - Processing...
✅ Success: SACHIN KUMAR
→ Done in 55.4325 seconds

→ Employee ID: 65 - Processing...
✅ Success: ASHU KUMAR
→ Done in 49.8305 seconds

→ Employee ID: 68 - Processing...
✅ Success: HITESH KUMAR
→ Done in 47.7868 seconds

→ Employee ID: 76 - Processing...
✅ Success: MANU KOCHHAR
→ Done in 70.7928 seconds

→ Employee ID: 79 - Processing...
✅ Success: SANJEEV KUMAR JHA
→ Done in 54.8042 seconds

→ Employee ID: 87 - Processing...
✅ Success: SUNDER GIRI
→ Done in 77.2125 seconds

→ Employee ID: 92 - Processing...
✅ Success: WALI AHMAD
→ Done in 69.8777 seconds

→ Employee ID: 93 - Processing...
✅ Success: SANTURAM GURUNG
→ Done in 59.4372 seconds

→ Employee ID: 94 - Processing...
✅ Success: Sanjeev Kumar
→ Done in 48.4045 seconds

→ Employee ID: 101 - Processing...
✅ Success: DINESH KUMAR RAJAK
→ Done in 42.3261 seconds

Completed batch #1
Processing has completed at 2026-01-13 07:14:03
Worker #3: Completed processing
