
CodeIgniter v4.6.3 Command Line Tool - Server Time: 2026-02-04 06:59:16 UTC+00:00

Worker #11: Starting with 13 employees
Processing has Started at 2026-02-04 06:59:18
Processing batch #1
→ Employee ID: 402 - Processing...
✅ Success: Brijesh
→ Done in 43.5483 seconds

→ Employee ID: 403 - Processing...
✅ Success: Satish Kumar Maurya
→ Done in 36.4314 seconds

→ Employee ID: 404 - Processing...
✅ Success: Dinesh
→ Done in 36.2656 seconds

→ Employee ID: 406 - Processing...
✅ Success: Aamir Husain
→ Done in 37.1402 seconds

→ Employee ID: 407 - Processing...
✅ Success: Ranjit Kumar Gautam
→ Done in 41.6889 seconds

→ Employee ID: 408 - Processing...
✅ Success: Ashutosh Kumar Pal
→ Done in 33.8342 seconds

→ Employee ID: 411 - Processing...
✅ Success: Deepak Kumar
→ Done in 32.0717 seconds

→ Employee ID: 412 - Processing...
✅ Success: Vinod Kumar
→ Done in 37.8707 seconds

→ Employee ID: 413 - Processing...
✅ Success: Anjeet Kumar Chaurasiya
→ Done in 41.3593 seconds

→ Employee ID: 415 - Processing...
✅ Success: Kripa Shankar
→ Done in 30.1804 seconds

→ Employee ID: 416 - Processing...
✅ Success: Adarsh Kumar
→ Done in 36.2839 seconds

→ Employee ID: 417 - Processing...
✅ Success: Girraj Kumar
→ Done in 24.4492 seconds

→ Employee ID: 425 - Processing...
✅ Success: Abhishek Dwivedi
→ Done in 8.68 seconds

Completed batch #1
Processing has completed at 2026-02-04 07:06:38
Worker #11: Completed processing
