
CodeIgniter v4.6.3 Command Line Tool - Server Time: 2026-01-13 07:01:37 UTC+00:00

Worker #1: Starting with 13 employees
Processing has Started at 2026-01-13 07:01:38
Processing batch #1
→ Employee ID: 19 - Processing...
✅ Success: TAHIR GHANI
→ Done in 53.473 seconds

→ Employee ID: 20 - Processing...
✅ Success: ATHAR ALI
→ Done in 64.3216 seconds

→ Employee ID: 22 - Processing...
✅ Success: MD MUSHTAQUE AHMAD
→ Done in 51.0584 seconds

→ Employee ID: 23 - Processing...
✅ Success: RAVINDRA SINGH BISHT
→ Done in 55.457 seconds

→ Employee ID: 25 - Processing...
✅ Success: DAMAN SINGH BEDI
→ Done in 49.3243 seconds

→ Employee ID: 27 - Processing...
✅ Success: SHAMSHER KHAN
→ Done in 48.2565 seconds

→ Employee ID: 30 - Processing...
✅ Success: PRAMOD KUMAR PANDEY
→ Done in 72.0169 seconds

→ Employee ID: 31 - Processing...
✅ Success: AFAQ AHMAD
→ Done in 53.6263 seconds

→ Employee ID: 32 - Processing...
✅ Success: VIJENDRA SINGH
→ Done in 77.091 seconds

→ Employee ID: 33 - Processing...
✅ Success: RAIS KHAN
→ Done in 60.5583 seconds

→ Employee ID: 34 - Processing...
✅ Success: DEBASISH SIKDAR
→ Done in 68.9302 seconds

→ Employee ID: 36 - Processing...
✅ Success: GYAN SINGH
→ Done in 48.0021 seconds

→ Employee ID: 37 - Processing...
✅ Success: MITHILESH KUMAR
→ Done in 41.8612 seconds

Completed batch #1
Processing has completed at 2026-01-13 07:14:02
Worker #1: Completed processing
