
CodeIgniter v4.6.3 Command Line Tool - Server Time: 2026-01-13 07:02:07 UTC+00:00

Worker #19: Starting with 11 employees
Processing has Started at 2026-01-13 07:02:09
Processing batch #1
→ Employee ID: 573 - Processing...
✅ Success: Abhishek Singh
→ Done in 43.1449 seconds

→ Employee ID: 574 - Processing...
✅ Success: Shivkesh
→ Done in 54.0569 seconds

→ Employee ID: 575 - Processing...
✅ Success: Rakesh Kumar
→ Done in 52.6117 seconds

→ Employee ID: 576 - Processing...
✅ Success: Shyamu
→ Done in 43.948 seconds

→ Employee ID: 577 - Processing...
✅ Success: Chandar Sah
→ Done in 46.6134 seconds

→ Employee ID: 578 - Processing...
✅ Success: Abhishek Mehta
→ Done in 48.8474 seconds

→ Employee ID: 579 - Processing...
✅ Success: Sanjay Singh
→ Done in 44.1774 seconds

→ Employee ID: 580 - Processing...
✅ Success: Biswajeet Rout
→ Done in 51.4105 seconds

→ Employee ID: 581 - Processing...
✅ Success: Manjeet Kumar
→ Done in 53.06 seconds

→ Employee ID: 582 - Processing...
✅ Success: Mohit
→ Done in 76.3522 seconds

→ Employee ID: 583 - Processing...
✅ Success: Jitender Kadyan
→ Done in 67.3737 seconds

Completed batch #1
Processing has completed at 2026-01-13 07:11:51
Worker #19: Completed processing
